[program started on Mon Jan 18 23:07:38 2016] 
[command line arguments] 
[----------------------] 
-------------------------------------------------------------------------------- 
LSTM for VQA 
-------------------------------------------------------------------------------- 
loading COCOQA datasets 
Remove determiner done. 
loading features 
num train = 78736 
num test  = 38948 
-------------------------------------------------------------------------------- 
model configuration 
-------------------------------------------------------------------------------- 
max epochs                = 100 
num params                = 616130 
num compositional params  = 121200 
word vector dim           = 50 
LSTM memory dim           = 150 
LSTM structure            = lstm 
LSTM layers               = 1 
regularization strength   = 1.00e-04 
minibatch size            = 1 
learning rate             = 5.00e-02 
word vector learning rate = 1.00e-01 
dropout                   = true 
cuda                      = true 
image feature dim         = 1000 
-------------------------------------------------------------------------------- 
Training model 
-------------------------------------------------------------------------------- 
-- epoch 1 
-- finished epoch in 1338.47s 
-- train score: 0.31785968299126, cost 891.94s 
-- test score: 0.30296805997741, cost 438.55s 
-- epoch 2 
-- finished epoch in 1294.18s 
-- train score: 0.38886913229018, cost 888.55s 
-- test score: 0.362046831673, cost 438.88s 
-- epoch 3 
-- finished epoch in 1294.25s 
-- train score: 0.42190357650884, cost 886.41s 
-- test score: 0.3836140495019, cost 438.01s 
-- epoch 4 
-- finished epoch in 1294.17s 
-- train score: 0.4468984962406, cost 887.33s 
-- test score: 0.39747868953476, cost 437.97s 
-- epoch 5 
-- finished epoch in 1292.79s 
-- train score: 0.4715250965251, cost 886.63s 
-- test score: 0.41165143267947, cost 438.27s 
-- epoch 6 
-- finished epoch in 1291.94s 
-- train score: 0.48954734809998, cost 886.59s 
-- test score: 0.41840402588066, cost 438.14s 
-- epoch 7 
-- finished epoch in 1295.59s 
-- train score: 0.50375939849624, cost 886.65s 
-- test score: 0.42066344870083, cost 438.43s 
-- epoch 8 
-- finished epoch in 1294.42s 
-- train score: 0.51886049583418, cost 887.88s 
-- test score: 0.42489986648865, cost 438.46s 
-- epoch 9 
-- finished epoch in 1293.11s 
-- train score: 0.53039270473481, cost 886.52s 
-- test score: 0.42631200575126, cost 437.93s 
-- epoch 10 
-- finished epoch in 1294.11s 
-- train score: 0.54108666937614, cost 887.52s 
-- test score: 0.42982951627811, cost 438.20s 
-- epoch 11 
-- finished epoch in 1294.35s 
-- train score: 0.55293639504166, cost 887.71s 
-- test score: 0.43049707302044, cost 438.56s 
-- epoch 12 
-- finished epoch in 1292.45s 
-- train score: 0.56187766714082, cost 886.13s 
-- test score: 0.43298757317449, cost 438.06s 
-- epoch 13 
-- finished epoch in 1293.14s 
-- train score: 0.57045061979273, cost 886.16s 
-- test score: 0.43000924309336, cost 437.83s 
-- epoch 14 
-- finished epoch in 1293.36s 
-- train score: 0.57967130664499, cost 886.88s 
-- test score: 0.43201191332032, cost 438.10s 
-- epoch 15 
-- finished epoch in 1294.45s 
-- train score: 0.58687258687259, cost 886.75s 
-- test score: 0.43119030502208, cost 437.93s 
-- epoch 16 
-- finished epoch in 1291.60s 
-- train score: 0.58989534647429, cost 886.27s 
-- test score: 0.43139570709664, cost 438.42s 
-- epoch 17 
-- finished epoch in 1293.34s 
-- train score: 0.5998399715505, cost 886.67s 
-- test score: 0.43154975865256, cost 438.24s 
-- epoch 18 
-- finished epoch in 1290.98s 
-- train score: 0.605631477342, cost 885.62s 
-- test score: 0.43011194413064, cost 438.31s 
-- epoch 19 
-- finished epoch in 1290.32s 
-- train score: 0.61538559235928, cost 885.89s 
-- test score: 0.4308308513916, cost 437.84s 
-- epoch 20 
-- finished epoch in 1290.47s 
-- train score: 0.62234555984556, cost 885.94s 
-- test score: 0.42923898531375, cost 437.91s 
-- epoch 21 
-- finished epoch in 1292.26s 
-- train score: 0.62667648851859, cost 887.24s 
-- test score: 0.42800657286639, cost 438.08s 
-- epoch 22 
-- finished epoch in 1295.88s 
-- train score: 0.63244259296891, cost 887.72s 
-- test score: 0.42731334086474, cost 438.35s 
-- epoch 23 
-- finished epoch in 1291.23s 
-- train score: 0.63706563706564, cost 887.22s 
-- test score: 0.42690253671562, cost 437.97s 
-- epoch 24 
-- finished epoch in 1298.62s 
-- train score: 0.64223480999797, cost 954.84s 
-- test score: 0.4273903666427, cost 471.32s 
-- epoch 25 
