[program started on Thu Apr 21 05:15:22 2016] 
[command line arguments] 
rmdeter false 
model gru 
epochs 50 
dataset COCOQA 
cuda true 
caption false 
capopt origin 
modelclass LSTMVQA 
caponly false 
imageonly true 
textonly false 
layers 1 
im_fea_dim 1024 
dim 150 
[----------------------] 
-------------------------------------------------------------------------------- 
LSTM for VQA with text only 
-------------------------------------------------------------------------------- 
loading COCOQA datasets 
loading features 
num train = 78736 
num test  = 38948 
-------------------------------------------------------------------------------- 
model configuration 
-------------------------------------------------------------------------------- 
max epochs                = 50 
num params                = 594130 
num compositional params  = 529200 
LSTM memory dim           = 150 
LSTM structure            = gru 
LSTM layers               = 1 
regularization strength   = 1.00e-04 
minibatch size            = 1 
learning rate             = 5.00e-02 
word vector learning rate = 1.00e-01 
dropout                   = true 
cuda                      = true 
image feature dim         = 1024 
-------------------------------------------------------------------------------- 
Training model 
-------------------------------------------------------------------------------- 
-- epoch 1 
-- finished epoch in 130.37s 
-- train score: 0.2829201381833, cost 366.44s 
-- test score: 0.27051453219678, cost 180.67s 
-- epoch 2 
-- finished epoch in 121.18s 
-- train score: 0.30216165413534, cost 361.64s 
-- test score: 0.28576563623293, cost 179.67s 
-- epoch 3 
-- finished epoch in 118.02s 
-- train score: 0.31521794350742, cost 361.67s 
-- test score: 0.29369929136284, cost 178.99s 
-- epoch 4 
-- finished epoch in 117.56s 
-- train score: 0.32593730948994, cost 361.90s 
-- test score: 0.29891136900483, cost 179.56s 
-- epoch 5 
-- finished epoch in 116.77s 
-- train score: 0.33548821377769, cost 361.62s 
-- test score: 0.30435452398069, cost 178.84s 
-- epoch 6 
-- finished epoch in 116.09s 
-- train score: 0.34289270473481, cost 361.61s 
-- test score: 0.30507343124166, cost 178.88s 
-- epoch 7 
-- finished epoch in 117.62s 
-- train score: 0.34685531396058, cost 361.54s 
-- test score: 0.30948957584472, cost 178.80s 
-- epoch 8 
-- finished epoch in 115.97s 
-- train score: 0.35697774842512, cost 361.80s 
-- test score: 0.31226250385129, cost 178.95s 
-- epoch 9 
-- finished epoch in 116.06s 
-- train score: 0.36215962202804, cost 361.71s 
-- test score: 0.31280168429701, cost 178.89s 
-- epoch 10 
-- finished epoch in 116.02s 
-- train score: 0.36768441373705, cost 361.48s 
-- test score: 0.31426517407826, cost 178.91s 
-- epoch 11 
-- finished epoch in 116.17s 
-- train score: 0.37214234911603, cost 361.80s 
-- test score: 0.31398274622574, cost 178.96s 
-- epoch 12 
-- finished epoch in 116.01s 
-- train score: 0.3752667140825, cost 361.70s 
-- test score: 0.31698675156619, cost 179.01s 
-- epoch 13 
-- finished epoch in 116.09s 
-- train score: 0.38066449908555, cost 361.62s 
-- test score: 0.31678134949163, cost 178.90s 
-- epoch 14 
-- finished epoch in 122.33s 
-- train score: 0.38342054460476, cost 363.13s 
-- test score: 0.31662729793571, cost 179.98s 
-- epoch 15 
-- finished epoch in 116.02s 
-- train score: 0.38869132290185, cost 361.37s 
-- test score: 0.31919482386772, cost 178.61s 
-- epoch 16 
-- finished epoch in 116.83s 
-- train score: 0.39314925828084, cost 358.79s 
-- test score: 0.32140289616925, cost 178.62s 
-- epoch 17 
-- finished epoch in 120.47s 
-- train score: 0.3937969924812, cost 361.68s 
-- test score: 0.32065831364897, cost 178.47s 
-- epoch 18 
-- finished epoch in 115.76s 
-- train score: 0.40013462710831, cost 360.77s 
-- test score: 0.32127451987265, cost 178.47s 
-- epoch 19 
-- finished epoch in 116.51s 
-- train score: 0.40186191830929, cost 360.68s 
-- test score: 0.3185272671254, cost 178.28s 
-- epoch 20 
-- finished epoch in 115.74s 
-- train score: 0.40225563909774, cost 361.73s 
-- test score: 0.32065831364897, cost 178.50s 
-- epoch 21 
-- finished epoch in 115.78s 
-- train score: 0.4040337329811, cost 360.85s 
-- test score: 0.32024750949985, cost 178.36s 
-- epoch 22 
-- finished epoch in 115.79s 
-- train score: 0.40979983743142, cost 360.88s 
-- test score: 0.32065831364897, cost 178.44s 
-- epoch 23 
-- finished epoch in 124.78s 
-- train score: 0.41058727900833, cost 373.08s 
-- test score: 0.32250693232002, cost 184.33s 
-- epoch 24 
-- finished epoch in 124.75s 
-- train score: 0.41377514732778, cost 372.84s 
-- test score: 0.32314881380302, cost 184.33s 
-- epoch 25 
-- finished epoch in 125.53s 
-- train score: 0.41611207071733, cost 373.00s 
-- test score: 0.32099209202013, cost 184.51s 
-- epoch 26 
-- finished epoch in 125.58s 
-- train score: 0.41681060760008, cost 373.07s 
-- test score: 0.32309746328438, cost 184.58s 
-- epoch 27 
-- finished epoch in 125.62s 
-- train score: 0.42065891079049, cost 372.97s 
-- test score: 0.32281503543186, cost 184.52s 
-- epoch 28 
-- finished epoch in 127.75s 
-- train score: 0.42086212152002, cost 373.25s 
-- test score: 0.32063263838965, cost 184.51s 
-- epoch 29 
-- finished epoch in 125.75s 
-- train score: 0.4244945133103, cost 359.98s 
-- test score: 0.3224812570607, cost 178.87s 
-- epoch 30 
-- finished epoch in 120.36s 
-- train score: 0.42606939646413, cost 360.84s 
-- test score: 0.32132587039129, cost 177.87s 
-- epoch 31 
-- finished epoch in 116.90s 
-- train score: 0.42552326762853, cost 360.24s 
-- test score: 0.32147992194721, cost 178.19s 
-- epoch 32 
-- finished epoch in 118.76s 
-- train score: 0.42845712253607, cost 360.34s 
-- test score: 0.32212180343021, cost 178.19s 
-- epoch 33 
-- finished epoch in 122.13s 
-- train score: 0.4314290794554, cost 366.99s 
-- test score: 0.32147992194721, cost 184.18s 
-- epoch 34 
-- finished epoch in 125.91s 
-- train score: 0.4327880512091, cost 372.44s 
-- test score: 0.32137722090993, cost 184.22s 
-- epoch 35 
-- finished epoch in 125.99s 
-- train score: 0.4344518390571, cost 372.47s 
-- test score: 0.32296908698778, cost 184.26s 
-- epoch 36 
-- finished epoch in 125.93s 
-- train score: 0.43673795976428, cost 372.31s 
-- test score: 0.3231231385437, cost 184.15s 
-- epoch 37 
-- finished epoch in 125.93s 
-- train score: 0.43765240804714, cost 367.94s 
-- test score: 0.32320016432166, cost 177.59s 
-- epoch 38 
-- finished epoch in 121.97s 
-- train score: 0.43940510058931, cost 361.03s 
-- test score: 0.32230153024546, cost 178.56s 
-- epoch 39 
-- finished epoch in 117.41s 
-- train score: 0.4405481609429, cost 359.97s 
-- test score: 0.32271233439458, cost 178.06s 
-- epoch 40 
-- finished epoch in 115.85s 
-- train score: 0.44283428165007, cost 359.92s 
-- test score: 0.3224812570607, cost 178.83s 
-- epoch 41 
-- finished epoch in 118.23s 
-- train score: 0.43885897175371, cost 358.86s 
-- test score: 0.319297524905, cost 178.44s 
-- epoch 42 
-- finished epoch in 121.24s 
-- train score: 0.44308829506198, cost 361.04s 
-- test score: 0.32258395809798, cost 177.90s 
-- epoch 43 
-- finished epoch in 121.69s 
-- train score: 0.44609835399309, cost 359.14s 
-- test score: 0.32145424668789, cost 177.59s 
-- epoch 44 
-- finished epoch in 124.54s 
-- train score: 0.44694929892298, cost 372.28s 
-- test score: 0.32150559720653, cost 184.09s 
-- epoch 45 
-- finished epoch in 125.67s 
-- train score: 0.44876549481813, cost 362.68s 
-- test score: 0.32199342713361, cost 181.87s 
-- epoch 46 
-- finished epoch in 126.21s 
-- train score: 0.45195336313757, cost 372.47s 
-- test score: 0.3229947622471, cost 184.05s 
-- epoch 47 
-- finished epoch in 122.29s 
-- train score: 0.45402357244463, cost 359.50s 
-- test score: 0.3227380096539, cost 178.77s 
-- epoch 48 
-- finished epoch in 120.80s 
-- train score: 0.45432838853891, cost 359.16s 
-- test score: 0.32127451987265, cost 177.54s 
-- epoch 49 
-- finished epoch in 115.75s 
-- train score: 0.45641129851656, cost 359.11s 
-- test score: 0.32145424668789, cost 177.62s 
-- epoch 50 
-- finished epoch in 115.74s 
-- train score: 0.45670341394026, cost 359.06s 
-- test score: 0.32127451987265, cost 177.57s 
finished training in 33212.99s 
best dev score is: 0.32320016432166 
writing model to ./done/vqalstm-COCOQA-gru_imageonly.l1.d150.e37.c1-2016-04-21T142900.t7 
