[program started on Sun Jan  3 17:57:19 2016] 
[command line arguments] 
[----------------------] 
-------------------------------------------------------------------------------- 
LSTM for VQA with text only 
-------------------------------------------------------------------------------- 
loading COCOQA datasets 
Append captions with question done. 
Remove determiner done. 
num train = 78736 
num test  = 38948 
-------------------------------------------------------------------------------- 
model configuration 
-------------------------------------------------------------------------------- 
max epochs                = 100 
num params                = 186130 
num compositional params  = 121200 
word vector dim           = 50 
LSTM memory dim           = 150 
LSTM structure            = lstm 
LSTM layers               = 1 
regularization strength   = 1.00e-04 
minibatch size            = 1 
learning rate             = 5.00e-02 
word vector learning rate = 1.00e-01 
dropout                   = true 
cuda                      = true 
image feature dim         = [text only] 
-------------------------------------------------------------------------------- 
Training model 
-------------------------------------------------------------------------------- 
-- epoch 1 
-- finished epoch in 808.60s 
-- train score: 0.32760109733794, cost 716.61s 
-- test score: 0.32173667454041, cost 389.86s 
-- epoch 2 
-- finished epoch in 803.67s 
-- train score: 0.41264478764479, cost 717.17s 
-- test score: 0.40307589606655, cost 410.52s 
-- epoch 3 
-- finished epoch in 800.61s 
-- train score: 0.44307559439138, cost 718.64s 
-- test score: 0.42628633049194, cost 382.81s 
-- epoch 4 
-- finished epoch in 801.51s 
-- train score: 0.46473023775655, cost 716.26s 
-- test score: 0.44138338297217, cost 383.50s 
-- epoch 5 
-- finished epoch in 812.67s 
-- train score: 0.47470026417395, cost 717.54s 
-- test score: 0.44574817705659, cost 390.07s 
-- epoch 6 
-- finished epoch in 825.62s 
-- train score: 0.48795976427555, cost 717.84s 
-- test score: 0.45054945054945, cost 404.89s 
-- epoch 7 
-- finished epoch in 803.33s 
-- train score: 0.49942846982321, cost 715.69s 
-- test score: 0.45273184759166, cost 404.83s 
-- epoch 8 
-- finished epoch in 809.17s 
-- train score: 0.50704887218045, cost 717.69s 
-- test score: 0.45381020848311, cost 423.08s 
-- epoch 9 
-- finished epoch in 790.26s 
-- train score: 0.51295468400732, cost 720.86s 
-- test score: 0.45386155900175, cost 425.09s 
-- epoch 10 
-- finished epoch in 763.97s 
-- train score: 0.52056238569396, cost 717.83s 
-- test score: 0.45504262093047, cost 392.88s 
-- epoch 11 
-- finished epoch in 784.32s 
-- train score: 0.52824629140419, cost 717.89s 
-- test score: 0.45671151278628, cost 426.51s 
-- epoch 12 
-- finished epoch in 784.51s 
-- train score: 0.53523166023166, cost 718.15s 
-- test score: 0.4564804354524, cost 455.92s 
-- epoch 13 
-- finished epoch in 746.47s 
-- train score: 0.54123907742329, cost 715.99s 
-- test score: 0.45627503337784, cost 464.14s 
-- epoch 14 
-- finished epoch in 756.52s 
-- train score: 0.54602723023776, cost 730.21s 
-- test score: 0.45491424463387, cost 414.43s 
-- epoch 15 
-- finished epoch in 741.25s 
-- train score: 0.55090428774639, cost 719.12s 
-- test score: 0.45612098182192, cost 402.66s 
-- epoch 16 
-- finished epoch in 758.84s 
-- train score: 0.55566703921967, cost 719.91s 
-- test score: 0.45237239396118, cost 417.54s 
-- epoch 17 
-- finished epoch in 776.11s 
-- train score: 0.56074730745783, cost 719.12s 
-- test score: 0.45309130122214, cost 454.67s 
-- epoch 18 
-- finished epoch in 753.86s 
-- train score: 0.56545925624873, cost 719.56s 
-- test score: 0.45381020848311, cost 434.80s 
-- epoch 19 
-- finished epoch in 734.76s 
-- train score: 0.56944726681569, cost 719.51s 
-- test score: 0.45044674951217, cost 403.70s 
-- epoch 20 
-- finished epoch in 760.67s 
-- train score: 0.57174608819346, cost 721.36s 
-- test score: 0.45203861559002, cost 392.47s 
-- epoch 21 
-- finished epoch in 782.63s 
-- train score: 0.57361308677098, cost 758.87s 
-- test score: 0.45262914655438, cost 441.24s 
-- epoch 22 
-- finished epoch in 779.62s 
-- train score: 0.58071276163381, cost 739.39s 
-- test score: 0.45137105884769, cost 482.26s 
-- epoch 23 
-- finished epoch in 729.91s 
-- train score: 0.58147480186954, cost 753.08s 
-- test score: 0.45232104344254, cost 540.05s 
-- epoch 24 
-- finished epoch in 647.56s 
-- train score: 0.58458646616541, cost 799.17s 
-- test score: 0.44947108965801, cost 497.29s 
-- epoch 25 
-- finished epoch in 658.36s 
-- train score: 0.58837126600284, cost 881.68s 
-- test score: 0.44931703810208, cost 412.90s 
-- epoch 26 
-- finished epoch in 631.63s 
-- train score: 0.59147022962812, cost 928.25s 
-- test score: 0.44911163602752, cost 371.18s 
-- epoch 27 
-- finished epoch in 632.45s 
-- train score: 0.59365474497053, cost 820.64s 
-- test score: 0.45003594536305, cost 371.42s 
-- epoch 28 
-- finished epoch in 623.53s 
-- train score: 0.59648699451331, cost 913.31s 
-- test score: 0.44759679572764, cost 356.83s 
-- epoch 29 
-- finished epoch in 624.05s 
-- train score: 0.59937004673847, cost 868.22s 
-- test score: 0.4479305740988, cost 357.02s 
-- epoch 30 
-- finished epoch in 628.58s 
-- train score: 0.60033529770372, cost 835.10s 
-- test score: 0.44692923898531, cost 366.05s 
-- epoch 31 
-- finished epoch in 624.60s 
-- train score: 0.60229120097541, cost 809.23s 
-- test score: 0.4447468419431, cost 387.86s 
-- epoch 32 
-- finished epoch in 627.44s 
-- train score: 0.6045265190002, cost 883.89s 
-- test score: 0.44746841943104, cost 387.38s 
-- epoch 33 
-- finished epoch in 628.68s 
-- train score: 0.60655862629547, cost 819.99s 
-- test score: 0.44497791927698, cost 380.73s 
-- epoch 34 
-- finished epoch in 629.97s 
-- train score: 0.60906065840276, cost 817.73s 
-- test score: 0.44377118208894, cost 397.95s 
-- epoch 35 
-- finished epoch in 628.67s 
-- train score: 0.61113086770982, cost 779.58s 
-- test score: 0.44094690356373, cost 416.56s 
-- epoch 36 
-- finished epoch in 627.14s 
-- train score: 0.61252794147531, cost 863.49s 
-- test score: 0.44387388312622, cost 436.63s 
-- epoch 37 
-- finished epoch in 670.36s 
-- train score: 0.61544909571225, cost 931.50s 
-- test score: 0.44379685734826, cost 359.21s 
-- epoch 38 
-- finished epoch in 638.46s 
-- train score: 0.61696047551311, cost 843.20s 
-- test score: 0.44495224401766, cost 355.62s 
-- epoch 39 
-- finished epoch in 625.58s 
-- train score: 0.61731609428978, cost 852.88s 
-- test score: 0.44330902742118, cost 358.73s 
-- epoch 40 
-- finished epoch in 627.61s 
-- train score: 0.61927199756147, cost 833.58s 
-- test score: 0.44197391393653, cost 415.53s 
-- epoch 41 
-- finished epoch in 634.64s 
-- train score: 0.6214057102215, cost 803.45s 
-- test score: 0.44228201704837, cost 384.72s 
-- epoch 42 
-- finished epoch in 625.47s 
-- train score: 0.62096118675066, cost 781.75s 
-- test score: 0.44241039334497, cost 426.87s 
-- epoch 43 
-- finished epoch in 631.78s 
-- train score: 0.62451737451737, cost 773.00s 
-- test score: 0.44115230563829, cost 414.54s 
-- epoch 44 
-- finished epoch in 624.69s 
-- train score: 0.6258255435887, cost 765.00s 
-- test score: 0.44233336756701, cost 447.94s 
-- epoch 45 
-- finished epoch in 633.78s 
-- train score: 0.62785765088397, cost 793.63s 
-- test score: 0.44228201704837, cost 480.56s 
-- epoch 46 
-- finished epoch in 636.89s 
-- train score: 0.62851808575493, cost 766.50s 
-- test score: 0.4392523364486, cost 419.58s 
-- epoch 47 
-- finished epoch in 625.37s 
-- train score: 0.62981355415566, cost 792.02s 
-- test score: 0.4388672075588, cost 477.61s 
-- epoch 48 
-- finished epoch in 639.31s 
-- train score: 0.63049939036781, cost 796.01s 
-- test score: 0.43907260963336, cost 412.64s 
-- epoch 49 
-- finished epoch in 635.33s 
-- train score: 0.63170595407438, cost 764.35s 
-- test score: 0.44189688815857, cost 422.94s 
-- epoch 50 
-- finished epoch in 635.57s 
-- train score: 0.63268390571022, cost 746.84s 
-- test score: 0.43840505289103, cost 461.89s 
-- epoch 51 
-- finished epoch in 638.05s 
-- train score: 0.63359835399309, cost 743.08s 
-- test score: 0.43863613022492, cost 427.70s 
-- epoch 52 
-- finished epoch in 658.35s 
-- train score: 0.63343324527535, cost 759.91s 
-- test score: 0.43768614563007, cost 468.69s 
-- epoch 53 
-- finished epoch in 660.06s 
-- train score: 0.63580827067669, cost 781.85s 
-- test score: 0.43468214028962, cost 519.30s 
-- epoch 54 
-- finished epoch in 635.59s 
-- train score: 0.63737045315993, cost 852.11s 
-- test score: 0.43337270206429, cost 447.90s 
-- epoch 55 
-- finished epoch in 634.45s 
-- train score: 0.63739585450112, cost 871.64s 
-- test score: 0.43879018178084, cost 410.61s 
-- epoch 56 
-- finished epoch in 634.48s 
-- train score: 0.63950416581996, cost 930.96s 
-- test score: 0.43866180548424, cost 375.26s 
-- epoch 57 
-- finished epoch in 629.02s 
-- train score: 0.6415997764682, cost 919.63s 
-- test score: 0.439123960152, cost 355.32s 
-- epoch 58 
-- finished epoch in 627.02s 
-- train score: 0.64013919934973, cost 845.65s 
-- test score: 0.4343997124371, cost 354.12s 
-- epoch 59 
-- finished epoch in 630.32s 
-- train score: 0.6424126193863, cost 843.27s 
-- test score: 0.43855910444695, cost 354.73s 
-- epoch 60 
-- finished epoch in 630.62s 
-- train score: 0.64234911603333, cost 841.42s 
-- test score: 0.43617130533018, cost 392.46s 
-- epoch 61 
-- finished epoch in 627.31s 
-- train score: 0.64406370656371, cost 854.56s 
-- test score: 0.43629968162678, cost 375.19s 
-- epoch 62 
-- finished epoch in 628.04s 
-- train score: 0.64422881528145, cost 900.24s 
-- test score: 0.43460511451166, cost 363.62s 
-- epoch 63 
-- finished epoch in 634.24s 
-- train score: 0.64566399105873, cost 842.52s 
-- test score: 0.43552942384718, cost 368.44s 
-- epoch 64 
-- finished epoch in 629.22s 
-- train score: 0.64681975208291, cost 801.67s 
-- test score: 0.4347848413269, cost 384.97s 
-- epoch 65 
-- finished epoch in 634.90s 
-- train score: 0.64803901646007, cost 835.40s 
-- test score: 0.43540104755058, cost 386.17s 
-- epoch 66 
-- finished epoch in 632.24s 
-- train score: 0.64896616541353, cost 806.29s 
-- test score: 0.43342405258293, cost 444.91s 
-- epoch 67 
-- finished epoch in 639.46s 
-- train score: 0.64777230237757, cost 772.37s 
-- test score: 0.43629968162678, cost 415.51s 
-- epoch 68 
-- finished epoch in 631.18s 
-- train score: 0.64974090631985, cost 809.83s 
-- test score: 0.4358118516997, cost 457.39s 
-- epoch 69 
-- finished epoch in 632.59s 
-- train score: 0.65031243649665, cost 856.97s 
-- test score: 0.43327000102701, cost 388.35s 
-- epoch 70 
-- finished epoch in 635.40s 
-- train score: 0.65112527941475, cost 797.58s 
-- test score: 0.43534969703194, cost 400.07s 
-- epoch 71 
-- finished epoch in 632.08s 
-- train score: 0.65174761227393, cost 771.65s 
-- test score: 0.43321865050837, cost 415.93s 
-- epoch 72 
-- finished epoch in 624.74s 
-- train score: 0.65339869945133, cost 775.80s 
-- test score: 0.43342405258293, cost 430.18s 
-- epoch 73 
-- finished epoch in 628.88s 
-- train score: 0.65330979475716, cost 773.91s 
-- test score: 0.4350415939201, cost 493.64s 
-- epoch 74 
-- finished epoch in 624.45s 
-- train score: 0.65413533834586, cost 753.74s 
-- test score: 0.43193488754236, cost 426.14s 
-- epoch 75 
-- finished epoch in 634.64s 
-- train score: 0.65410993700467, cost 760.77s 
-- test score: 0.43437403717778, cost 471.04s 
-- epoch 76 
-- finished epoch in 631.99s 
-- train score: 0.65512599065231, cost 761.92s 
-- test score: 0.43219164013557, cost 510.80s 
-- epoch 77 
-- finished epoch in 634.94s 
-- train score: 0.65602773826458, cost 811.18s 
-- test score: 0.43321865050837, cost 418.40s 
-- epoch 78 
-- finished epoch in 640.34s 
-- train score: 0.65692948587685, cost 860.60s 
-- test score: 0.4304457225018, cost 444.03s 
-- epoch 79 
-- finished epoch in 643.04s 
-- train score: 0.65689138386507, cost 912.69s 
-- test score: 0.43337270206429, cost 379.41s 
-- epoch 80 
-- finished epoch in 653.21s 
-- train score: 0.65677707782971, cost 927.13s 
-- test score: 0.43314162473041, cost 370.91s 
-- epoch 81 
-- finished epoch in 638.31s 
-- train score: 0.65779313147734, cost 915.91s 
-- test score: 0.43101057820684, cost 368.07s 
-- epoch 82 
-- finished epoch in 631.81s 
-- train score: 0.65906319853688, cost 931.54s 
-- test score: 0.43214028961693, cost 365.09s 
-- epoch 83 
-- finished epoch in 708.44s 
-- train score: 0.65832655964235, cost 881.52s 
-- test score: 0.43126733080004, cost 370.96s 
-- epoch 84 
-- finished epoch in 760.37s 
-- train score: 0.65969823206665, cost 829.75s 
-- test score: 0.43062544931704, cost 358.64s 
-- epoch 85 
-- finished epoch in 788.13s 
-- train score: 0.65932991261939, cost 753.89s 
-- test score: 0.43144705761528, cost 354.78s 
-- epoch 86 
-- finished epoch in 771.06s 
-- train score: 0.65922830725462, cost 762.83s 
-- test score: 0.43139570709664, cost 354.22s 
-- epoch 87 
-- finished epoch in 761.99s 
-- train score: 0.66170493802073, cost 806.78s 
-- test score: 0.43072815035432, cost 355.62s 
-- epoch 88 
-- finished epoch in 761.70s 
-- train score: 0.6612223125381, cost 788.29s 
-- test score: 0.43280784635925, cost 371.46s 
-- epoch 89 
-- finished epoch in 784.42s 
-- train score: 0.66198435277383, cost 824.33s 
-- test score: 0.43039437198316, cost 364.69s 
-- epoch 90 
-- finished epoch in 845.29s 
-- train score: 0.6628861003861, cost 781.82s 
-- test score: 0.43024032042724, cost 368.92s 
-- epoch 91 
-- finished epoch in 881.76s 
-- train score: 0.66297500508027, cost 750.01s 
-- test score: 0.4310876039848, cost 377.51s 
