[program started on Mon Jan 18 22:44:07 2016] 
[command line arguments] 
[----------------------] 
-------------------------------------------------------------------------------- 
LSTM for VQA 
-------------------------------------------------------------------------------- 
loading COCOQA datasets 
Remove determiner done. 
loading features 
num train = 78736 
num test  = 38948 
-------------------------------------------------------------------------------- 
model configuration 
-------------------------------------------------------------------------------- 
max epochs                = 100 
num params                = 616130 
num compositional params  = 121200 
word vector dim           = 50 
LSTM memory dim           = 150 
LSTM structure            = lstm 
LSTM layers               = 1 
regularization strength   = 1.00e-04 
minibatch size            = 1 
learning rate             = 5.00e-02 
word vector learning rate = 1.00e-01 
dropout                   = true 
cuda                      = true 
image feature dim         = 1000 
-------------------------------------------------------------------------------- 
Training model 
-------------------------------------------------------------------------------- 
-- epoch 1 
-- finished epoch in 1475.12s 
-- train score: 0.42162416175574, cost 964.26s 
-- test score: 0.38564239498819, cost 474.70s 
-- epoch 2 
-- finished epoch in 1483.15s 
-- train score: 0.47283326559642, cost 957.51s 
-- test score: 0.42115127862791, cost 473.71s 
-- epoch 3 
-- finished epoch in 1480.76s 
-- train score: 0.49514834383255, cost 960.05s 
-- test score: 0.4363253568861, cost 474.62s 
-- epoch 4 
-- finished epoch in 1481.08s 
-- train score: 0.5174253200569, cost 958.59s 
-- test score: 0.45047242477149, cost 472.36s 
-- epoch 5 
-- finished epoch in 1482.90s 
-- train score: 0.52665870757976, cost 959.72s 
-- test score: 0.45891958508781, cost 475.53s 
-- epoch 6 
-- finished epoch in 1478.72s 
-- train score: 0.54758941272099, cost 958.69s 
-- test score: 0.47162883845127, cost 472.32s 
-- epoch 7 
-- finished epoch in 1483.98s 
-- train score: 0.55747053444422, cost 959.74s 
-- test score: 0.48028140084215, cost 475.92s 
-- epoch 8 
-- finished epoch in 1480.47s 
-- train score: 0.573549583418, cost 960.23s 
-- test score: 0.48605833418918, cost 472.09s 
-- epoch 9 
-- finished epoch in 1484.59s 
-- train score: 0.57929028652713, cost 956.66s 
-- test score: 0.48487727226045, cost 475.12s 
-- epoch 10 
-- finished epoch in 1479.24s 
-- train score: 0.59467079861817, cost 962.17s 
-- test score: 0.49255417479717, cost 472.11s 
-- epoch 11 
-- finished epoch in 1480.03s 
-- train score: 0.5934769355822, cost 954.61s 
-- test score: 0.49381226250385, cost 474.82s 
-- epoch 12 
-- finished epoch in 1483.64s 
-- train score: 0.59771895956106, cost 963.89s 
-- test score: 0.49360686042929, cost 473.93s 
-- epoch 13 
-- finished epoch in 1483.05s 
-- train score: 0.60987350132087, cost 958.21s 
-- test score: 0.49753517510527, cost 473.99s 
-- epoch 14 
-- finished epoch in 1482.53s 
-- train score: 0.6230567973989, cost 960.60s 
-- test score: 0.5001283762966, cost 474.12s 
-- epoch 15 
-- finished epoch in 1482.42s 
-- train score: 0.6308169071327, cost 958.49s 
-- test score: 0.50960254698572, cost 472.92s 
-- epoch 16 
-- finished epoch in 1480.10s 
-- train score: 0.63093121316806, cost 957.55s 
-- test score: 0.50569990756907, cost 474.44s 
-- epoch 17 
-- finished epoch in 1480.44s 
-- train score: 0.64507976021134, cost 957.76s 
-- test score: 0.51232412447366, cost 471.34s 
-- epoch 18 
-- finished epoch in 1483.85s 
-- train score: 0.64579099776468, cost 958.68s 
-- test score: 0.51032145424669, cost 475.35s 
-- epoch 19 
-- finished epoch in 1478.42s 
-- train score: 0.6507188579557, cost 961.28s 
-- test score: 0.51027010372805, cost 472.30s 
-- epoch 20 
-- finished epoch in 1481.88s 
-- train score: 0.65408453566348, cost 957.96s 
-- test score: 0.5135308616617, cost 475.41s 
-- epoch 21 
-- finished epoch in 1477.72s 
-- train score: 0.66241617557407, cost 959.88s 
-- test score: 0.5128889801787, cost 471.36s 
-- epoch 22 
-- finished epoch in 1483.02s 
-- train score: 0.66763615118878, cost 954.29s 
-- test score: 0.5135308616617, cost 475.18s 
-- epoch 23 
-- finished epoch in 1726.35s 
-- train score: 0.6689824222719, cost 967.94s 
-- test score: 0.51568758344459, cost 471.19s 
-- epoch 24 
-- finished epoch in 1485.85s 
-- train score: 0.67712355212355, cost 958.38s 
-- test score: 0.51543083085139, cost 476.52s 
-- epoch 25 
-- finished epoch in 1592.52s 
-- train score: 0.68490906319854, cost 1029.68s 
-- test score: 0.52187532094074, cost 531.54s 
-- epoch 26 
-- finished epoch in 1696.26s 
-- train score: 0.68653474903475, cost 1033.76s 
-- test score: 0.52025777960357, cost 531.86s 
-- epoch 27 
-- finished epoch in 1577.42s 
-- train score: 0.69063706563707, cost 961.06s 
-- test score: 0.52192667145938, cost 473.35s 
-- epoch 28 
-- finished epoch in 1484.12s 
-- train score: 0.69120859581386, cost 958.48s 
-- test score: 0.51910239293417, cost 475.06s 
-- epoch 29 
-- finished epoch in 1479.57s 
-- train score: 0.70096271083113, cost 958.53s 
-- test score: 0.52051453219678, cost 473.54s 
-- epoch 30 
-- finished epoch in 1611.53s 
-- train score: 0.70117862223125, cost 959.97s 
-- test score: 0.51984697545445, cost 475.93s 
-- epoch 31 
-- finished epoch in 1548.33s 
-- train score: 0.70413787847998, cost 974.76s 
-- test score: 0.51941049604601, cost 471.09s 
-- epoch 32 
-- finished epoch in 1481.89s 
-- train score: 0.71241871570819, cost 958.78s 
-- test score: 0.5182551093766, cost 475.77s 
-- epoch 33 
-- finished epoch in 1482.25s 
-- train score: 0.71885795570006, cost 990.01s 
-- test score: 0.525264455171, cost 510.69s 
-- epoch 34 
-- finished epoch in 1624.25s 
-- train score: 0.71459053038, cost 1038.24s 
-- test score: 0.51833213515457, cost 509.52s 
-- epoch 35 
-- finished epoch in 1592.13s 
-- train score: 0.71615271286324, cost 1048.84s 
-- test score: 0.51846051145117, cost 526.46s 
-- epoch 36 
-- finished epoch in 1778.54s 
-- train score: 0.72664346677505, cost 1057.03s 
-- test score: 0.52149019205094, cost 478.33s 
-- epoch 37 
-- finished epoch in 1481.64s 
-- train score: 0.7325873806137, cost 956.74s 
-- test score: 0.51976994967649, cost 473.29s 
-- epoch 38 
-- finished epoch in 1482.05s 
-- train score: 0.73093629343629, cost 959.89s 
-- test score: 0.5210537126425, cost 473.97s 
-- epoch 39 
-- finished epoch in 1481.03s 
-- train score: 0.7375660434871, cost 958.24s 
-- test score: 0.52333881072199, cost 472.11s 
-- epoch 40 
-- finished epoch in 1482.08s 
-- train score: 0.74126193863036, cost 958.61s 
-- test score: 0.52708739858273, cost 474.95s 
-- epoch 41 
-- finished epoch in 1481.36s 
-- train score: 0.74437360292623, cost 961.25s 
-- test score: 0.52549553250488, cost 473.14s 
-- epoch 42 
-- finished epoch in 1486.33s 
-- train score: 0.74174456411299, cost 959.04s 
-- test score: 0.52508472835576, cost 475.80s 
-- epoch 43 
-- finished epoch in 1480.31s 
-- train score: 0.74955547652916, cost 961.44s 
-- test score: 0.52549553250488, cost 472.74s 
-- epoch 44 
-- finished epoch in 1485.12s 
-- train score: 0.75176539321276, cost 957.82s 
-- test score: 0.52279963027627, cost 475.94s 
-- epoch 45 
-- finished epoch in 1480.25s 
-- train score: 0.75633763462711, cost 962.98s 
-- test score: 0.52287665605423, cost 473.04s 
-- epoch 46 
-- finished epoch in 1483.26s 
-- train score: 0.75627413127413, cost 957.16s 
-- test score: 0.52046318167813, cost 475.79s 
-- epoch 47 
-- finished epoch in 1482.55s 
-- train score: 0.76221804511278, cost 962.69s 
-- test score: 0.52141316627298, cost 473.39s 
-- epoch 48 
-- finished epoch in 1482.60s 
-- train score: 0.76403424100793, cost 957.80s 
-- test score: 0.52418609427955, cost 474.44s 
-- epoch 49 
-- finished epoch in 1484.59s 
-- train score: 0.76397073765495, cost 962.02s 
-- test score: 0.52005237752901, cost 474.58s 
-- epoch 50 
-- finished epoch in 1483.77s 
-- train score: 0.76737451737452, cost 959.29s 
-- test score: 0.52529013043032, cost 473.50s 
-- epoch 51 
-- finished epoch in 1485.05s 
-- train score: 0.77107041251778, cost 960.81s 
-- test score: 0.52511040361508, cost 475.72s 
-- epoch 52 
-- finished epoch in 1872.52s 
-- train score: 0.77656980288559, cost 1022.29s 
-- test score: 0.52210639827462, cost 474.91s 
-- epoch 53 
-- finished epoch in 1650.18s 
-- train score: 0.77691272099167, cost 985.66s 
-- test score: 0.52351853753723, cost 472.14s 
-- epoch 54 
-- finished epoch in 1484.05s 
-- train score: 0.78058321479374, cost 955.97s 
-- test score: 0.51974427441717, cost 474.55s 
-- epoch 55 
