[program started on Tue Jan  5 19:02:17 2016] 
[command line arguments] 
[----------------------] 
-------------------------------------------------------------------------------- 
LSTM for VQA 
-------------------------------------------------------------------------------- 
loading COCOQA datasets 
Remove determiner done. 
loading features 
num train = 78736 
num test  = 38948 
-------------------------------------------------------------------------------- 
model configuration 
-------------------------------------------------------------------------------- 
max epochs                = 100 
num params                = 800530 
num compositional params  = 735600 
word vector dim           = 50 
LSTM memory dim           = 150 
LSTM structure            = lstm 
LSTM layers               = 1 
regularization strength   = 1.00e-04 
minibatch size            = 1 
learning rate             = 5.00e-02 
word vector learning rate = 1.00e-01 
dropout                   = true 
cuda                      = true 
image feature dim         = 1024 
-------------------------------------------------------------------------------- 
Training model 
-------------------------------------------------------------------------------- 
-- epoch 1 
-- finished epoch in 584.93s 
-- train score: 0.25651544401544, cost 537.73s 
-- test score: 0.24982027318476, cost 260.35s 
-- epoch 2 
-- finished epoch in 567.63s 
-- train score: 0.28906726275147, cost 528.33s 
-- test score: 0.27426312005751, cost 259.94s 
-- epoch 3 
-- finished epoch in 564.96s 
-- train score: 0.37172322698638, cost 528.29s 
-- test score: 0.34918352675362, cost 261.41s 
-- epoch 4 
-- finished epoch in 567.74s 
-- train score: 0.40607854094696, cost 519.69s 
-- test score: 0.37722090993119, cost 253.44s 
-- epoch 5 
-- finished epoch in 567.05s 
-- train score: 0.43384220686852, cost 514.85s 
-- test score: 0.40107322583958, cost 253.28s 
-- epoch 6 
-- finished epoch in 568.63s 
-- train score: 0.46253302174355, cost 504.90s 
-- test score: 0.4217674848516, cost 251.65s 
-- epoch 7 
-- finished epoch in 558.08s 
-- train score: 0.48050447063605, cost 506.63s 
-- test score: 0.43424566088117, cost 249.26s 
-- epoch 8 
-- finished epoch in 559.19s 
-- train score: 0.49706614509246, cost 507.08s 
-- test score: 0.44862380610044, cost 251.15s 
-- epoch 9 
-- finished epoch in 562.48s 
-- train score: 0.50570260109734, cost 510.92s 
-- test score: 0.45784122419636, cost 250.85s 
-- epoch 10 
-- finished epoch in 561.78s 
-- train score: 0.51121469213574, cost 509.34s 
-- test score: 0.46035739960974, cost 252.14s 
-- epoch 11 
-- finished epoch in 559.56s 
-- train score: 0.52146413330624, cost 505.69s 
-- test score: 0.46587758036356, cost 251.49s 
-- epoch 12 
-- finished epoch in 564.10s 
-- train score: 0.53369487908962, cost 507.85s 
-- test score: 0.47417068912396, cost 249.13s 
-- epoch 13 
-- finished epoch in 560.61s 
-- train score: 0.54309337533022, cost 506.86s 
-- test score: 0.47776522542878, cost 251.27s 
-- epoch 14 
-- finished epoch in 559.29s 
-- train score: 0.55204734809998, cost 505.88s 
-- test score: 0.483798911369, cost 249.96s 
-- epoch 15 
-- finished epoch in 561.40s 
-- train score: 0.55903271692745, cost 505.87s 
-- test score: 0.48598130841121, cost 249.04s 
-- epoch 16 
-- finished epoch in 563.49s 
-- train score: 0.56445590327169, cost 506.37s 
-- test score: 0.49001232412447, cost 251.03s 
-- epoch 17 
-- finished epoch in 565.72s 
-- train score: 0.57391790286527, cost 507.25s 
-- test score: 0.4917068912396, cost 250.92s 
-- epoch 18 
-- finished epoch in 558.62s 
-- train score: 0.58200823003455, cost 506.34s 
-- test score: 0.49504467495122, cost 249.01s 
-- epoch 19 
-- finished epoch in 565.39s 
-- train score: 0.58663127413127, cost 509.18s 
-- test score: 0.49727842251207, cost 249.92s 
-- epoch 20 
-- finished epoch in 557.18s 
-- train score: 0.59931924405609, cost 506.78s 
-- test score: 0.50210537126425, cost 249.49s 
-- epoch 21 
-- finished epoch in 562.26s 
-- train score: 0.60103383458647, cost 505.64s 
-- test score: 0.50238779911677, cost 250.11s 
-- epoch 22 
-- finished epoch in 564.43s 
-- train score: 0.61162619386304, cost 505.75s 
-- test score: 0.50418506726918, cost 248.58s 
-- epoch 23 
-- finished epoch in 555.13s 
-- train score: 0.61637624466572, cost 506.10s 
-- test score: 0.50757420149944, cost 251.83s 
-- epoch 24 
-- finished epoch in 563.24s 
-- train score: 0.61757010770169, cost 504.93s 
-- test score: 0.50629043853343, cost 249.23s 
-- epoch 25 
-- finished epoch in 560.07s 
-- train score: 0.63286171509856, cost 506.56s 
-- test score: 0.51463489781247, cost 251.04s 
-- epoch 26 
-- finished epoch in 559.29s 
-- train score: 0.63563046128836, cost 504.95s 
-- test score: 0.5163294649276, cost 249.52s 
-- epoch 27 
-- finished epoch in 563.05s 
-- train score: 0.63794198333672, cost 507.21s 
-- test score: 0.51422409366335, cost 248.89s 
-- epoch 28 
-- finished epoch in 558.66s 
-- train score: 0.64742938427149, cost 505.15s 
-- test score: 0.51707404744788, cost 250.90s 
-- epoch 29 
-- finished epoch in 563.07s 
-- train score: 0.65301767933347, cost 504.60s 
-- test score: 0.51889699085961, cost 249.29s 
-- epoch 30 
-- finished epoch in 561.80s 
-- train score: 0.66112070717334, cost 514.06s 
-- test score: 0.5215672178289, cost 251.81s 
-- epoch 31 
-- finished epoch in 563.05s 
-- train score: 0.66341952855111, cost 506.58s 
-- test score: 0.52295368183219, cost 249.18s 
-- epoch 32 
-- finished epoch in 558.07s 
-- train score: 0.66856330014225, cost 504.90s 
-- test score: 0.52367258909315, cost 249.47s 
-- epoch 33 
-- finished epoch in 561.00s 
-- train score: 0.67121774029669, cost 505.12s 
-- test score: 0.52287665605423, cost 249.59s 
-- epoch 34 
-- finished epoch in 559.73s 
-- train score: 0.67751727291201, cost 506.08s 
-- test score: 0.52403204272363, cost 253.00s 
-- epoch 35 
-- finished epoch in 565.72s 
-- train score: 0.68512497459866, cost 505.17s 
-- test score: 0.52611173872856, cost 249.82s 
-- epoch 36 
-- finished epoch in 559.16s 
-- train score: 0.68854145498882, cost 506.75s 
-- test score: 0.52649686761836, cost 249.36s 
-- epoch 37 
-- finished epoch in 557.93s 
-- train score: 0.69031954887218, cost 505.48s 
-- test score: 0.52837116154873, cost 251.03s 
-- epoch 38 
-- finished epoch in 565.24s 
-- train score: 0.6957935378988, cost 506.14s 
-- test score: 0.52855088836397, cost 249.55s 
-- epoch 39 
-- finished epoch in 556.55s 
-- train score: 0.69909571225361, cost 510.48s 
-- test score: 0.52736982643525, cost 250.48s 
-- epoch 40 
-- finished epoch in 557.88s 
-- train score: 0.69921001828897, cost 504.84s 
-- test score: 0.52706172332341, cost 249.44s 
-- epoch 41 
-- finished epoch in 558.58s 
-- train score: 0.707401950823, cost 504.98s 
-- test score: 0.52937249666222, cost 249.58s 
-- epoch 42 
-- finished epoch in 559.28s 
-- train score: 0.71245681771998, cost 508.94s 
-- test score: 0.53027113073842, cost 249.03s 
-- epoch 43 
-- finished epoch in 562.07s 
-- train score: 0.71069142450721, cost 506.38s 
-- test score: 0.52618876450652, cost 249.26s 
-- epoch 44 
-- finished epoch in 559.28s 
-- train score: 0.71658453566348, cost 507.31s 
-- test score: 0.53047653281298, cost 249.81s 
-- epoch 45 
-- finished epoch in 565.54s 
-- train score: 0.71996291404186, cost 508.29s 
-- test score: 0.53129814111123, cost 249.48s 
-- epoch 46 
-- finished epoch in 564.77s 
-- train score: 0.72193151798415, cost 513.61s 
-- test score: 0.5307589606655, cost 252.05s 
-- epoch 47 
-- finished epoch in 563.66s 
-- train score: 0.73086008941272, cost 505.93s 
-- test score: 0.53021978021978, cost 252.22s 
-- epoch 48 
-- finished epoch in 557.49s 
-- train score: 0.72969162771794, cost 505.88s 
-- test score: 0.53160624422307, cost 249.69s 
-- epoch 49 
-- finished epoch in 557.92s 
-- train score: 0.73332401950823, cost 504.85s 
-- test score: 0.53371161548732, cost 249.38s 
-- epoch 50 
-- finished epoch in 558.41s 
-- train score: 0.73380664499086, cost 506.12s 
-- test score: 0.52993735236726, cost 248.99s 
-- epoch 51 
-- finished epoch in 563.97s 
-- train score: 0.74730745783377, cost 506.53s 
-- test score: 0.53232515148403, cost 249.14s 
-- epoch 52 
-- finished epoch in 559.04s 
-- train score: 0.74831081081081, cost 506.07s 
-- test score: 0.53181164629763, cost 249.06s 
-- epoch 53 
-- finished epoch in 561.66s 
-- train score: 0.7538737045316, cost 509.67s 
-- test score: 0.53150354318579, cost 249.52s 
-- epoch 54 
-- finished epoch in 562.79s 
-- train score: 0.75163838650681, cost 505.83s 
-- test score: 0.53137516688919, cost 251.00s 
-- epoch 55 
-- finished epoch in 562.38s 
-- train score: 0.75617252590937, cost 509.46s 
-- test score: 0.53039950703502, cost 249.66s 
-- epoch 56 
-- finished epoch in 561.76s 
-- train score: 0.76013513513514, cost 506.56s 
-- test score: 0.53091301222142, cost 249.38s 
-- epoch 57 
-- finished epoch in 563.99s 
-- train score: 0.75891587075798, cost 505.64s 
-- test score: 0.52901304303173, cost 249.48s 
-- epoch 58 
-- finished epoch in 564.55s 
-- train score: 0.76479628124365, cost 513.19s 
-- test score: 0.53199137311287, cost 250.13s 
-- epoch 59 
-- finished epoch in 562.94s 
-- train score: 0.76633306238569, cost 506.26s 
-- test score: 0.53273595563315, cost 249.43s 
-- epoch 60 
-- finished epoch in 557.94s 
-- train score: 0.77000355618777, cost 506.11s 
-- test score: 0.53250487829927, cost 249.37s 
-- epoch 61 
-- finished epoch in 561.84s 
-- train score: 0.77319142450721, cost 508.37s 
-- test score: 0.53199137311287, cost 249.57s 
-- epoch 62 
-- finished epoch in 562.64s 
-- train score: 0.78269152611258, cost 508.64s 
-- test score: 0.53186299681627, cost 250.08s 
-- epoch 63 
-- finished epoch in 564.43s 
-- train score: 0.78196758788864, cost 503.70s 
-- test score: 0.53127246585191, cost 248.89s 
-- epoch 64 
-- finished epoch in 561.53s 
-- train score: 0.78358057305426, cost 506.75s 
-- test score: 0.53099003799938, cost 249.98s 
-- epoch 65 
-- finished epoch in 556.87s 
-- train score: 0.7878733997155, cost 505.39s 
-- test score: 0.53116976481462, cost 249.65s 
-- epoch 66 
-- finished epoch in 556.21s 
-- train score: 0.78680654338549, cost 507.27s 
-- test score: 0.53047653281298, cost 249.69s 
-- epoch 67 
-- finished epoch in 555.57s 
-- train score: 0.78996901036375, cost 505.09s 
-- test score: 0.52939817192154, cost 250.11s 
-- epoch 68 
-- finished epoch in 567.01s 
-- train score: 0.7964717537086, cost 513.25s 
-- test score: 0.52829413577077, cost 249.21s 
-- epoch 69 
-- finished epoch in 561.31s 
-- train score: 0.78624771387929, cost 506.05s 
-- test score: 0.52965492451474, cost 250.46s 
-- epoch 70 
-- finished epoch in 564.10s 
-- train score: 0.79732269863849, cost 505.14s 
-- test score: 0.52793468214029, cost 250.73s 
