[program started on Sat Apr 30 04:32:09 2016] 
[command line arguments] 
rmdeter true 
model gru 
im_fea GoogLeNet-1024.npy 
epochs 80 
dataset COCOQA 
cuda true 
capopt origin 
caponly false 
modelclass ConcatVQA 
dim 150 
imageonly false 
textonly false 
layers 1 
im_fea_dim 1024 
caption false 
[----------------------] 
-------------------------------------------------------------------------------- 
LSTM for VQA 
-------------------------------------------------------------------------------- 
loading COCOQA datasets 
Remove determiner done. 
loading features 
num train = 78736 
num test  = 38948 
-------------------------------------------------------------------------------- 
model configuration 
-------------------------------------------------------------------------------- 
max epochs                = 80 
num params                = 2998120 
num compositional params  = 2868690 
word vector dim           = 50 
LSTM memory dim           = 150 
LSTM structure            = gru 
LSTM layers               = 1 
regularization strength   = 1.00e-04 
minibatch size            = 1 
learning rate             = 5.00e-02 
word vector learning rate = 1.00e-01 
dropout                   = true 
cuda                      = true 
image feature dim         = 1024 
-------------------------------------------------------------------------------- 
Training model 
-------------------------------------------------------------------------------- 
-- epoch 1 
-- finished epoch in 598.43s 
-- train score: 0.46969619995936, cost 517.62s 
-- test score: 0.44731436787512, cost 256.02s 
-- epoch 2 
-- finished epoch in 604.65s 
-- train score: 0.53297094086568, cost 515.41s 
-- test score: 0.49620006162062, cost 254.75s 
-- epoch 3 
-- finished epoch in 600.86s 
-- train score: 0.57360038610039, cost 515.55s 
-- test score: 0.51812673308, cost 254.67s 
-- epoch 4 
-- finished epoch in 601.12s 
-- train score: 0.6042598049177, cost 516.41s 
-- test score: 0.54020745609531, cost 252.36s 
-- epoch 5 
-- finished epoch in 606.57s 
-- train score: 0.62752743344849, cost 508.31s 
-- test score: 0.5423641778782, cost 251.48s 
-- epoch 6 
-- finished epoch in 602.35s 
-- train score: 0.65360191018086, cost 506.19s 
-- test score: 0.5556382869467, cost 250.09s 
-- epoch 7 
-- finished epoch in 597.67s 
-- train score: 0.67209408656777, cost 506.67s 
-- test score: 0.56215980281401, cost 250.39s 
-- epoch 8 
-- finished epoch in 597.54s 
-- train score: 0.68827474090632, cost 506.36s 
-- test score: 0.56375166889186, cost 250.23s 
-- epoch 9 
-- finished epoch in 597.66s 
-- train score: 0.70591597236334, cost 506.66s 
-- test score: 0.56346924103933, cost 251.29s 
-- epoch 10 
-- finished epoch in 603.91s 
-- train score: 0.71899766307661, cost 504.19s 
-- test score: 0.56436787511554, cost 251.67s 
-- epoch 11 
-- finished epoch in 599.81s 
-- train score: 0.73434007315586, cost 507.21s 
-- test score: 0.56919482386772, cost 250.84s 
-- epoch 12 
-- finished epoch in 602.25s 
-- train score: 0.74687563503353, cost 507.33s 
-- test score: 0.56732052993735, cost 250.88s 
-- epoch 13 
-- finished epoch in 599.31s 
-- train score: 0.76261176590124, cost 506.85s 
-- test score: 0.56755160727123, cost 251.43s 
-- epoch 14 
-- finished epoch in 591.52s 
-- train score: 0.77781446860394, cost 507.22s 
-- test score: 0.56747458149327, cost 248.64s 
-- epoch 15 
-- finished epoch in 602.44s 
-- train score: 0.78589209510262, cost 503.58s 
-- test score: 0.56708945260347, cost 249.08s 
-- epoch 16 
-- finished epoch in 605.09s 
-- train score: 0.79780532412111, cost 508.26s 
-- test score: 0.56542056074766, cost 251.18s 
-- epoch 17 
-- finished epoch in 599.67s 
-- train score: 0.81227138792928, cost 508.27s 
-- test score: 0.56326383896477, cost 251.16s 
-- epoch 18 
-- finished epoch in 592.34s 
-- train score: 0.81780888030888, cost 503.87s 
-- test score: 0.56765430830851, cost 252.30s 
-- epoch 19 
-- finished epoch in 598.04s 
-- train score: 0.82672475106686, cost 509.03s 
-- test score: 0.56513813289514, cost 251.46s 
-- epoch 20 
-- finished epoch in 590.59s 
-- train score: 0.83889199349726, cost 504.23s 
-- test score: 0.56518948341378, cost 248.92s 
-- epoch 21 
-- finished epoch in 592.23s 
-- train score: 0.84646159317212, cost 506.11s 
-- test score: 0.56506110711718, cost 249.64s 
-- epoch 22 
-- finished epoch in 593.87s 
-- train score: 0.85697774842512, cost 505.35s 
-- test score: 0.56262195748177, cost 249.70s 
-- epoch 23 
-- finished epoch in 593.01s 
-- train score: 0.86699857752489, cost 504.22s 
-- test score: 0.56115846770052, cost 249.17s 
-- epoch 24 
-- finished epoch in 603.53s 
-- train score: 0.87044045925625, cost 503.54s 
-- test score: 0.56395707096642, cost 270.28s 
-- epoch 25 
-- finished epoch in 605.49s 
-- train score: 0.87558423084739, cost 507.27s 
-- test score: 0.56069631303276, cost 250.75s 
-- epoch 26 
-- finished epoch in 587.10s 
-- train score: 0.88159164803902, cost 508.49s 
-- test score: 0.56316113792749, cost 252.35s 
-- epoch 27 
-- finished epoch in 604.11s 
-- train score: 0.88738315383052, cost 504.94s 
-- test score: 0.55895039539899, cost 249.37s 
-- epoch 28 
-- finished epoch in 603.97s 
-- train score: 0.8915870757976, cost 505.16s 
-- test score: 0.55825716339735, cost 249.49s 
-- epoch 29 
-- finished epoch in 603.58s 
-- train score: 0.89842003657793, cost 507.35s 
-- test score: 0.55723015302455, cost 249.81s 
-- epoch 30 
-- finished epoch in 604.81s 
-- train score: 0.90216673440358, cost 504.96s 
-- test score: 0.55815446236007, cost 249.45s 
-- epoch 31 
-- finished epoch in 604.31s 
-- train score: 0.90628175167649, cost 504.88s 
-- test score: 0.55735852932115, cost 249.86s 
-- epoch 32 
-- finished epoch in 607.87s 
-- train score: 0.91246697825645, cost 505.95s 
-- test score: 0.55771798295163, cost 249.91s 
-- epoch 33 
-- finished epoch in 606.68s 
-- train score: 0.91447368421053, cost 506.09s 
-- test score: 0.55738420458047, cost 250.18s 
-- epoch 34 
-- finished epoch in 604.78s 
-- train score: 0.9170392196708, cost 507.51s 
-- test score: 0.55553558590942, cost 251.05s 
-- epoch 35 
-- finished epoch in 676.54s 
-- train score: 0.92154795773217, cost 544.71s 
-- test score: 0.55748690561775, cost 250.95s 
-- epoch 36 
-- finished epoch in 614.36s 
-- train score: 0.92265291607397, cost 504.69s 
-- test score: 0.55458560131457, cost 249.42s 
-- epoch 37 
-- finished epoch in 592.99s 
-- train score: 0.92867303393619, cost 504.88s 
-- test score: 0.55561261168738, cost 259.58s 
-- epoch 38 
-- finished epoch in 665.57s 
-- train score: 0.93200060963219, cost 503.90s 
-- test score: 0.55515045701962, cost 248.81s 
-- epoch 39 
-- finished epoch in 602.55s 
-- train score: 0.9333468807153, cost 503.86s 
-- test score: 0.55337886412653, cost 250.79s 
-- epoch 40 
-- finished epoch in 592.42s 
-- train score: 0.93400731558626, cost 506.45s 
-- test score: 0.55340453938585, cost 249.69s 
-- epoch 41 
-- finished epoch in 603.71s 
-- train score: 0.93856685633001, cost 504.83s 
-- test score: 0.55230050323508, cost 249.45s 
-- epoch 42 
-- finished epoch in 603.76s 
