[program started on Sun Apr 24 06:05:53 2016] 
[command line arguments] 
rmdeter false 
model lstm 
im_fea GoogLeNet-1024.npy 
epochs 80 
dataset COCOQA 
cuda true 
capopt origin 
caponly false 
modelclass ImageVQA 
dim 150 
imageonly false 
textonly false 
layers 1 
im_fea_dim 1024 
caption false 
[----------------------] 
-------------------------------------------------------------------------------- 
LSTM for VQA 
-------------------------------------------------------------------------------- 
loading COCOQA datasets 
loading features 
num train = 78736 
num test  = 38948 
-------------------------------------------------------------------------------- 
model configuration 
-------------------------------------------------------------------------------- 
max epochs                = 80 
num params                = 1763000 
num compositional params  = 1322250 
regularization strength   = 1.00e-04 
minibatch size            = 1 
learning rate             = 5.00e-02 
dropout                   = true 
cuda                      = true 
image (only) feature dim  = 1024 
-------------------------------------------------------------------------------- 
Training model 
-------------------------------------------------------------------------------- 
-- epoch 1 
-- finished epoch in 88.64s 
-- train score: 0.48981406218248, cost 548.62s 
-- test score: 0.39909623087193, cost 231.72s 
-- epoch 2 
-- finished epoch in 96.32s 
-- train score: 0.53599370046738, cost 540.41s 
-- test score: 0.41709458765534, cost 228.06s 
-- epoch 3 
-- finished epoch in 86.64s 
-- train score: 0.56365576102418, cost 546.39s 
-- test score: 0.42068912396015, cost 231.82s 
-- epoch 4 
-- finished epoch in 91.04s 
-- train score: 0.57738518593782, cost 547.75s 
-- test score: 0.41999589195851, cost 231.97s 
-- epoch 5 
-- finished epoch in 95.25s 
-- train score: 0.58857447673237, cost 544.29s 
-- test score: 0.42032967032967, cost 231.92s 
-- epoch 6 
-- finished epoch in 90.53s 
-- train score: 0.60401849217639, cost 547.75s 
-- test score: 0.42900790797987, cost 232.09s 
-- epoch 7 
-- finished epoch in 93.17s 
-- train score: 0.60621570818939, cost 547.83s 
-- test score: 0.42638903152922, cost 231.91s 
-- epoch 8 
-- finished epoch in 123.97s 
-- train score: 0.6166937614306, cost 536.78s 
-- test score: 0.4316011091712, cost 231.97s 
-- epoch 9 
-- finished epoch in 109.90s 
-- train score: 0.61769711440764, cost 546.78s 
-- test score: 0.43116462976276, cost 231.76s 
-- epoch 10 
-- finished epoch in 163.07s 
-- train score: 0.62303139605771, cost 520.24s 
-- test score: 0.43378350621341, cost 231.96s 
-- epoch 11 
-- finished epoch in 106.78s 
-- train score: 0.62285358666938, cost 544.23s 
-- test score: 0.43560644962514, cost 232.00s 
-- epoch 12 
-- finished epoch in 96.98s 
-- train score: 0.62813706563707, cost 539.42s 
-- test score: 0.43288487213721, cost 231.86s 
-- epoch 13 
-- finished epoch in 115.64s 
-- train score: 0.62981355415566, cost 538.61s 
-- test score: 0.43509294443874, cost 231.92s 
-- epoch 14 
-- finished epoch in 99.66s 
-- train score: 0.62701940662467, cost 547.65s 
-- test score: 0.43124165554072, cost 231.87s 
-- epoch 15 
-- finished epoch in 92.98s 
-- train score: 0.63170595407438, cost 547.11s 
-- test score: 0.43696723836911, cost 232.11s 
-- epoch 16 
-- finished epoch in 90.81s 
-- train score: 0.6357955700061, cost 537.21s 
-- test score: 0.43481051658622, cost 231.92s 
-- epoch 17 
-- finished epoch in 87.78s 
-- train score: 0.63485572038204, cost 536.19s 
-- test score: 0.43421998562185, cost 228.44s 
-- epoch 18 
-- finished epoch in 121.22s 
-- train score: 0.6360622840886, cost 546.41s 
-- test score: 0.43673616103523, cost 232.10s 
-- epoch 19 
-- finished epoch in 104.55s 
-- train score: 0.63627819548872, cost 537.02s 
-- test score: 0.43506726917942, cost 232.07s 
-- epoch 20 
-- finished epoch in 88.53s 
-- train score: 0.64238721804511, cost 547.45s 
-- test score: 0.43524699599466, cost 232.04s 
-- epoch 21 
-- finished epoch in 89.30s 
-- train score: 0.64001219264377, cost 545.92s 
-- test score: 0.43689021259115, cost 231.98s 
-- epoch 22 
-- finished epoch in 191.12s 
-- train score: 0.64116795366795, cost 547.16s 
-- test score: 0.43917531067064, cost 231.95s 
-- epoch 23 
-- finished epoch in 91.79s 
-- train score: 0.64483844747003, cost 547.36s 
-- test score: 0.43724966622163, cost 231.91s 
-- epoch 24 
-- finished epoch in 95.81s 
-- train score: 0.64067262751473, cost 546.00s 
-- test score: 0.43853342918763, cost 232.07s 
-- epoch 25 
-- finished epoch in 97.97s 
-- train score: 0.6451813655761, cost 541.19s 
-- test score: 0.43742939303687, cost 231.93s 
-- epoch 26 
-- finished epoch in 222.50s 
-- train score: 0.64123145702093, cost 496.98s 
-- test score: 0.43658210947931, cost 232.04s 
-- epoch 27 
-- finished epoch in 90.11s 
-- train score: 0.64440662466978, cost 544.28s 
-- test score: 0.43730101674027, cost 232.05s 
-- epoch 28 
-- finished epoch in 214.45s 
-- train score: 0.64683245275351, cost 478.35s 
-- test score: 0.43732669199959, cost 231.88s 
-- epoch 29 
-- finished epoch in 188.84s 
-- train score: 0.64811522048364, cost 480.02s 
-- test score: 0.44169148608401, cost 232.02s 
-- epoch 30 
-- finished epoch in 173.71s 
-- train score: 0.64852164194269, cost 484.11s 
-- test score: 0.44194823867721, cost 232.07s 
-- epoch 31 
-- finished epoch in 173.07s 
-- train score: 0.64551158301158, cost 487.24s 
-- test score: 0.44125500667557, cost 231.94s 
-- epoch 32 
-- finished epoch in 174.23s 
-- train score: 0.64577829709409, cost 491.27s 
-- test score: 0.43786587244531, cost 231.90s 
-- epoch 33 
-- finished epoch in 194.28s 
-- train score: 0.64434312131681, cost 470.99s 
-- test score: 0.44074150148917, cost 231.92s 
-- epoch 34 
-- finished epoch in 191.77s 
-- train score: 0.64622282056493, cost 474.87s 
-- test score: 0.43812262503851, cost 232.11s 
-- epoch 35 
-- finished epoch in 200.98s 
-- train score: 0.64643873196505, cost 469.23s 
-- test score: 0.44187121289925, cost 238.14s 
-- epoch 36 
-- finished epoch in 186.43s 
-- train score: 0.64777230237757, cost 469.03s 
-- test score: 0.44138338297217, cost 233.14s 
-- epoch 37 
-- finished epoch in 194.98s 
-- train score: 0.64681975208291, cost 468.82s 
-- test score: 0.44045907363664, cost 240.76s 
-- epoch 38 
-- finished epoch in 185.29s 
-- train score: 0.64991871570819, cost 468.88s 
-- test score: 0.44007394474684, cost 242.55s 
-- epoch 39 
-- finished epoch in 189.09s 
-- train score: 0.65287797195692, cost 469.19s 
-- test score: 0.43858477970628, cost 249.36s 
-- epoch 40 
-- finished epoch in 168.24s 
-- train score: 0.65021083113188, cost 468.85s 
-- test score: 0.44115230563829, cost 247.34s 
-- epoch 41 
-- finished epoch in 193.21s 
-- train score: 0.64557508636456, cost 471.74s 
-- test score: 0.44169148608401, cost 249.11s 
-- epoch 42 
-- finished epoch in 170.87s 
-- train score: 0.65209053038, cost 469.44s 
-- test score: 0.44020232104344, cost 261.68s 
-- epoch 43 
-- finished epoch in 159.25s 
-- train score: 0.65225563909774, cost 468.58s 
-- test score: 0.44112663037897, cost 232.50s 
-- epoch 44 
-- finished epoch in 224.82s 
-- train score: 0.65092206868523, cost 468.42s 
-- test score: 0.43853342918763, cost 307.12s 
-- epoch 45 
-- finished epoch in 92.71s 
-- train score: 0.65029973582605, cost 469.06s 
-- test score: 0.43858477970628, cost 307.01s 
-- epoch 46 
-- finished epoch in 93.99s 
-- train score: 0.65259855720382, cost 470.04s 
-- test score: 0.44194823867721, cost 309.66s 
-- epoch 47 
-- finished epoch in 95.24s 
-- train score: 0.65250965250965, cost 469.86s 
-- test score: 0.44284687275341, cost 310.69s 
-- epoch 48 
-- finished epoch in 106.28s 
-- train score: 0.6523826458037, cost 469.62s 
-- test score: 0.4387388312622, cost 310.68s 
-- epoch 49 
-- finished epoch in 98.11s 
-- train score: 0.64758179231863, cost 470.13s 
-- test score: 0.44146040875013, cost 300.15s 
-- epoch 50 
-- finished epoch in 115.25s 
-- train score: 0.65253505385084, cost 469.59s 
-- test score: 0.44212796549245, cost 301.65s 
-- epoch 51 
-- finished epoch in 121.31s 
-- train score: 0.65075695996749, cost 469.82s 
-- test score: 0.44022799630276, cost 311.40s 
-- epoch 52 
-- finished epoch in 91.97s 
-- train score: 0.65037593984962, cost 469.45s 
-- test score: 0.44271849645681, cost 308.59s 
-- epoch 53 
-- finished epoch in 108.40s 
-- train score: 0.65330979475716, cost 468.90s 
-- test score: 0.44310362534662, cost 310.66s 
-- epoch 54 
-- finished epoch in 86.93s 
-- train score: 0.65377971956919, cost 468.99s 
-- test score: 0.44366848105166, cost 308.17s 
-- epoch 55 
-- finished epoch in 97.93s 
-- train score: 0.65167140825036, cost 469.04s 
-- test score: 0.44323200164322, cost 296.88s 
-- epoch 56 
-- finished epoch in 142.48s 
-- train score: 0.65243344848608, cost 468.89s 
-- test score: 0.44328335216186, cost 306.66s 
-- epoch 57 
-- finished epoch in 102.27s 
-- train score: 0.65460526315789, cost 468.94s 
-- test score: 0.44161446030605, cost 304.00s 
-- epoch 58 
-- finished epoch in 95.24s 
-- train score: 0.6509855720382, cost 469.07s 
-- test score: 0.44151175926877, cost 305.15s 
-- epoch 59 
-- finished epoch in 156.93s 
-- train score: 0.65522759601707, cost 546.21s 
-- test score: 0.44243606860429, cost 231.93s 
-- epoch 60 
-- finished epoch in 103.48s 
-- train score: 0.65085856533225, cost 545.84s 
-- test score: 0.44413063571942, cost 231.96s 
-- epoch 61 
-- finished epoch in 155.74s 
-- train score: 0.65491007925218, cost 520.63s 
-- test score: 0.44639005853959, cost 231.93s 
-- epoch 62 
-- finished epoch in 92.91s 
-- train score: 0.6523826458037, cost 546.66s 
-- test score: 0.43943206326384, cost 231.94s 
-- epoch 63 
-- finished epoch in 89.86s 
-- train score: 0.65356380816907, cost 546.66s 
-- test score: 0.44554277498203, cost 232.06s 
-- epoch 64 
-- finished epoch in 94.04s 
-- train score: 0.65261125787442, cost 546.00s 
-- test score: 0.44405360994146, cost 232.14s 
-- epoch 65 
-- finished epoch in 94.72s 
-- train score: 0.65440205242837, cost 548.24s 
-- test score: 0.44125500667557, cost 232.01s 
-- epoch 66 
-- finished epoch in 94.64s 
-- train score: 0.64999491973176, cost 540.08s 
-- test score: 0.44351442949574, cost 232.08s 
-- epoch 67 
-- finished epoch in 103.79s 
-- train score: 0.65638335704125, cost 546.60s 
-- test score: 0.44518332135155, cost 232.09s 
-- epoch 68 
-- finished epoch in 104.34s 
-- train score: 0.65436395041658, cost 532.91s 
-- test score: 0.4430779500873, cost 232.01s 
-- epoch 69 
-- finished epoch in 108.61s 
-- train score: 0.65239534647429, cost 544.72s 
-- test score: 0.44171716134333, cost 231.98s 
-- epoch 70 
-- finished epoch in 89.86s 
-- train score: 0.65419884169884, cost 537.13s 
-- test score: 0.44194823867721, cost 232.05s 
-- epoch 71 
-- finished epoch in 149.02s 
-- train score: 0.65435124974599, cost 527.49s 
-- test score: 0.44276984697545, cost 232.42s 
-- epoch 72 
-- finished epoch in 123.41s 
-- train score: 0.6543131477342, cost 544.32s 
-- test score: 0.44189688815857, cost 232.57s 
-- epoch 73 
-- finished epoch in 129.97s 
-- train score: 0.65529109937005, cost 343.47s 
-- test score: 0.44438738831262, cost 221.12s 
-- epoch 74 
