[program started on Tue Apr 26 21:23:21 2016] 
[command line arguments] 
rmdeter true 
model lstm 
im_fea GoogLeNet-1024.npy 
epochs 80 
dataset COCOQA 
cuda true 
capopt origin 
caponly false 
modelclass ConcatVQA 
dim 150 
imageonly false 
textonly false 
layers 1 
im_fea_dim 1024 
caption false 
[----------------------] 
-------------------------------------------------------------------------------- 
LSTM for VQA 
-------------------------------------------------------------------------------- 
loading COCOQA datasets 
Remove determiner done. 
loading features 
num train = 78736 
num test  = 38948 
-------------------------------------------------------------------------------- 
model configuration 
-------------------------------------------------------------------------------- 
max epochs                = 80 
num params                = 956230 
num compositional params  = 826800 
word vector dim           = 50 
LSTM memory dim           = 150 
LSTM structure            = lstm 
LSTM layers               = 1 
regularization strength   = 1.00e-04 
minibatch size            = 1 
learning rate             = 5.00e-02 
word vector learning rate = 1.00e-01 
dropout                   = true 
cuda                      = true 
image feature dim         = 1024 
-------------------------------------------------------------------------------- 
Training model 
-------------------------------------------------------------------------------- 
-- epoch 1 
-- finished epoch in 767.39s 
-- train score: 0.45702093070514, cost 689.53s 
-- test score: 0.43801992400123, cost 369.11s 
-- epoch 2 
-- finished epoch in 663.60s 
-- train score: 0.50950010160536, cost 721.13s 
-- test score: 0.47660983875937, cost 339.72s 
-- epoch 3 
-- finished epoch in 661.15s 
-- train score: 0.54586212152002, cost 719.45s 
-- test score: 0.50130943822533, cost 341.66s 
-- epoch 4 
-- finished epoch in 741.48s 
-- train score: 0.57380359682991, cost 687.51s 
-- test score: 0.51609838759371, cost 363.79s 
-- epoch 5 
-- finished epoch in 688.46s 
-- train score: 0.60307864255233, cost 737.57s 
-- test score: 0.53620211564137, cost 340.74s 
-- epoch 6 
-- finished epoch in 657.57s 
-- train score: 0.61937360292623, cost 724.36s 
-- test score: 0.54000205402075, cost 341.74s 
-- epoch 7 
-- finished epoch in 742.38s 
-- train score: 0.63814519406625, cost 689.23s 
-- test score: 0.54649789462874, cost 362.70s 
-- epoch 8 
-- finished epoch in 688.75s 
-- train score: 0.65621824832351, cost 707.66s 
-- test score: 0.552454554791, cost 351.05s 
-- epoch 9 
-- finished epoch in 657.56s 
-- train score: 0.6659215606584, cost 718.78s 
-- test score: 0.55599774057718, cost 339.72s 
-- epoch 10 
-- finished epoch in 707.19s 
-- train score: 0.68297856126803, cost 701.33s 
-- test score: 0.55630584368902, cost 342.85s 
-- epoch 11 
-- finished epoch in 733.17s 
-- train score: 0.69322800243853, cost 687.93s 
-- test score: 0.55889904488035, cost 364.09s 
-- epoch 12 
-- finished epoch in 657.46s 
-- train score: 0.70883712660028, cost 719.20s 
-- test score: 0.56241655540721, cost 340.03s 
-- epoch 13 
-- finished epoch in 657.82s 
-- train score: 0.7168004470636, cost 722.88s 
-- test score: 0.56205710177673, cost 339.45s 
-- epoch 14 
-- finished epoch in 742.10s 
-- train score: 0.72680857549279, cost 687.30s 
-- test score: 0.56339221526137, cost 355.67s 
-- epoch 15 
-- finished epoch in 698.29s 
-- train score: 0.73437817516765, cost 704.19s 
-- test score: 0.56352059155797, cost 356.55s 
-- epoch 16 
-- finished epoch in 657.71s 
-- train score: 0.74625330217435, cost 717.63s 
-- test score: 0.56657594741707, cost 339.91s 
-- epoch 17 
-- finished epoch in 696.68s 
-- train score: 0.75480085348506, cost 702.45s 
-- test score: 0.56588271541543, cost 340.05s 
-- epoch 18 
-- finished epoch in 740.76s 
-- train score: 0.76308169071327, cost 689.76s 
-- test score: 0.56500975659854, cost 370.73s 
-- epoch 19 
-- finished epoch in 661.64s 
-- train score: 0.76898750254013, cost 717.84s 
-- test score: 0.56516380815446, cost 339.44s 
-- epoch 20 
-- finished epoch in 658.08s 
-- train score: 0.77569345661451, cost 719.02s 
-- test score: 0.56734620519667, cost 340.33s 
-- epoch 21 
-- finished epoch in 742.94s 
-- train score: 0.78488874212558, cost 691.65s 
-- test score: 0.56737188045599, cost 360.99s 
-- epoch 22 
-- finished epoch in 693.23s 
-- train score: 0.78937207884576, cost 707.72s 
-- test score: 0.56883537023724, cost 353.63s 
-- epoch 23 
-- finished epoch in 657.83s 
-- train score: 0.80085348506401, cost 713.98s 
-- test score: 0.56398274622574, cost 340.47s 
-- epoch 24 
-- finished epoch in 694.79s 
-- train score: 0.80231406218248, cost 704.23s 
-- test score: 0.56809078771696, cost 339.63s 
-- epoch 25 
-- finished epoch in 739.55s 
-- train score: 0.80743243243243, cost 687.04s 
-- test score: 0.5683988908288, cost 370.76s 
-- epoch 26 
-- finished epoch in 655.60s 
-- train score: 0.81389707376549, cost 726.39s 
-- test score: 0.56706377734415, cost 341.20s 
-- epoch 27 
-- finished epoch in 658.83s 
-- train score: 0.82169528551107, cost 731.70s 
-- test score: 0.56724350415939, cost 340.86s 
-- epoch 28 
-- finished epoch in 740.91s 
-- train score: 0.82658504369031, cost 687.00s 
-- test score: 0.56665297319503, cost 367.05s 
-- epoch 29 
-- finished epoch in 669.80s 
-- train score: 0.82902357244463, cost 717.74s 
-- test score: 0.56454760193078, cost 343.44s 
-- epoch 30 
-- finished epoch in 657.02s 
-- train score: 0.83165261125787, cost 717.00s 
-- test score: 0.56395707096642, cost 339.80s 
-- epoch 31 
-- finished epoch in 718.26s 
-- train score: 0.83909520422678, cost 696.32s 
-- test score: 0.56536921022902, cost 347.00s 
-- epoch 32 
-- finished epoch in 726.34s 
-- train score: 0.84256248729933, cost 707.71s 
-- test score: 0.56526650919174, cost 362.31s 
-- epoch 33 
-- finished epoch in 657.77s 
-- train score: 0.84780786425523, cost 707.56s 
-- test score: 0.56526650919174, cost 340.31s 
-- epoch 34 
-- finished epoch in 674.17s 
-- train score: 0.85248171103434, cost 713.47s 
-- test score: 0.56452192667146, cost 339.88s 
-- epoch 35 
-- finished epoch in 739.30s 
-- train score: 0.85568228002439, cost 687.75s 
-- test score: 0.56634487008319, cost 363.66s 
-- epoch 36 
-- finished epoch in 678.47s 
-- train score: 0.85836212152002, cost 712.25s 
-- test score: 0.56670432371367, cost 347.59s 
-- epoch 37 
-- finished epoch in 659.11s 
-- train score: 0.85885744767324, cost 720.86s 
-- test score: 0.56611379274931, cost 340.35s 
-- epoch 38 
-- finished epoch in 720.89s 
-- train score: 0.86543639504166, cost 695.61s 
-- test score: 0.56416247304098, cost 349.21s 
-- epoch 39 
-- finished epoch in 717.31s 
-- train score: 0.86613493192441, cost 694.98s 
-- test score: 0.56513813289514, cost 366.40s 
-- epoch 40 
-- finished epoch in 658.18s 
-- train score: 0.86911958951433, cost 720.91s 
-- test score: 0.56403409674438, cost 340.40s 
-- epoch 41 
-- finished epoch in 683.64s 
-- train score: 0.87366642958748, cost 711.48s 
-- test score: 0.56439355037486, cost 339.98s 
-- epoch 42 
-- finished epoch in 740.04s 
-- train score: 0.87613035968299, cost 687.13s 
-- test score: 0.5650867823765, cost 358.89s 
-- epoch 43 
-- finished epoch in 683.14s 
-- train score: 0.88047398902662, cost 708.27s 
-- test score: 0.56156927184965, cost 347.24s 
-- epoch 44 
-- finished epoch in 656.99s 
-- train score: 0.88027077829709, cost 718.97s 
-- test score: 0.56064496251412, cost 339.75s 
-- epoch 45 
-- finished epoch in 703.09s 
-- train score: 0.88730694980695, cost 704.55s 
-- test score: 0.56082468932936, cost 340.10s 
-- epoch 46 
-- finished epoch in 740.27s 
-- train score: 0.88762446657184, cost 687.65s 
-- test score: 0.56172332340557, cost 375.52s 
-- epoch 47 
-- finished epoch in 658.85s 
-- train score: 0.88787847998374, cost 720.26s 
-- test score: 0.56241655540721, cost 339.79s 
-- epoch 48 
-- finished epoch in 661.44s 
-- train score: 0.89350487705751, cost 718.15s 
-- test score: 0.56310978740885, cost 339.88s 
-- epoch 49 
-- finished epoch in 739.97s 
-- train score: 0.89232371469214, cost 687.51s 
-- test score: 0.56208277703605, cost 360.09s 
-- epoch 50 
-- finished epoch in 689.04s 
-- train score: 0.89434312131681, cost 708.33s 
-- test score: 0.55987470473452, cost 351.94s 
-- epoch 51 
