[program started on Mon Jan 25 14:36:54 2016] 
[command line arguments] 
[----------------------] 
-------------------------------------------------------------------------------- 
LSTM for VQA with text only 
-------------------------------------------------------------------------------- 
loading COCOQA datasets 
Append captions with question done. 
Remove determiner done. 
num train = 78736 
num test  = 38948 
-------------------------------------------------------------------------------- 
model configuration 
-------------------------------------------------------------------------------- 
max epochs                = 100 
num params                = 95230 
num compositional params  = 30300 
word vector dim           = 50 
LSTM memory dim           = 150 
LSTM structure            = rnn 
LSTM layers               = 1 
regularization strength   = 1.00e-04 
minibatch size            = 1 
learning rate             = 5.00e-02 
word vector learning rate = 1.00e-01 
dropout                   = true 
cuda                      = true 
image feature dim         = [text only] 
-------------------------------------------------------------------------------- 
Training model 
-------------------------------------------------------------------------------- 
-- epoch 1 
-- finished epoch in 390.24s 
-- train score: 0.11078794960374, cost 547.45s 
-- test score: 0.10650097565985, cost 268.39s 
-- epoch 2 
-- finished epoch in 371.19s 
-- train score: 0.19890520219468, cost 542.66s 
-- test score: 0.18617130533018, cost 268.33s 
-- epoch 3 
-- finished epoch in 369.95s 
-- train score: 0.30632747409063, cost 541.90s 
-- test score: 0.28425079593304, cost 267.96s 
-- epoch 4 
-- finished epoch in 370.41s 
-- train score: 0.35434870961187, cost 542.06s 
-- test score: 0.32961897915169, cost 267.84s 
-- epoch 5 
-- finished epoch in 370.36s 
-- train score: 0.37685429790693, cost 543.73s 
-- test score: 0.34849029475198, cost 268.77s 
-- epoch 6 
-- finished epoch in 371.20s 
-- train score: 0.40583722820565, cost 541.75s 
-- test score: 0.37113587347232, cost 271.96s 
-- epoch 7 
-- finished epoch in 397.06s 
-- train score: 0.42327524893314, cost 599.49s 
-- test score: 0.38471808565267, cost 290.21s 
-- epoch 8 
-- finished epoch in 370.34s 
-- train score: 0.43295315992684, cost 598.68s 
-- test score: 0.39159905515046, cost 311.57s 
-- epoch 9 
-- finished epoch in 385.01s 
-- train score: 0.44264377159114, cost 622.88s 
-- test score: 0.39735031323816, cost 317.40s 
-- epoch 10 
-- finished epoch in 390.69s 
-- train score: 0.44520930705141, cost 645.81s 
-- test score: 0.39668275649584, cost 319.39s 
-- epoch 11 
-- finished epoch in 390.58s 
-- train score: 0.44052275960171, cost 643.63s 
-- test score: 0.39290849337578, cost 319.34s 
-- epoch 12 
-- finished epoch in 390.72s 
-- train score: 0.45691932534038, cost 635.18s 
-- test score: 0.40048269487522, cost 315.99s 
-- epoch 13 
-- finished epoch in 389.84s 
-- train score: 0.46732117455802, cost 646.56s 
-- test score: 0.40371777754955, cost 319.78s 
-- epoch 14 
-- finished epoch in 390.40s 
-- train score: 0.47458595813859, cost 646.67s 
-- test score: 0.40898120571018, cost 320.21s 
-- epoch 15 
-- finished epoch in 390.21s 
-- train score: 0.47693558219874, cost 646.15s 
-- test score: 0.40764609222553, cost 319.73s 
-- epoch 16 
-- finished epoch in 390.33s 
-- train score: 0.48206665311928, cost 646.48s 
-- test score: 0.40661908185273, cost 319.40s 
-- epoch 17 
-- finished epoch in 390.08s 
-- train score: 0.48615626905101, cost 645.85s 
-- test score: 0.40659340659341, cost 319.79s 
-- epoch 18 
-- finished epoch in 390.35s 
-- train score: 0.4930908351961, cost 646.50s 
-- test score: 0.41095820067783, cost 319.52s 
-- epoch 19 
-- finished epoch in 390.61s 
-- train score: 0.4941957935379, cost 646.02s 
-- test score: 0.40651638081545, cost 319.56s 
-- epoch 20 
-- finished epoch in 390.44s 
-- train score: 0.50059693151798, cost 646.52s 
-- test score: 0.41095820067783, cost 319.44s 
-- epoch 21 
-- finished epoch in 390.42s 
-- train score: 0.50339107904897, cost 646.35s 
-- test score: 0.41116360275239, cost 319.76s 
-- epoch 22 
-- finished epoch in 390.55s 
-- train score: 0.5049786628734, cost 645.98s 
-- test score: 0.40880147889494, cost 319.48s 
-- epoch 23 
-- finished epoch in 390.50s 
-- train score: 0.50758230034546, cost 645.87s 
-- test score: 0.40754339118825, cost 319.61s 
-- epoch 24 
-- finished epoch in 390.79s 
-- train score: 0.51390723430197, cost 646.32s 
-- test score: 0.4100338913423, cost 319.56s 
-- epoch 25 
-- finished epoch in 390.60s 
-- train score: 0.51587583824426, cost 619.74s 
-- test score: 0.40700421074253, cost 310.98s 
-- epoch 26 
-- finished epoch in 390.02s 
-- train score: 0.51902560455192, cost 628.72s 
-- test score: 0.41142035534559, cost 311.02s 
-- epoch 27 
-- finished epoch in 384.94s 
-- train score: 0.52051158301158, cost 542.09s 
-- test score: 0.40962308719318, cost 286.67s 
-- epoch 28 
-- finished epoch in 389.25s 
-- train score: 0.52593476935582, cost 627.07s 
-- test score: 0.40957173667454, cost 310.19s 
-- epoch 29 
-- finished epoch in 389.88s 
-- train score: 0.52951635846373, cost 629.59s 
-- test score: 0.40957173667454, cost 293.81s 
-- epoch 30 
-- finished epoch in 370.05s 
-- train score: 0.530418106076, cost 607.27s 
-- test score: 0.40970011297114, cost 316.18s 
-- epoch 31 
-- finished epoch in 386.07s 
-- train score: 0.53723836618573, cost 636.10s 
-- test score: 0.4096487624525, cost 315.23s 
-- epoch 32 
-- finished epoch in 389.58s 
-- train score: 0.53462202804308, cost 636.49s 
-- test score: 0.40993119030502, cost 315.37s 
-- epoch 33 
-- finished epoch in 390.33s 
-- train score: 0.54107396870555, cost 636.92s 
-- test score: 0.41124062853035, cost 314.88s 
-- epoch 34 
-- finished epoch in 390.02s 
-- train score: 0.54142958748222, cost 636.52s 
-- test score: 0.40946903563726, cost 314.76s 
-- epoch 35 
-- finished epoch in 390.15s 
-- train score: 0.54487146921357, cost 636.36s 
-- test score: 0.41257574201499, cost 289.24s 
-- epoch 36 
-- finished epoch in 369.75s 
-- train score: 0.54715758992075, cost 541.73s 
-- test score: 0.40826229844921, cost 267.88s 
-- epoch 37 
-- finished epoch in 370.26s 
-- train score: 0.54907539118065, cost 565.81s 
-- test score: 0.41134332956763, cost 313.53s 
-- epoch 38 
-- finished epoch in 389.45s 
-- train score: 0.55081538305223, cost 636.57s 
-- test score: 0.40954606141522, cost 315.33s 
-- epoch 39 
-- finished epoch in 390.45s 
-- train score: 0.55239026620606, cost 637.80s 
-- test score: 0.41072712334395, cost 315.26s 
-- epoch 40 
-- finished epoch in 390.52s 
-- train score: 0.55247917090022, cost 637.66s 
-- test score: 0.40474478792236, cost 315.15s 
-- epoch 41 
-- finished epoch in 390.36s 
-- train score: 0.55481609428978, cost 636.76s 
-- test score: 0.40554072096128, cost 314.77s 
-- epoch 42 
-- finished epoch in 390.43s 
-- train score: 0.55846118675066, cost 622.17s 
-- test score: 0.41000821608298, cost 311.96s 
-- epoch 43 
-- finished epoch in 390.20s 
-- train score: 0.55735622840886, cost 631.09s 
-- test score: 0.40651638081545, cost 311.96s 
-- epoch 44 
-- finished epoch in 389.88s 
-- train score: 0.56241109530583, cost 635.03s 
-- test score: 0.40710691177981, cost 313.94s 
-- epoch 45 
-- finished epoch in 389.96s 
-- train score: 0.56313503352977, cost 635.56s 
-- test score: 0.40787716955941, cost 314.41s 
-- epoch 46 
-- finished epoch in 390.18s 
-- train score: 0.56430349522455, cost 635.64s 
-- test score: 0.40528396836808, cost 314.12s 
-- epoch 47 
-- finished epoch in 390.17s 
-- train score: 0.56410028449502, cost 635.62s 
-- test score: 0.40731231385437, cost 314.10s 
-- epoch 48 
-- finished epoch in 390.35s 
-- train score: 0.56578947368421, cost 623.10s 
-- test score: 0.40687583444593, cost 311.47s 
-- epoch 49 
-- finished epoch in 389.84s 
-- train score: 0.56778347896769, cost 629.87s 
-- test score: 0.40538666940536, cost 311.61s 
-- epoch 50 
-- finished epoch in 390.02s 
-- train score: 0.56750406421459, cost 631.87s 
-- test score: 0.40600287562904, cost 313.86s 
-- epoch 51 
-- finished epoch in 389.98s 
-- train score: 0.56727545214387, cost 634.49s 
-- test score: 0.40356372599363, cost 313.73s 
-- epoch 52 
-- finished epoch in 390.30s 
-- train score: 0.57417191627718, cost 635.27s 
-- test score: 0.4051812673308, cost 314.26s 
-- epoch 53 
-- finished epoch in 390.30s 
-- train score: 0.57586110546637, cost 634.88s 
-- test score: 0.40461641162576, cost 313.96s 
-- epoch 54 
-- finished epoch in 390.12s 
