[program started on Thu Jan 14 17:17:10 2016] 
[command line arguments] 
[----------------------] 
-------------------------------------------------------------------------------- 
LSTM for VQA with text only 
-------------------------------------------------------------------------------- 
loading COCOQA datasets 
Append captions with question done. 
Remove determiner done. 
num train = 78736 
num test  = 38948 
-------------------------------------------------------------------------------- 
model configuration 
-------------------------------------------------------------------------------- 
max epochs                = 100 
num params                = 186130 
num compositional params  = 121200 
word vector dim           = 50 
LSTM memory dim           = 150 
LSTM structure            = lstm 
LSTM layers               = 1 
regularization strength   = 1.00e-04 
minibatch size            = 1 
learning rate             = 5.00e-02 
word vector learning rate = 1.00e-01 
dropout                   = true 
cuda                      = true 
image feature dim         = [text only] 
-------------------------------------------------------------------------------- 
Training model 
-------------------------------------------------------------------------------- 
-- epoch 1 
-- finished epoch in 1023.02s 
-- train score: 0.37835297703719, cost 661.05s 
-- test score: 0.3740371777755, cost 326.79s 
-- epoch 2 
-- finished epoch in 1000.53s 
-- train score: 0.50715047754521, cost 661.11s 
-- test score: 0.49542980384102, cost 326.83s 
-- epoch 3 
-- finished epoch in 1004.93s 
-- train score: 0.56938376346271, cost 662.28s 
-- test score: 0.5465749204067, cost 327.46s 
-- epoch 4 
-- finished epoch in 1004.55s 
-- train score: 0.60575848404796, cost 663.19s 
-- test score: 0.57432987573174, cost 327.90s 
-- epoch 5 
-- finished epoch in 1000.28s 
-- train score: 0.63126143060354, cost 663.16s 
-- test score: 0.59237958303379, cost 327.76s 
-- epoch 6 
-- finished epoch in 998.00s 
-- train score: 0.65469416785206, cost 662.91s 
-- test score: 0.6032402177262, cost 327.64s 
-- epoch 7 
-- finished epoch in 996.32s 
-- train score: 0.67841902052428, cost 662.16s 
-- test score: 0.61720755879634, cost 327.99s 
-- epoch 8 
-- finished epoch in 1001.55s 
-- train score: 0.69513310302784, cost 660.50s 
-- test score: 0.62470473451782, cost 328.65s 
-- epoch 9 
-- finished epoch in 999.97s 
-- train score: 0.70604297906929, cost 664.76s 
-- test score: 0.62886412652768, cost 328.53s 
-- epoch 10 
-- finished epoch in 999.55s 
-- train score: 0.72302377565535, cost 664.36s 
-- test score: 0.63376810105782, cost 328.56s 
-- epoch 11 
-- finished epoch in 1000.18s 
-- train score: 0.73468299126194, cost 664.63s 
-- test score: 0.6374396631406, cost 328.56s 
-- epoch 12 
-- finished epoch in 1002.48s 
-- train score: 0.74735826051616, cost 664.64s 
-- test score: 0.64154770463182, cost 327.81s 
-- epoch 13 
-- finished epoch in 997.14s 
-- train score: 0.75613442389758, cost 662.88s 
-- test score: 0.64265174078258, cost 327.73s 
-- epoch 14 
-- finished epoch in 997.57s 
-- train score: 0.76628225970331, cost 664.42s 
-- test score: 0.64491116360275, cost 328.18s 
-- epoch 15 
-- finished epoch in 1004.02s 
-- train score: 0.77508382442593, cost 664.13s 
-- test score: 0.64272876656054, cost 328.34s 
-- epoch 16 
-- finished epoch in 999.78s 
-- train score: 0.78130715301768, cost 664.10s 
-- test score: 0.64200985929958, cost 328.44s 
-- epoch 17 
-- finished epoch in 999.75s 
-- train score: 0.79047703718756, cost 664.31s 
-- test score: 0.64403820478587, cost 328.40s 
-- epoch 18 
-- finished epoch in 1013.80s 
-- train score: 0.79597642755537, cost 663.11s 
-- test score: 0.64403820478587, cost 327.99s 
-- epoch 19 
-- finished epoch in 999.93s 
-- train score: 0.80482879496037, cost 663.21s 
-- test score: 0.64283146759782, cost 327.84s 
-- epoch 20 
-- finished epoch in 998.53s 
-- train score: 0.81382086974192, cost 663.28s 
-- test score: 0.64421793160111, cost 327.97s 
-- epoch 21 
-- finished epoch in 1001.58s 
-- train score: 0.82150477545214, cost 663.69s 
-- test score: 0.64385847797063, cost 328.03s 
-- epoch 22 
-- finished epoch in 1014.52s 
-- train score: 0.82503556187767, cost 716.22s 
-- test score: 0.64373010167403, cost 363.75s 
-- epoch 23 
-- finished epoch in 1179.95s 
-- train score: 0.83235114814062, cost 735.85s 
-- test score: 0.64147067885386, cost 363.72s 
-- epoch 24 
-- finished epoch in 1104.77s 
-- train score: 0.8393238162975, cost 726.90s 
-- test score: 0.64234363767074, cost 362.21s 
-- epoch 25 
-- finished epoch in 1173.05s 
-- train score: 0.84531853281853, cost 732.64s 
-- test score: 0.64308822019102, cost 362.19s 
-- epoch 26 
-- finished epoch in 1172.95s 
-- train score: 0.84672830725462, cost 732.76s 
-- test score: 0.63859504981, cost 362.09s 
-- epoch 27 
-- finished epoch in 1173.06s 
-- train score: 0.85373907742329, cost 732.68s 
-- test score: 0.64082879737085, cost 362.17s 
-- epoch 28 
-- finished epoch in 1016.85s 
-- train score: 0.85751117659012, cost 662.11s 
-- test score: 0.63939098284893, cost 327.34s 
-- epoch 29 
-- finished epoch in 995.45s 
-- train score: 0.86516968095915, cost 662.20s 
-- test score: 0.63972476122009, cost 327.33s 
-- epoch 30 
-- finished epoch in 995.65s 
-- train score: 0.86737959764276, cost 661.98s 
-- test score: 0.63851802403204, cost 327.29s 
-- epoch 31 
-- finished epoch in 997.98s 
-- train score: 0.87158351960984, cost 662.12s 
-- test score: 0.63733696210332, cost 327.27s 
-- epoch 32 
-- finished epoch in 995.50s 
-- train score: 0.87676539321276, cost 662.25s 
-- test score: 0.63877477662524, cost 327.25s 
-- epoch 33 
-- finished epoch in 995.60s 
-- train score: 0.88138843730949, cost 662.02s 
-- test score: 0.63890315292184, cost 327.29s 
-- epoch 34 
-- finished epoch in 1000.39s 
-- train score: 0.88585907335907, cost 661.99s 
-- test score: 0.63520591557975, cost 327.22s 
-- epoch 35 
-- finished epoch in 1002.26s 
-- train score: 0.88673541963016, cost 664.18s 
-- test score: 0.63415322994762, cost 328.39s 
-- epoch 36 
-- finished epoch in 1000.11s 
-- train score: 0.8885389148547, cost 664.21s 
-- test score: 0.63376810105782, cost 328.37s 
-- epoch 37 
-- finished epoch in 1000.02s 
-- train score: 0.89751828896566, cost 664.37s 
-- test score: 0.63405052891034, cost 328.35s 
-- epoch 38 
-- finished epoch in 999.87s 
-- train score: 0.89638792928267, cost 678.65s 
-- test score: 0.63641265276779, cost 363.90s 
-- epoch 39 
-- finished epoch in 1178.44s 
-- train score: 0.89975360699045, cost 686.98s 
-- test score: 0.63358837424258, cost 348.12s 
-- epoch 40 
-- finished epoch in 1132.77s 
-- train score: 0.90285257061573, cost 664.05s 
-- test score: 0.63181678134949, cost 328.21s 
-- epoch 41 
-- finished epoch in 998.05s 
-- train score: 0.9056848201585, cost 664.01s 
-- test score: 0.63089247201397, cost 328.27s 
-- epoch 42 
