[program started on Fri Apr  1 04:35:30 2016] 
[command line arguments] 
rmdeter true 
caponly false 
dataset COCOQA 
cuda true 
caption true 
epochs 50 
modelclass LSTMVQA 
capopt origin 
model gru 
textonly true 
layers 1 
im_fea_dim 1024 
dim 150 
[----------------------] 
-------------------------------------------------------------------------------- 
LSTM for VQA with text only 
-------------------------------------------------------------------------------- 
loading COCOQA datasets 
Append captions with question done. 
Remove determiner done. 
num train = 78736 
num test  = 38948 
-------------------------------------------------------------------------------- 
model configuration 
-------------------------------------------------------------------------------- 
max epochs                = 50 
num params                = 155830 
num compositional params  = 90900 
word vector dim           = 50 
LSTM memory dim           = 150 
LSTM structure            = gru 
LSTM layers               = 1 
regularization strength   = 1.00e-04 
minibatch size            = 1 
learning rate             = 5.00e-02 
word vector learning rate = 1.00e-01 
dropout                   = true 
cuda                      = true 
image feature dim         = [text only] 
-------------------------------------------------------------------------------- 
Training model 
-------------------------------------------------------------------------------- 
-- epoch 1 
-- finished epoch in 864.98s 
-- train score: 0.5121672424304, cost 619.67s 
-- test score: 0.49627708739858, cost 306.41s 
-- epoch 2 
-- finished epoch in 864.22s 
-- train score: 0.60138945336314, cost 616.51s 
-- test score: 0.57217315394885, cost 305.45s 
-- epoch 3 
-- finished epoch in 867.49s 
-- train score: 0.64398750254013, cost 615.95s 
-- test score: 0.60537126424977, cost 304.29s 
-- epoch 4 
-- finished epoch in 865.97s 
-- train score: 0.67333875228612, cost 617.09s 
-- test score: 0.62295881688405, cost 304.70s 
-- epoch 5 
-- finished epoch in 865.91s 
-- train score: 0.69353281853282, cost 615.45s 
-- test score: 0.63009653897504, cost 304.23s 
-- epoch 6 
-- finished epoch in 865.14s 
-- train score: 0.71342206868523, cost 615.71s 
-- test score: 0.6387234261066, cost 304.67s 
-- epoch 7 
-- finished epoch in 866.84s 
-- train score: 0.72755791505792, cost 637.19s 
-- test score: 0.64208688507754, cost 307.85s 
-- epoch 8 
-- finished epoch in 865.64s 
-- train score: 0.74605009144483, cost 618.28s 
-- test score: 0.64401252952655, cost 305.55s 
-- epoch 9 
-- finished epoch in 868.05s 
-- train score: 0.75997002641739, cost 618.64s 
-- test score: 0.64840299887029, cost 305.70s 
-- epoch 10 
-- finished epoch in 868.34s 
-- train score: 0.77032107295265, cost 619.27s 
-- test score: 0.64917325664989, cost 306.45s 
-- epoch 11 
-- finished epoch in 868.14s 
-- train score: 0.78142145905304, cost 620.37s 
-- test score: 0.64791516894321, cost 306.14s 
-- epoch 12 
-- finished epoch in 870.46s 
-- train score: 0.79339819142451, cost 620.04s 
-- test score: 0.6474016637568, cost 306.76s 
-- epoch 13 
-- finished epoch in 882.41s 
-- train score: 0.80312690510059, cost 677.46s 
-- test score: 0.64729896271952, cost 342.12s 
-- epoch 14 
-- finished epoch in 889.21s 
-- train score: 0.81288102011786, cost 666.84s 
-- test score: 0.64665708123652, cost 340.97s 
-- epoch 15 
-- finished epoch in 1018.31s 
-- train score: 0.82098404795773, cost 689.65s 
-- test score: 0.64724761220088, cost 340.85s 
-- epoch 16 
-- finished epoch in 1017.64s 
-- train score: 0.82870605567974, cost 690.10s 
-- test score: 0.6465030296806, cost 341.28s 
-- epoch 17 
-- finished epoch in 1017.89s 
-- train score: 0.83978104043894, cost 690.19s 
-- test score: 0.64478278730615, cost 341.19s 
-- epoch 18 
-- finished epoch in 913.81s 
-- train score: 0.84519152611258, cost 616.82s 
-- test score: 0.6422922871521, cost 304.17s 
-- epoch 19 
-- finished epoch in 864.70s 
-- train score: 0.85248171103434, cost 616.04s 
-- test score: 0.64149635411318, cost 304.71s 
-- epoch 20 
-- finished epoch in 864.43s 
-- train score: 0.85987350132087, cost 615.60s 
-- test score: 0.64144500359454, cost 304.12s 
-- epoch 21 
-- finished epoch in 865.10s 
-- train score: 0.86632544198334, cost 615.69s 
-- test score: 0.63900585395913, cost 304.65s 
-- epoch 22 
-- finished epoch in 866.42s 
-- train score: 0.86971652103231, cost 615.87s 
-- test score: 0.63687480743556, cost 304.42s 
-- epoch 23 
-- finished epoch in 866.37s 
-- train score: 0.8775020321073, cost 616.11s 
-- test score: 0.63918558077437, cost 306.42s 
-- epoch 24 
-- finished epoch in 851.08s 
-- train score: 0.88217587888641, cost 617.76s 
-- test score: 0.63500051350519, cost 305.74s 
-- epoch 25 
-- finished epoch in 851.02s 
