[program started on Fri Jan 29 01:43:14 2016] 
[command line arguments] 
[----------------------] 
-------------------------------------------------------------------------------- 
LSTM for VQA with text only 
-------------------------------------------------------------------------------- 
loading COCOQA datasets 
Append captions with question done. 
Remove determiner done. 
num train = 78736 
num test  = 38948 
-------------------------------------------------------------------------------- 
model configuration 
-------------------------------------------------------------------------------- 
max epochs                = 100 
num params                = 1823230 
num compositional params  = 1564800 
word vector dim           = 50 
LSTM memory dim           = 600 
LSTM structure            = lstm 
LSTM layers               = 1 
regularization strength   = 1.00e-04 
minibatch size            = 1 
learning rate             = 5.00e-02 
word vector learning rate = 1.00e-01 
dropout                   = true 
cuda                      = true 
image feature dim         = [text only] 
-------------------------------------------------------------------------------- 
Training model 
-------------------------------------------------------------------------------- 
-- epoch 1 
-- finished epoch in 1179.68s 
-- train score: 0.43573460678724, cost 664.28s 
-- test score: 0.42608092841738, cost 335.51s 
-- epoch 2 
-- finished epoch in 1153.52s 
-- train score: 0.54951991465149, cost 656.66s 
-- test score: 0.53191434733491, cost 324.21s 
-- epoch 3 
-- finished epoch in 1163.91s 
-- train score: 0.60525045722414, cost 662.99s 
-- test score: 0.57271233439458, cost 324.49s 
-- epoch 4 
-- finished epoch in 1153.36s 
-- train score: 0.65344950213371, cost 656.07s 
-- test score: 0.60786176440382, cost 324.34s 
-- epoch 5 
-- finished epoch in 1157.28s 
-- train score: 0.67825391180654, cost 655.49s 
-- test score: 0.6171562082777, cost 324.00s 
-- epoch 6 
-- finished epoch in 1152.88s 
-- train score: 0.70110241820768, cost 655.54s 
-- test score: 0.62783711615487, cost 324.89s 
-- epoch 7 
-- finished epoch in 1156.63s 
-- train score: 0.721245681772, cost 655.30s 
-- test score: 0.63484646194927, cost 323.93s 
-- epoch 8 
-- finished epoch in 1173.13s 
-- train score: 0.74378937207885, cost 656.47s 
-- test score: 0.64046934374037, cost 325.91s 
-- epoch 9 
-- finished epoch in 1158.27s 
-- train score: 0.76014783580573, cost 655.96s 
-- test score: 0.64162473040978, cost 324.25s 
-- epoch 10 
-- finished epoch in 1156.84s 
-- train score: 0.778754318228, cost 660.66s 
-- test score: 0.64439765841635, cost 323.64s 
-- epoch 11 
-- finished epoch in 1162.04s 
-- train score: 0.79654795773217, cost 657.67s 
-- test score: 0.64794084420253, cost 324.50s 
-- epoch 12 
-- finished epoch in 1159.32s 
-- train score: 0.81731355415566, cost 656.80s 
-- test score: 0.64796651946185, cost 324.70s 
-- epoch 13 
-- finished epoch in 1160.17s 
-- train score: 0.82874415769153, cost 674.10s 
-- test score: 0.64809489575845, cost 330.69s 
-- epoch 14 
-- finished epoch in 1160.12s 
-- train score: 0.84445488721805, cost 655.62s 
-- test score: 0.64616925130944, cost 324.09s 
-- epoch 15 
-- finished epoch in 1160.26s 
-- train score: 0.8523293029872, cost 655.83s 
-- test score: 0.64439765841635, cost 324.17s 
-- epoch 16 
-- finished epoch in 1157.68s 
-- train score: 0.86955141231457, cost 655.70s 
-- test score: 0.64516791619595, cost 324.10s 
-- epoch 17 
-- finished epoch in 1162.14s 
-- train score: 0.88471601300549, cost 655.14s 
-- test score: 0.64455170997227, cost 323.83s 
-- epoch 18 
-- finished epoch in 1156.74s 
-- train score: 0.89500355618777, cost 655.61s 
-- test score: 0.64360172537743, cost 323.80s 
-- epoch 19 
-- finished epoch in 1160.36s 
-- train score: 0.90658656777078, cost 656.12s 
-- test score: 0.64329362226558, cost 324.31s 
-- epoch 20 
-- finished epoch in 1158.50s 
-- train score: 0.91329252184515, cost 656.01s 
-- test score: 0.64324227174694, cost 324.33s 
-- epoch 21 
-- finished epoch in 1158.86s 
-- train score: 0.9253327575696, cost 656.04s 
-- test score: 0.64170175618774, cost 325.00s 
-- epoch 22 
-- finished epoch in 1160.22s 
-- train score: 0.93526468197521, cost 656.06s 
-- test score: 0.63864640032864, cost 324.26s 
-- epoch 23 
-- finished epoch in 1160.60s 
-- train score: 0.94369792725056, cost 657.01s 
-- test score: 0.63957070966417, cost 324.80s 
-- epoch 24 
-- finished epoch in 1161.56s 
-- train score: 0.95304562080878, cost 656.65s 
-- test score: 0.63980178699805, cost 324.59s 
-- epoch 25 
-- finished epoch in 1158.85s 
-- train score: 0.95514123145702, cost 658.43s 
-- test score: 0.63923693129301, cost 325.41s 
-- epoch 26 
