[program started on Sat Jan  2 00:42:53 2016] 
[command line arguments] 
[----------------------] 
-------------------------------------------------------------------------------- 
LSTM Continue for VQA 
-------------------------------------------------------------------------------- 
loading COCOQA datasets 
Remove determiner done. 
loading features 
num train = 78736 
num test  = 38948 
-------------------------------------------------------------------------------- 
model configuration 
-------------------------------------------------------------------------------- 
max epochs                = 100 
num params                = 226180 
num compositional params  = 161250 
word vector dim           = 50 
LSTM memory dim           = 150 
LSTM structure            = bow 
LSTM layers               = 1 
regularization strength   = 1.00e-04 
minibatch size            = 1 
learning rate             = 5.00e-02 
word vector learning rate = 1.00e-01 
dropout                   = true 
cuda                      = true 
image feature dim         = 1024 
-------------------------------------------------------------------------------- 
Continue Training model 
-------------------------------------------------------------------------------- 
-- epoch 50 
-- finished epoch in 172.96s 
-- train score: 0.52275960170697, cost 517.94s 
-- test score: 0.44305227482798, cost 294.25s 
-- epoch 51 
-- finished epoch in 168.41s 
-- train score: 0.58303698435277, cost 545.18s 
-- test score: 0.47797062750334, cost 273.46s 
-- epoch 52 
-- finished epoch in 167.80s 
-- train score: 0.62088498272709, cost 556.66s 
-- test score: 0.49702166991887, cost 257.03s 
-- epoch 53 
-- finished epoch in 167.87s 
-- train score: 0.63598608006503, cost 553.92s 
-- test score: 0.49596898428674, cost 255.84s 
-- epoch 54 
-- finished epoch in 169.85s 
-- train score: 0.66560404389352, cost 553.95s 
-- test score: 0.51055253158057, cost 256.15s 
-- epoch 55 
-- finished epoch in 156.79s 
-- train score: 0.68302936395042, cost 541.08s 
-- test score: 0.51812673308, cost 250.41s 
-- epoch 56 
-- finished epoch in 164.28s 
-- train score: 0.69545061979273, cost 557.51s 
-- test score: 0.52000102701037, cost 255.67s 
-- epoch 57 
-- finished epoch in 165.59s 
-- train score: 0.70045468400732, cost 556.93s 
-- test score: 0.52241450138646, cost 255.27s 
-- epoch 58 
-- finished epoch in 166.88s 
-- train score: 0.70689392399919, cost 552.39s 
-- test score: 0.5266765944336, cost 254.95s 
-- epoch 59 
-- finished epoch in 169.01s 
-- train score: 0.71586059743954, cost 549.63s 
-- test score: 0.52767792954709, cost 255.08s 
-- epoch 60 
-- finished epoch in 196.77s 
-- train score: 0.7251193863036, cost 529.62s 
-- test score: 0.52944952244018, cost 249.55s 
-- epoch 61 
-- finished epoch in 208.87s 
-- train score: 0.72989483844747, cost 513.31s 
-- test score: 0.53250487829927, cost 248.81s 
-- epoch 62 
-- finished epoch in 230.82s 
-- train score: 0.7342257671205, cost 514.30s 
-- test score: 0.53450754852624, cost 263.70s 
-- epoch 63 
-- finished epoch in 215.80s 
-- train score: 0.74305273318431, cost 515.84s 
-- test score: 0.53317243504159, cost 288.73s 
-- epoch 64 
-- finished epoch in 176.85s 
-- train score: 0.74681213168055, cost 517.06s 
-- test score: 0.54000205402075, cost 296.92s 
-- epoch 65 
-- finished epoch in 157.96s 
-- train score: 0.7547119487909, cost 508.79s 
-- test score: 0.53658724453117, cost 286.33s 
-- epoch 66 
-- finished epoch in 166.06s 
-- train score: 0.75426742532006, cost 515.80s 
-- test score: 0.53874396631406, cost 291.85s 
-- epoch 67 
-- finished epoch in 158.99s 
-- train score: 0.75956360495834, cost 518.22s 
-- test score: 0.54120879120879, cost 278.74s 
-- epoch 68 
-- finished epoch in 162.00s 
-- train score: 0.76706970128023, cost 552.08s 
-- test score: 0.5382818116463, cost 253.40s 
-- epoch 69 
-- finished epoch in 162.62s 
-- train score: 0.76704429993904, cost 540.80s 
-- test score: 0.53794803327514, cost 249.18s 
-- epoch 70 
-- finished epoch in 161.73s 
-- train score: 0.77562995326153, cost 552.60s 
-- test score: 0.53874396631406, cost 255.40s 
-- epoch 71 
-- finished epoch in 166.14s 
-- train score: 0.7723912822597, cost 550.92s 
-- test score: 0.53900071890726, cost 252.01s 
-- epoch 72 
-- finished epoch in 171.02s 
-- train score: 0.78115474497053, cost 558.46s 
-- test score: 0.54203039950704, cost 255.50s 
-- epoch 73 
-- finished epoch in 171.85s 
-- train score: 0.78018949400528, cost 553.15s 
-- test score: 0.5385385642395, cost 255.89s 
-- epoch 74 
-- finished epoch in 168.70s 
-- train score: 0.78309794757163, cost 552.97s 
-- test score: 0.54090068809695, cost 255.86s 
-- epoch 75 
-- finished epoch in 168.82s 
-- train score: 0.78628581589108, cost 542.67s 
-- test score: 0.54115744069015, cost 253.38s 
-- epoch 76 
-- finished epoch in 184.85s 
-- train score: 0.78826712050396, cost 545.07s 
-- test score: 0.5389236931293, cost 255.07s 
-- epoch 77 
-- finished epoch in 222.51s 
-- train score: 0.79236943710628, cost 524.29s 
-- test score: 0.54000205402075, cost 252.23s 
-- epoch 78 
-- finished epoch in 232.85s 
-- train score: 0.7950746799431, cost 519.03s 
-- test score: 0.54161959535791, cost 263.69s 
-- epoch 79 
-- finished epoch in 219.69s 
-- train score: 0.79550650274334, cost 517.11s 
-- test score: 0.53661291979049, cost 278.56s 
-- epoch 80 
-- finished epoch in 194.02s 
-- train score: 0.79908809185125, cost 517.61s 
-- test score: 0.53966827564958, cost 298.23s 
-- epoch 81 
-- finished epoch in 171.04s 
-- train score: 0.80416836008941, cost 516.62s 
-- test score: 0.53989935298347, cost 292.31s 
-- epoch 82 
-- finished epoch in 173.39s 
-- train score: 0.80119640317009, cost 518.76s 
-- test score: 0.53884666735134, cost 296.26s 
-- epoch 83 
-- finished epoch in 172.15s 
-- train score: 0.80454938020727, cost 539.60s 
-- test score: 0.544033069734, cost 259.52s 
-- epoch 84 
-- finished epoch in 164.45s 
-- train score: 0.80702601097338, cost 554.92s 
-- test score: 0.53897504364794, cost 255.07s 
-- epoch 85 
-- finished epoch in 166.97s 
-- train score: 0.80759754115017, cost 552.74s 
-- test score: 0.54059258498511, cost 255.21s 
-- epoch 86 
-- finished epoch in 164.63s 
-- train score: 0.80546382849014, cost 551.26s 
-- test score: 0.54010475505803, cost 255.32s 
-- epoch 87 
-- finished epoch in 170.25s 
-- train score: 0.81853281853282, cost 552.63s 
-- test score: 0.54321146143576, cost 256.24s 
-- epoch 88 
-- finished epoch in 169.72s 
-- train score: 0.81238569396464, cost 552.97s 
-- test score: 0.54308308513916, cost 254.48s 
-- epoch 89 
-- finished epoch in 152.21s 
-- train score: 0.81944726681569, cost 542.00s 
-- test score: 0.53971962616822, cost 252.18s 
-- epoch 90 
-- finished epoch in 170.11s 
-- train score: 0.81628479983743, cost 551.03s 
-- test score: 0.5377683064599, cost 256.52s 
-- epoch 91 
-- finished epoch in 166.01s 
-- train score: 0.81763107092054, cost 552.90s 
-- test score: 0.5437763171408, cost 250.34s 
-- epoch 92 
-- finished epoch in 196.30s 
-- train score: 0.8227240398293, cost 534.71s 
-- test score: 0.53912909520386, cost 255.42s 
-- epoch 93 
-- finished epoch in 218.65s 
-- train score: 0.8238289981711, cost 518.08s 
-- test score: 0.54105473965287, cost 254.83s 
-- epoch 94 
-- finished epoch in 235.44s 
-- train score: 0.82876955903272, cost 519.35s 
-- test score: 0.54108041491219, cost 258.97s 
-- epoch 95 
-- finished epoch in 227.28s 
-- train score: 0.83012853078643, cost 518.03s 
-- test score: 0.54200472424771, cost 266.20s 
-- epoch 96 
-- finished epoch in 211.38s 
-- train score: 0.83002692542166, cost 516.16s 
-- test score: 0.54059258498511, cost 281.33s 
-- epoch 97 
-- finished epoch in 174.47s 
-- train score: 0.83001422475107, cost 517.76s 
-- test score: 0.5398223272055, cost 296.93s 
-- epoch 98 
-- finished epoch in 165.69s 
-- train score: 0.83359581385897, cost 519.41s 
-- test score: 0.5439046934374, cost 297.00s 
-- epoch 99 
-- finished epoch in 167.50s 
-- train score: 0.82829963422069, cost 514.25s 
-- test score: 0.54020745609531, cost 286.23s 
-- epoch 100 
-- finished epoch in 151.26s 
-- train score: 0.8387649867913, cost 505.96s 
-- test score: 0.54185067269179, cost 284.37s 
finished training in 50007.18s 
best dev score is: 0.544033069734 
writing model to ./done/vqalstm-COCOQA-lstm.l1.d150.e83.c1-2016-01-02T143626.t7 
