[program started on Mon Jan 11 06:44:28 2016] 
[command line arguments] 
[----------------------] 
-------------------------------------------------------------------------------- 
LSTM for VQA 
-------------------------------------------------------------------------------- 
loading COCOQA datasets 
Remove determiner done. 
loading features 
num train = 78736 
num test  = 38948 
-------------------------------------------------------------------------------- 
model configuration 
-------------------------------------------------------------------------------- 
max epochs                = 100 
num params                = 1947410 
num compositional params  = 121200 
word vector dim           = 50 
LSTM memory dim           = 150 
LSTM structure            = lstm 
LSTM layers               = 1 
regularization strength   = 1.00e-04 
minibatch size            = 1 
learning rate             = 5.00e-02 
word vector learning rate = 1.00e-01 
dropout                   = true 
cuda                      = true 
image feature dim         = 4096 
-------------------------------------------------------------------------------- 
Training model 
-------------------------------------------------------------------------------- 
-- epoch 1 
-- finished epoch in 675.62s 
-- train score: 0.51957173338752, cost 656.34s 
-- test score: 0.38448700831878, cost 313.51s 
-- epoch 2 
-- finished epoch in 698.83s 
-- train score: 0.60809540743751, cost 636.00s 
-- test score: 0.41170278319811, cost 348.25s 
-- epoch 3 
-- finished epoch in 633.12s 
-- train score: 0.66142552326763, cost 636.08s 
-- test score: 0.4225377426312, cost 370.30s 
-- epoch 4 
-- finished epoch in 590.31s 
-- train score: 0.699679943101, cost 602.35s 
-- test score: 0.43424566088117, cost 249.45s 
-- epoch 5 
-- finished epoch in 563.53s 
-- train score: 0.72358260516155, cost 505.17s 
-- test score: 0.43979151689432, cost 249.50s 
-- epoch 6 
-- finished epoch in 562.58s 
-- train score: 0.74909825238773, cost 505.00s 
-- test score: 0.45096025469857, cost 249.48s 
-- epoch 7 
-- finished epoch in 568.21s 
-- train score: 0.77376295468401, cost 504.88s 
-- test score: 0.45719934271336, cost 249.55s 
-- epoch 8 
-- finished epoch in 563.71s 
-- train score: 0.77879242023979, cost 505.55s 
-- test score: 0.46230871931807, cost 249.76s 
-- epoch 9 
-- finished epoch in 563.70s 
-- train score: 0.80056136964032, cost 505.70s 
-- test score: 0.47070452911574, cost 249.81s 
-- epoch 10 
-- finished epoch in 560.84s 
-- train score: 0.80815637065637, cost 505.32s 
-- test score: 0.47132073533943, cost 248.96s 
-- epoch 11 
-- finished epoch in 562.77s 
-- train score: 0.81707224141435, cost 504.05s 
-- test score: 0.4775341480949, cost 249.13s 
-- epoch 12 
-- finished epoch in 560.52s 
-- train score: 0.83061115626905, cost 503.45s 
-- test score: 0.48066652973195, cost 248.80s 
-- epoch 13 
-- finished epoch in 568.23s 
-- train score: 0.83764732777891, cost 503.95s 
-- test score: 0.48156516380815, cost 249.19s 
-- epoch 14 
-- finished epoch in 567.10s 
-- train score: 0.842918106076, cost 503.03s 
-- test score: 0.48497997329773, cost 249.72s 
-- epoch 15 
-- finished epoch in 566.65s 
-- train score: 0.84729983743142, cost 503.53s 
-- test score: 0.48962719523467, cost 248.78s 
-- epoch 16 
-- finished epoch in 569.10s 
-- train score: 0.85423440357651, cost 504.12s 
-- test score: 0.48503132381637, cost 248.94s 
-- epoch 17 
-- finished epoch in 567.66s 
-- train score: 0.85695234708393, cost 504.41s 
-- test score: 0.48785560234158, cost 249.31s 
-- epoch 18 
-- finished epoch in 567.75s 
-- train score: 0.86047043283885, cost 504.67s 
-- test score: 0.4874961487111, cost 249.15s 
-- epoch 19 
-- finished epoch in 567.83s 
-- train score: 0.86378530786426, cost 504.70s 
-- test score: 0.49345280887337, cost 249.39s 
-- epoch 20 
-- finished epoch in 567.75s 
-- train score: 0.86881477342004, cost 503.73s 
-- test score: 0.49532710280374, cost 249.00s 
-- epoch 21 
-- finished epoch in 569.12s 
-- train score: 0.87524131274131, cost 504.10s 
-- test score: 0.49193796857348, cost 249.11s 
-- epoch 22 
-- finished epoch in 568.13s 
-- train score: 0.87878479983743, cost 504.22s 
-- test score: 0.49779192769847, cost 249.22s 
-- epoch 23 
-- finished epoch in 568.39s 
-- train score: 0.88326813655761, cost 503.92s 
-- test score: 0.49640546369518, cost 249.05s 
-- epoch 24 
-- finished epoch in 562.24s 
-- train score: 0.88176945742735, cost 503.02s 
-- test score: 0.49771490192051, cost 248.59s 
-- epoch 25 
-- finished epoch in 562.04s 
-- train score: 0.88457630562894, cost 504.08s 
-- test score: 0.50112971141009, cost 248.83s 
-- epoch 26 
-- finished epoch in 560.60s 
-- train score: 0.88886913229018, cost 503.36s 
-- test score: 0.50195131970833, cost 248.53s 
-- epoch 27 
-- finished epoch in 569.10s 
-- train score: 0.88825950010161, cost 504.18s 
-- test score: 0.49925541747972, cost 248.93s 
-- epoch 28 
-- finished epoch in 568.18s 
-- train score: 0.89312385693965, cost 504.40s 
-- test score: 0.49827975762555, cost 249.01s 
-- epoch 29 
-- finished epoch in 562.10s 
-- train score: 0.89210780329201, cost 503.35s 
-- test score: 0.49938379377632, cost 248.69s 
-- epoch 30 
-- finished epoch in 562.16s 
-- train score: 0.89500355618777, cost 504.28s 
-- test score: 0.50526342816062, cost 249.13s 
-- epoch 31 
-- finished epoch in 561.94s 
-- train score: 0.89638792928267, cost 520.13s 
-- test score: 0.50562288179111, cost 249.06s 
-- epoch 32 
-- finished epoch in 570.41s 
-- train score: 0.90144279617964, cost 504.23s 
-- test score: 0.5035688610455, cost 249.04s 
-- epoch 33 
-- finished epoch in 585.03s 
-- train score: 0.90383052225157, cost 504.05s 
-- test score: 0.50457019615898, cost 249.08s 
-- epoch 34 
-- finished epoch in 569.29s 
-- train score: 0.90122688477952, cost 503.82s 
-- test score: 0.50698367053507, cost 249.01s 
-- epoch 35 
-- finished epoch in 563.25s 
-- train score: 0.90300497866287, cost 504.72s 
-- test score: 0.50862688713156, cost 249.22s 
-- epoch 36 
-- finished epoch in 565.67s 
-- train score: 0.90563401747612, cost 509.04s 
-- test score: 0.50783095409264, cost 249.22s 
-- epoch 37 
-- finished epoch in 566.34s 
-- train score: 0.90758992074782, cost 503.81s 
-- test score: 0.51214439765842, cost 248.68s 
-- epoch 38 
-- finished epoch in 562.06s 
-- train score: 0.90551971144076, cost 504.03s 
-- test score: 0.50878093868748, cost 249.08s 
-- epoch 39 
-- finished epoch in 563.93s 
-- train score: 0.91132391790287, cost 503.21s 
-- test score: 0.50716339735031, cost 248.72s 
-- epoch 40 
-- finished epoch in 562.65s 
-- train score: 0.90925370859581, cost 504.49s 
-- test score: 0.50980794906029, cost 249.18s 
-- epoch 41 
-- finished epoch in 569.82s 
-- train score: 0.91312741312741, cost 504.95s 
-- test score: 0.51217007291774, cost 249.45s 
-- epoch 42 
-- finished epoch in 569.44s 
-- train score: 0.91319091648039, cost 504.53s 
-- test score: 0.50811338194516, cost 249.68s 
-- epoch 43 
-- finished epoch in 562.59s 
-- train score: 0.91532462914042, cost 504.73s 
-- test score: 0.50993632535689, cost 249.17s 
-- epoch 44 
-- finished epoch in 562.54s 
-- train score: 0.91063808169071, cost 504.57s 
-- test score: 0.51078360891445, cost 249.29s 
-- epoch 45 
-- finished epoch in 569.02s 
-- train score: 0.91381324933957, cost 504.11s 
-- test score: 0.51062955735853, cost 249.12s 
-- epoch 46 
-- finished epoch in 569.29s 
-- train score: 0.91500711237553, cost 504.32s 
-- test score: 0.51001335113485, cost 249.35s 
-- epoch 47 
-- finished epoch in 569.24s 
-- train score: 0.91780125990652, cost 504.95s 
-- test score: 0.50914039231796, cost 249.46s 
-- epoch 48 
-- finished epoch in 563.77s 
-- train score: 0.92157335907336, cost 505.39s 
-- test score: 0.51196467084318, cost 249.74s 
-- epoch 49 
-- finished epoch in 565.29s 
-- train score: 0.92101452956716, cost 504.13s 
-- test score: 0.51060388209921, cost 248.99s 
-- epoch 50 
-- finished epoch in 563.14s 
-- train score: 0.92243700467385, cost 504.57s 
-- test score: 0.51309438225326, cost 249.19s 
-- epoch 51 
-- finished epoch in 561.88s 
-- train score: 0.92277992277992, cost 503.82s 
-- test score: 0.51222142343638, cost 248.97s 
-- epoch 52 
-- finished epoch in 561.65s 
-- train score: 0.92156065840276, cost 503.93s 
-- test score: 0.51127143884153, cost 249.07s 
-- epoch 53 
-- finished epoch in 567.48s 
-- train score: 0.92294503149766, cost 503.21s 
-- test score: 0.5119903461025, cost 248.81s 
-- epoch 54 
-- finished epoch in 567.47s 
-- train score: 0.92745376955903, cost 504.08s 
-- test score: 0.51530245455479, cost 249.15s 
-- epoch 55 
-- finished epoch in 564.33s 
-- train score: 0.92732676285308, cost 505.94s 
-- test score: 0.51273492862278, cost 249.71s 
-- epoch 56 
-- finished epoch in 563.49s 
-- train score: 0.92711085145296, cost 504.65s 
-- test score: 0.51640649070556, cost 249.42s 
-- epoch 57 
-- finished epoch in 567.75s 
-- train score: 0.92679333468807, cost 504.58s 
-- test score: 0.5125038512889, cost 249.32s 
-- epoch 58 
-- finished epoch in 561.71s 
-- train score: 0.92843172119488, cost 504.46s 
-- test score: 0.51324843380918, cost 249.40s 
-- epoch 59 
-- finished epoch in 561.88s 
-- train score: 0.92777128632392, cost 504.78s 
-- test score: 0.5126322275855, cost 249.37s 
-- epoch 60 
-- finished epoch in 567.13s 
-- train score: 0.92882544198334, cost 504.17s 
-- test score: 0.51486597514635, cost 249.19s 
-- epoch 61 
-- finished epoch in 561.79s 
-- train score: 0.93170849420849, cost 504.75s 
-- test score: 0.51517407825819, cost 249.47s 
-- epoch 62 
-- finished epoch in 562.64s 
-- train score: 0.93074324324324, cost 496.07s 
-- test score: 0.51509705248023, cost 244.04s 
-- epoch 63 
-- finished epoch in 564.74s 
-- train score: 0.93167039219671, cost 523.38s 
-- test score: 0.51591866077847, cost 265.87s 
-- epoch 64 
-- finished epoch in 611.73s 
-- train score: 0.93333418004471, cost 505.16s 
-- test score: 0.51255520180754, cost 249.43s 
-- epoch 65 
-- finished epoch in 566.00s 
-- train score: 0.93007010770169, cost 504.54s 
-- test score: 0.51522542877683, cost 249.33s 
-- epoch 66 
-- finished epoch in 560.62s 
-- train score: 0.93325797602113, cost 504.18s 
-- test score: 0.51579028448187, cost 249.07s 
-- epoch 67 
-- finished epoch in 559.86s 
-- train score: 0.93478205649258, cost 503.18s 
-- test score: 0.51386464003286, cost 248.73s 
-- epoch 68 
-- finished epoch in 560.82s 
-- train score: 0.93207681365576, cost 497.95s 
-- test score: 0.51445517099723, cost 250.61s 
-- epoch 69 
-- finished epoch in 566.27s 
-- train score: 0.93653474903475, cost 501.96s 
-- test score: 0.51553353188867, cost 248.09s 
-- epoch 70 
-- finished epoch in 559.22s 
-- train score: 0.93567110343426, cost 501.25s 
-- test score: 0.51491732566499, cost 247.66s 
-- epoch 71 
-- finished epoch in 566.10s 
-- train score: 0.93507417191628, cost 501.46s 
-- test score: 0.51884564034097, cost 247.76s 
-- epoch 72 
-- finished epoch in 566.78s 
-- train score: 0.9344645397277, cost 502.67s 
-- test score: 0.51342816062442, cost 248.41s 
-- epoch 73 
-- finished epoch in 560.16s 
-- train score: 0.93733489128226, cost 502.26s 
-- test score: 0.51717674848516, cost 248.26s 
-- epoch 74 
-- finished epoch in 567.01s 
-- train score: 0.93690306848202, cost 502.41s 
-- test score: 0.51689432063264, cost 248.37s 
-- epoch 75 
-- finished epoch in 560.08s 
-- train score: 0.93949400528348, cost 502.53s 
-- test score: 0.51591866077847, cost 248.12s 
-- epoch 76 
-- finished epoch in 567.03s 
-- train score: 0.93814773420037, cost 502.54s 
-- test score: 0.51558488240731, cost 248.18s 
-- epoch 77 
-- finished epoch in 567.32s 
-- train score: 0.93995122942491, cost 503.48s 
-- test score: 0.51869158878505, cost 248.82s 
-- epoch 78 
-- finished epoch in 560.06s 
-- train score: 0.93842714895346, cost 503.42s 
-- test score: 0.51769025367156, cost 248.72s 
-- epoch 79 
-- finished epoch in 560.00s 
-- train score: 0.9400020321073, cost 503.80s 
-- test score: 0.51851186196981, cost 248.84s 
-- epoch 80 
-- finished epoch in 559.87s 
-- train score: 0.94317719975615, cost 503.63s 
-- test score: 0.51851186196981, cost 248.89s 
-- epoch 81 
-- finished epoch in 567.56s 
-- train score: 0.94151341190815, cost 502.21s 
-- test score: 0.51964157337989, cost 248.14s 
-- epoch 82 
-- finished epoch in 565.48s 
-- train score: 0.94407894736842, cost 507.70s 
-- test score: 0.51917941871213, cost 248.42s 
-- epoch 83 
-- finished epoch in 573.53s 
-- train score: 0.94227545214387, cost 506.06s 
-- test score: 0.52087398582726, cost 249.66s 
-- epoch 84 
-- finished epoch in 570.05s 
-- train score: 0.94090377971957, cost 504.81s 
-- test score: 0.52097668686454, cost 249.47s 
-- epoch 85 
-- finished epoch in 571.93s 
-- train score: 0.9441424507214, cost 505.56s 
-- test score: 0.51943617130533, cost 249.85s 
-- epoch 86 
-- finished epoch in 563.65s 
-- train score: 0.94263107092054, cost 504.86s 
-- test score: 0.51866591352573, cost 249.55s 
-- epoch 87 
-- finished epoch in 563.56s 
-- train score: 0.94287238366186, cost 504.94s 
-- test score: 0.51758755263428, cost 249.58s 
-- epoch 88 
-- finished epoch in 563.60s 
-- train score: 0.94575543588701, cost 505.06s 
-- test score: 0.51812673308, cost 249.52s 
-- epoch 89 
-- finished epoch in 569.93s 
-- train score: 0.94757163178216, cost 504.97s 
-- test score: 0.52000102701037, cost 249.37s 
-- epoch 90 
-- finished epoch in 563.34s 
-- train score: 0.94893060353587, cost 505.46s 
-- test score: 0.51753620211564, cost 249.43s 
-- epoch 91 
-- finished epoch in 562.75s 
-- train score: 0.94715250965251, cost 504.65s 
-- test score: 0.51866591352573, cost 249.31s 
-- epoch 92 
-- finished epoch in 563.08s 
-- train score: 0.94753352977037, cost 504.52s 
-- test score: 0.51917941871213, cost 249.33s 
-- epoch 93 
-- finished epoch in 563.08s 
-- train score: 0.94792725055883, cost 504.37s 
-- test score: 0.52048885693746, cost 249.22s 
-- epoch 94 
-- finished epoch in 569.44s 
-- train score: 0.95054358870148, cost 504.64s 
-- test score: 0.51943617130533, cost 249.41s 
-- epoch 95 
-- finished epoch in 563.27s 
-- train score: 0.94942592968909, cost 505.40s 
-- test score: 0.51917941871213, cost 249.84s 
-- epoch 96 
-- finished epoch in 569.41s 
-- train score: 0.94861308677098, cost 504.72s 
-- test score: 0.52048885693746, cost 249.20s 
