[program started on Mon Apr 25 07:01:12 2016] 
[command line arguments] 
rmdeter false 
model lstm 
im_fea VGG19-4096.npy 
epochs 80 
dataset COCOQA 
cuda true 
capopt origin 
caponly false 
modelclass ImageVQA 
dim 150 
imageonly false 
textonly false 
layers 1 
im_fea_dim 4096 
caption false 
[----------------------] 
-------------------------------------------------------------------------------- 
LSTM for VQA 
-------------------------------------------------------------------------------- 
loading COCOQA datasets 
loading features 
num train = 78736 
num test  = 38948 
-------------------------------------------------------------------------------- 
model configuration 
-------------------------------------------------------------------------------- 
max epochs                = 80 
num params                = 7046840 
num compositional params  = 5285130 
regularization strength   = 1.00e-04 
minibatch size            = 1 
learning rate             = 5.00e-02 
dropout                   = true 
cuda                      = true 
image (only) feature dim  = 4096 
-------------------------------------------------------------------------------- 
Training model 
-------------------------------------------------------------------------------- 
-- epoch 1 
-- finished epoch in 524.35s 
-- train score: 0.41660739687055, cost 478.33s 
-- test score: 0.33950395398994, cost 311.12s 
-- epoch 2 
-- finished epoch in 480.45s 
-- train score: 0.44946403170087, cost 470.37s 
-- test score: 0.35765636232926, cost 303.23s 
-- epoch 3 
-- finished epoch in 488.34s 
-- train score: 0.46022149969518, cost 470.26s 
-- test score: 0.35475505802609, cost 306.19s 
-- epoch 4 
-- finished epoch in 484.60s 
-- train score: 0.48914092664093, cost 470.24s 
-- test score: 0.3665143267947, cost 298.51s 
-- epoch 5 
-- finished epoch in 493.63s 
-- train score: 0.50455954074375, cost 483.93s 
-- test score: 0.37470473451782, cost 321.58s 
-- epoch 6 
-- finished epoch in 473.29s 
-- train score: 0.50742989229831, cost 484.30s 
-- test score: 0.37154667762144, cost 336.74s 
-- epoch 7 
-- finished epoch in 455.39s 
-- train score: 0.51032564519407, cost 484.19s 
-- test score: 0.36710485775906, cost 352.41s 
-- epoch 8 
-- finished epoch in 436.78s 
-- train score: 0.52302631578947, cost 484.09s 
-- test score: 0.36515353805073, cost 371.61s 
-- epoch 9 
-- finished epoch in 410.58s 
-- train score: 0.53050701077017, cost 484.00s 
-- test score: 0.37324124473657, cost 382.85s 
-- epoch 10 
-- finished epoch in 395.78s 
-- train score: 0.53783529770372, cost 483.97s 
-- test score: 0.37213720858581, cost 393.87s 
-- epoch 11 
-- finished epoch in 383.45s 
-- train score: 0.53596829912619, cost 483.92s 
-- test score: 0.3759628222245, cost 399.09s 
-- epoch 12 
-- finished epoch in 374.91s 
-- train score: 0.54441424507214, cost 484.12s 
-- test score: 0.37909520386156, cost 403.63s 
-- epoch 13 
-- finished epoch in 369.93s 
-- train score: 0.54587482219061, cost 484.26s 
-- test score: 0.37586012118722, cost 376.72s 
-- epoch 14 
-- finished epoch in 402.19s 
-- train score: 0.55183143669986, cost 483.73s 
-- test score: 0.37793981719215, cost 327.78s 
-- epoch 15 
-- finished epoch in 462.60s 
-- train score: 0.55101859378175, cost 483.82s 
-- test score: 0.37290746636541, cost 340.18s 
-- epoch 16 
-- finished epoch in 449.05s 
-- train score: 0.54770371875635, cost 489.15s 
-- test score: 0.37324124473657, cost 350.19s 
-- epoch 17 
-- finished epoch in 439.10s 
-- train score: 0.55546382849014, cost 484.09s 
-- test score: 0.37603984800246, cost 410.90s 
-- epoch 18 
-- finished epoch in 361.11s 
-- train score: 0.55990906319854, cost 483.84s 
-- test score: 0.37896682756496, cost 411.56s 
-- epoch 19 
-- finished epoch in 413.40s 
-- train score: 0.55804206462101, cost 484.73s 
-- test score: 0.37698983259731, cost 478.86s 
-- epoch 20 
-- finished epoch in 284.41s 
-- train score: 0.56738975817923, cost 482.62s 
-- test score: 0.37565471911266, cost 478.87s 
-- epoch 21 
-- finished epoch in 277.75s 
-- train score: 0.56566246697826, cost 483.23s 
-- test score: 0.37665605422615, cost 478.91s 
-- epoch 22 
-- finished epoch in 282.80s 
-- train score: 0.56611969111969, cost 482.95s 
-- test score: 0.37894115230564, cost 479.56s 
-- epoch 23 
-- finished epoch in 275.65s 
-- train score: 0.57258433245275, cost 482.78s 
-- test score: 0.37709253363459, cost 479.25s 
-- epoch 24 
-- finished epoch in 275.57s 
-- train score: 0.56425269254217, cost 482.96s 
-- test score: 0.37591147170586, cost 478.77s 
-- epoch 25 
-- finished epoch in 277.10s 
-- train score: 0.56548465758992, cost 483.23s 
-- test score: 0.37116154873164, cost 478.60s 
-- epoch 26 
-- finished epoch in 275.58s 
-- train score: 0.56717384677911, cost 482.85s 
-- test score: 0.36823456916915, cost 479.62s 
-- epoch 27 
-- finished epoch in 276.05s 
-- train score: 0.57428622231254, cost 482.89s 
-- test score: 0.37331827051453, cost 477.19s 
-- epoch 28 
-- finished epoch in 277.60s 
-- train score: 0.57075543588701, cost 482.97s 
-- test score: 0.37930060593612, cost 479.57s 
-- epoch 29 
-- finished epoch in 276.01s 
-- train score: 0.57722007722008, cost 482.22s 
-- test score: 0.38381945157646, cost 479.08s 
-- epoch 30 
-- finished epoch in 275.74s 
-- train score: 0.56714844543792, cost 483.20s 
-- test score: 0.36926157954195, cost 479.10s 
-- epoch 31 
-- finished epoch in 276.10s 
-- train score: 0.56895194066247, cost 483.21s 
-- test score: 0.37190613125193, cost 479.12s 
-- epoch 32 
-- finished epoch in 275.55s 
-- train score: 0.57069193253404, cost 484.17s 
-- test score: 0.37478176029578, cost 478.88s 
-- epoch 33 
-- finished epoch in 275.59s 
-- train score: 0.57451483438326, cost 482.72s 
-- test score: 0.37770873985827, cost 479.53s 
-- epoch 34 
-- finished epoch in 278.70s 
-- train score: 0.57469264377159, cost 482.65s 
-- test score: 0.378889801787, cost 477.41s 
-- epoch 35 
-- finished epoch in 296.06s 
-- train score: 0.57041251778094, cost 491.35s 
-- test score: 0.37629660059567, cost 479.89s 
-- epoch 36 
-- finished epoch in 281.63s 
-- train score: 0.5807635643162, cost 485.94s 
-- test score: 0.38423025572558, cost 478.05s 
-- epoch 37 
-- finished epoch in 276.73s 
-- train score: 0.57995072139809, cost 486.08s 
-- test score: 0.38127760090377, cost 479.91s 
-- epoch 38 
-- finished epoch in 306.07s 
-- train score: 0.57215250965251, cost 496.29s 
-- test score: 0.37380610044161, cost 466.02s 
-- epoch 39 
-- finished epoch in 286.19s 
-- train score: 0.58077626498679, cost 604.21s 
-- test score: 0.37439663140598, cost 355.16s 
-- epoch 40 
-- finished epoch in 275.95s 
-- train score: 0.58664397480187, cost 515.44s 
-- test score: 0.38302351853754, cost 445.02s 
-- epoch 41 
-- finished epoch in 276.89s 
-- train score: 0.58200823003455, cost 484.23s 
-- test score: 0.38091814727329, cost 477.70s 
-- epoch 42 
-- finished epoch in 287.58s 
-- train score: 0.58576762853079, cost 538.05s 
-- test score: 0.38654102906439, cost 424.24s 
-- epoch 43 
-- finished epoch in 279.30s 
-- train score: 0.58433245275351, cost 523.97s 
-- test score: 0.3803019410496, cost 427.12s 
-- epoch 44 
-- finished epoch in 300.69s 
-- train score: 0.58221144076407, cost 484.26s 
-- test score: 0.3753209407415, cost 455.89s 
-- epoch 45 
-- finished epoch in 284.06s 
-- train score: 0.58235114814062, cost 484.53s 
-- test score: 0.37686145630071, cost 479.16s 
-- epoch 46 
-- finished epoch in 285.08s 
-- train score: 0.58017933346881, cost 484.11s 
-- test score: 0.37611687378043, cost 479.17s 
-- epoch 47 
-- finished epoch in 280.19s 
-- train score: 0.57815992684414, cost 484.12s 
-- test score: 0.37190613125193, cost 479.38s 
-- epoch 48 
-- finished epoch in 291.73s 
-- train score: 0.57611511887828, cost 484.20s 
-- test score: 0.37270206429085, cost 480.24s 
-- epoch 49 
-- finished epoch in 276.20s 
-- train score: 0.59127971956919, cost 484.07s 
-- test score: 0.38207353394269, cost 477.30s 
-- epoch 50 
-- finished epoch in 282.11s 
-- train score: 0.58750762040236, cost 484.05s 
-- test score: 0.37688713156003, cost 479.74s 
-- epoch 51 
-- finished epoch in 277.43s 
-- train score: 0.5821352367405, cost 484.45s 
-- test score: 0.37236828591969, cost 479.60s 
-- epoch 52 
-- finished epoch in 276.08s 
-- train score: 0.58880308880309, cost 484.38s 
-- test score: 0.37742631200575, cost 479.31s 
-- epoch 53 
-- finished epoch in 285.98s 
-- train score: 0.58550091444828, cost 471.95s 
-- test score: 0.38358837424258, cost 471.99s 
-- epoch 54 
-- finished epoch in 281.94s 
-- train score: 0.57753759398496, cost 483.80s 
-- test score: 0.37121289925028, cost 478.41s 
-- epoch 55 
-- finished epoch in 284.35s 
-- train score: 0.59300701077017, cost 487.13s 
-- test score: 0.38279244120366, cost 473.05s 
-- epoch 56 
-- finished epoch in 279.22s 
-- train score: 0.5918131477342, cost 484.16s 
-- test score: 0.37783711615487, cost 479.11s 
-- epoch 57 
-- finished epoch in 276.19s 
