[program started on Sun Jan  3 17:55:11 2016] 
[command line arguments] 
[----------------------] 
-------------------------------------------------------------------------------- 
LSTM for VQA 
-------------------------------------------------------------------------------- 
loading COCOQA datasets 
Remove determiner done. 
loading features 
num train = 78736 
num test  = 38948 
-------------------------------------------------------------------------------- 
model configuration 
-------------------------------------------------------------------------------- 
max epochs                = 100 
num params                = 626450 
num compositional params  = 121200 
word vector dim           = 50 
LSTM memory dim           = 150 
LSTM structure            = lstm 
LSTM layers               = 1 
regularization strength   = 1.00e-04 
minibatch size            = 1 
learning rate             = 5.00e-02 
word vector learning rate = 1.00e-01 
dropout                   = true 
cuda                      = true 
image feature dim         = 1024 
-------------------------------------------------------------------------------- 
Training model 
-------------------------------------------------------------------------------- 
-- epoch 1 
-- finished epoch in 749.39s 
-- train score: 0.53692084942085, cost 805.25s 
-- test score: 0.45655746123036, cost 355.13s 
-- epoch 2 
-- finished epoch in 813.83s 
-- train score: 0.59662670188986, cost 763.41s 
-- test score: 0.48159083906747, cost 355.53s 
-- epoch 3 
-- finished epoch in 771.79s 
-- train score: 0.62604145498882, cost 769.24s 
-- test score: 0.49447981924617, cost 357.55s 
-- epoch 4 
-- finished epoch in 829.83s 
-- train score: 0.65377971956919, cost 756.13s 
-- test score: 0.50269590222861, cost 354.65s 
-- epoch 5 
-- finished epoch in 835.80s 
-- train score: 0.68405811826864, cost 749.81s 
-- test score: 0.51884564034097, cost 355.14s 
-- epoch 6 
-- finished epoch in 798.82s 
-- train score: 0.70148343832554, cost 756.18s 
-- test score: 0.52449419739139, cost 352.31s 
-- epoch 7 
-- finished epoch in 797.59s 
-- train score: 0.71498425116846, cost 766.37s 
-- test score: 0.53224812570607, cost 357.17s 
-- epoch 8 
-- finished epoch in 774.42s 
-- train score: 0.72471296484454, cost 769.18s 
-- test score: 0.53353188867208, cost 355.48s 
-- epoch 9 
-- finished epoch in 742.57s 
-- train score: 0.73883611054664, cost 786.14s 
-- test score: 0.54084933757831, cost 354.92s 
-- epoch 10 
-- finished epoch in 759.99s 
-- train score: 0.7488823409876, cost 790.94s 
-- test score: 0.54552223477457, cost 355.73s 
-- epoch 11 
-- finished epoch in 802.96s 
-- train score: 0.75755689900427, cost 777.58s 
-- test score: 0.5464465441101, cost 354.15s 
-- epoch 12 
-- finished epoch in 741.39s 
-- train score: 0.77241668360089, cost 786.82s 
-- test score: 0.54963027626579, cost 356.33s 
-- epoch 13 
-- finished epoch in 699.87s 
-- train score: 0.77425828083723, cost 806.26s 
-- test score: 0.55568963746534, cost 358.38s 
-- epoch 14 
-- finished epoch in 712.23s 
-- train score: 0.78217079861817, cost 831.31s 
-- test score: 0.55440587449933, cost 357.28s 
-- epoch 15 
-- finished epoch in 762.24s 
-- train score: 0.79028652712863, cost 809.52s 
-- test score: 0.55509910650098, cost 355.05s 
-- epoch 16 
-- finished epoch in 790.23s 
-- train score: 0.79343629343629, cost 787.86s 
-- test score: 0.55337886412653, cost 359.31s 
-- epoch 17 
-- finished epoch in 770.03s 
-- train score: 0.79715758992075, cost 781.55s 
-- test score: 0.56067063777344, cost 356.36s 
-- epoch 18 
-- finished epoch in 697.59s 
-- train score: 0.80562893720788, cost 804.00s 
-- test score: 0.55835986443463, cost 357.79s 
-- epoch 19 
-- finished epoch in 745.14s 
-- train score: 0.81081081081081, cost 810.73s 
-- test score: 0.56218547807333, cost 355.92s 
-- epoch 20 
-- finished epoch in 787.36s 
-- train score: 0.81679282666125, cost 789.09s 
-- test score: 0.56395707096642, cost 357.51s 
-- epoch 21 
-- finished epoch in 807.35s 
-- train score: 0.82075543588701, cost 808.71s 
-- test score: 0.56257060696313, cost 358.00s 
-- epoch 22 
-- finished epoch in 727.48s 
-- train score: 0.82325746799431, cost 789.56s 
-- test score: 0.56518948341378, cost 356.60s 
-- epoch 23 
-- finished epoch in 662.84s 
-- train score: 0.82616592156066, cost 826.76s 
-- test score: 0.56244223066653, cost 358.47s 
-- epoch 24 
-- finished epoch in 583.27s 
-- train score: 0.83068736029262, cost 870.45s 
-- test score: 0.56259628222245, cost 356.28s 
-- epoch 25 
-- finished epoch in 567.77s 
-- train score: 0.8349039829303, cost 857.02s 
-- test score: 0.56079901407004, cost 354.77s 
-- epoch 26 
-- finished epoch in 570.26s 
-- train score: 0.83802834789677, cost 878.16s 
-- test score: 0.56706377734415, cost 363.27s 
-- epoch 27 
-- finished epoch in 568.94s 
-- train score: 0.84199095712254, cost 832.95s 
-- test score: 0.56293006059361, cost 404.70s 
-- epoch 28 
-- finished epoch in 656.17s 
-- train score: 0.8448613086771, cost 877.23s 
-- test score: 0.56313546266817, cost 374.73s 
-- epoch 29 
-- finished epoch in 571.63s 
-- train score: 0.84530583214794, cost 849.16s 
-- test score: 0.56144089555305, cost 405.02s 
-- epoch 30 
-- finished epoch in 623.59s 
-- train score: 0.85198638488112, cost 853.54s 
-- test score: 0.56565163808154, cost 395.06s 
-- epoch 31 
-- finished epoch in 647.63s 
-- train score: 0.85569498069498, cost 885.98s 
-- test score: 0.56690972578823, cost 366.25s 
-- epoch 32 
-- finished epoch in 655.82s 
-- train score: 0.85907335907336, cost 894.15s 
-- test score: 0.56529218445106, cost 357.74s 
-- epoch 33 
-- finished epoch in 563.88s 
-- train score: 0.85466622637675, cost 876.23s 
-- test score: 0.56737188045599, cost 369.31s 
-- epoch 34 
-- finished epoch in 649.23s 
-- train score: 0.8606101402154, cost 887.08s 
-- test score: 0.56480435452398, cost 357.19s 
-- epoch 35 
-- finished epoch in 634.89s 
-- train score: 0.86481406218248, cost 892.28s 
-- test score: 0.56578001437815, cost 357.64s 
-- epoch 36 
-- finished epoch in 653.31s 
-- train score: 0.8655888030888, cost 893.67s 
-- test score: 0.56639622060183, cost 355.88s 
-- epoch 37 
-- finished epoch in 560.80s 
-- train score: 0.87054206462101, cost 819.10s 
-- test score: 0.56606244223067, cost 371.79s 
-- epoch 38 
-- finished epoch in 564.65s 
-- train score: 0.87320920544605, cost 811.25s 
-- test score: 0.56724350415939, cost 422.04s 
-- epoch 39 
-- finished epoch in 654.75s 
-- train score: 0.87332351148141, cost 849.34s 
-- test score: 0.56316113792749, cost 402.85s 
-- epoch 40 
-- finished epoch in 637.19s 
-- train score: 0.87520321072953, cost 864.37s 
-- test score: 0.56554893704426, cost 384.62s 
-- epoch 41 
-- finished epoch in 639.01s 
-- train score: 0.8749872993294, cost 903.15s 
-- test score: 0.56670432371367, cost 371.23s 
-- epoch 42 
-- finished epoch in 663.64s 
-- train score: 0.87856888843731, cost 897.45s 
-- test score: 0.56729485467803, cost 355.20s 
-- epoch 43 
-- finished epoch in 639.62s 
-- train score: 0.87826407234302, cost 881.37s 
-- test score: 0.56752593201191, cost 356.03s 
-- epoch 44 
-- finished epoch in 661.44s 
-- train score: 0.88278551107498, cost 897.44s 
-- test score: 0.56724350415939, cost 354.94s 
-- epoch 45 
-- finished epoch in 635.47s 
-- train score: 0.88364915667547, cost 885.67s 
-- test score: 0.56611379274931, cost 354.93s 
-- epoch 46 
-- finished epoch in 567.05s 
-- train score: 0.88728154846576, cost 882.41s 
-- test score: 0.5644449008935, cost 356.41s 
-- epoch 47 
-- finished epoch in 660.36s 
-- train score: 0.88912314570209, cost 896.65s 
-- test score: 0.5644449008935, cost 355.42s 
-- epoch 48 
-- finished epoch in 569.73s 
-- train score: 0.89063452550295, cost 872.67s 
-- test score: 0.56257060696313, cost 355.72s 
-- epoch 49 
-- finished epoch in 642.69s 
-- train score: 0.89251422475107, cost 884.95s 
-- test score: 0.56203142651741, cost 355.15s 
-- epoch 50 
-- finished epoch in 662.13s 
-- train score: 0.8946352367405, cost 875.13s 
-- test score: 0.56339221526137, cost 356.60s 
-- epoch 51 
-- finished epoch in 638.81s 
-- train score: 0.89448282869336, cost 875.86s 
-- test score: 0.56192872548013, cost 355.26s 
-- epoch 52 
-- finished epoch in 691.19s 
-- train score: 0.89417801259907, cost 872.12s 
-- test score: 0.56441922563418, cost 357.38s 
-- epoch 53 
-- finished epoch in 648.09s 
-- train score: 0.89528297094087, cost 862.50s 
-- test score: 0.56488138030194, cost 358.00s 
-- epoch 54 
-- finished epoch in 565.50s 
-- train score: 0.89397480186954, cost 883.28s 
-- test score: 0.56575433911883, cost 354.06s 
-- epoch 55 
-- finished epoch in 568.02s 
-- train score: 0.90116338142654, cost 880.00s 
-- test score: 0.56172332340557, cost 356.89s 
-- epoch 56 
-- finished epoch in 584.56s 
-- train score: 0.90357650883967, cost 874.08s 
-- test score: 0.56187737496149, cost 370.21s 
-- epoch 57 
-- finished epoch in 566.84s 
-- train score: 0.90391942694574, cost 831.78s 
-- test score: 0.56200575125809, cost 415.46s 
-- epoch 58 
-- finished epoch in 565.61s 
-- train score: 0.90272556390977, cost 800.24s 
-- test score: 0.56377734415118, cost 447.90s 
-- epoch 59 
-- finished epoch in 644.85s 
-- train score: 0.90551971144076, cost 825.87s 
-- test score: 0.56228817911061, cost 424.42s 
-- epoch 60 
-- finished epoch in 649.59s 
-- train score: 0.90555781345255, cost 840.09s 
-- test score: 0.56110711718188, cost 396.86s 
-- epoch 61 
-- finished epoch in 644.18s 
-- train score: 0.90822495427759, cost 897.31s 
-- test score: 0.56146657081237, cost 401.66s 
-- epoch 62 
-- finished epoch in 646.18s 
-- train score: 0.90696758788864, cost 892.47s 
-- test score: 0.56277600903769, cost 357.37s 
-- epoch 63 
-- finished epoch in 572.57s 
-- train score: 0.91005385084332, cost 856.53s 
-- test score: 0.56090171510732, cost 385.89s 
-- epoch 64 
-- finished epoch in 638.90s 
-- train score: 0.90963472871368, cost 879.84s 
-- test score: 0.56059361199548, cost 369.16s 
-- epoch 65 
-- finished epoch in 660.32s 
-- train score: 0.9123272708799, cost 875.33s 
-- test score: 0.56141522029372, cost 356.02s 
-- epoch 66 
-- finished epoch in 626.08s 
-- train score: 0.91507061572851, cost 889.52s 
-- test score: 0.55974632843792, cost 354.76s 
-- epoch 67 
-- finished epoch in 643.62s 
-- train score: 0.91414346677505, cost 937.31s 
-- test score: 0.55864229228715, cost 357.06s 
-- epoch 68 
-- finished epoch in 659.59s 
-- train score: 0.91333062385694, cost 882.31s 
-- test score: 0.55874499332443, cost 357.87s 
-- epoch 69 
-- finished epoch in 570.26s 
-- train score: 0.91554054054054, cost 885.99s 
-- test score: 0.55956660162268, cost 354.30s 
-- epoch 70 
-- finished epoch in 597.29s 
-- train score: 0.91692491363544, cost 885.44s 
-- test score: 0.55861661702783, cost 357.08s 
-- epoch 71 
-- finished epoch in 648.47s 
-- train score: 0.9175853485064, cost 885.01s 
-- test score: 0.56103009140392, cost 355.50s 
-- epoch 72 
-- finished epoch in 659.36s 
-- train score: 0.91855059947165, cost 893.93s 
-- test score: 0.55977200369724, cost 354.71s 
-- epoch 73 
-- finished epoch in 640.01s 
-- train score: 0.9200746799431, cost 888.51s 
-- test score: 0.56180034918353, cost 355.84s 
-- epoch 74 
-- finished epoch in 571.97s 
-- train score: 0.92121774029669, cost 894.95s 
-- test score: 0.56043956043956, cost 356.51s 
-- epoch 75 
-- finished epoch in 670.92s 
-- train score: 0.91853789880106, cost 886.77s 
-- test score: 0.56223682859197, cost 354.94s 
-- epoch 76 
-- finished epoch in 616.58s 
-- train score: 0.92361816703922, cost 888.55s 
-- test score: 0.55833418917531, cost 353.12s 
-- epoch 77 
-- finished epoch in 565.35s 
-- train score: 0.9217384677911, cost 875.89s 
-- test score: 0.55895039539899, cost 352.83s 
-- epoch 78 
-- finished epoch in 646.13s 
-- train score: 0.92354196301565, cost 873.16s 
-- test score: 0.5593355242888, cost 355.92s 
-- epoch 79 
-- finished epoch in 567.13s 
-- train score: 0.92116693761431, cost 878.81s 
-- test score: 0.56043956043956, cost 357.88s 
-- epoch 80 
-- finished epoch in 568.24s 
-- train score: 0.92512954684007, cost 822.60s 
-- test score: 0.55823148813803, cost 404.31s 
-- epoch 81 
-- finished epoch in 569.33s 
-- train score: 0.92415159520423, cost 789.93s 
-- test score: 0.5570504262093, cost 444.05s 
-- epoch 82 
-- finished epoch in 587.05s 
-- train score: 0.92392298313351, cost 765.97s 
-- test score: 0.55517613227894, cost 475.50s 
-- epoch 83 
-- finished epoch in 566.80s 
-- train score: 0.92567567567568, cost 721.52s 
-- test score: 0.55848824073123, cost 468.11s 
-- epoch 84 
-- finished epoch in 647.29s 
-- train score: 0.92511684616948, cost 722.54s 
-- test score: 0.55987470473452, cost 433.13s 
-- epoch 85 
-- finished epoch in 713.51s 
-- train score: 0.92580268238163, cost 714.92s 
-- test score: 0.55964362740064, cost 405.77s 
-- epoch 86 
-- finished epoch in 804.72s 
-- train score: 0.92594238975818, cost 718.00s 
-- test score: 0.55579233850262, cost 426.55s 
-- epoch 87 
-- finished epoch in 783.16s 
-- train score: 0.92722515748832, cost 717.75s 
-- test score: 0.55905309643627, cost 432.49s 
-- epoch 88 
-- finished epoch in 740.38s 
-- train score: 0.92852062588905, cost 732.22s 
-- test score: 0.5561517921331, cost 425.21s 
-- epoch 89 
-- finished epoch in 765.74s 
-- train score: 0.92648851859378, cost 716.47s 
-- test score: 0.55895039539899, cost 419.08s 
-- epoch 90 
-- finished epoch in 749.34s 
-- train score: 0.92932076813656, cost 727.04s 
-- test score: 0.55892472013967, cost 388.02s 
-- epoch 91 
-- finished epoch in 790.04s 
-- train score: 0.92824121113595, cost 725.75s 
-- test score: 0.55982335421588, cost 359.61s 
-- epoch 92 
-- finished epoch in 829.34s 
-- train score: 0.92994310099573, cost 736.33s 
-- test score: 0.55825716339735, cost 360.75s 
