[program started on Mon Jan 25 23:50:59 2016] 
[command line arguments] 
[----------------------] 
-------------------------------------------------------------------------------- 
LSTM for VQA with text only 
-------------------------------------------------------------------------------- 
loading COCOQA datasets 
Append captions with question done. 
Remove determiner done. 
num train = 78736 
num test  = 38948 
-------------------------------------------------------------------------------- 
model configuration 
-------------------------------------------------------------------------------- 
max epochs                = 25 
num params                = 186130 
num compositional params  = 121200 
word vector dim           = 50 
LSTM memory dim           = 150 
LSTM structure            = lstm 
LSTM layers               = 1 
regularization strength   = 1.00e-04 
minibatch size            = 1 
learning rate             = 5.00e-02 
word vector learning rate = 1.00e-01 
dropout                   = true 
cuda                      = true 
image feature dim         = [text only] 
-------------------------------------------------------------------------------- 
Training model 
-------------------------------------------------------------------------------- 
-- epoch 1 
-- finished epoch in 1010.85s 
-- train score: 0.32667394838447, cost 655.77s 
-- test score: 0.32135154565061, cost 324.07s 
-- epoch 2 
-- finished epoch in 997.57s 
-- train score: 0.5165997764682, cost 656.45s 
-- test score: 0.50544315497587, cost 324.49s 
-- epoch 3 
-- finished epoch in 994.13s 
-- train score: 0.57421001828897, cost 656.68s 
-- test score: 0.55330183834857, cost 324.51s 
-- epoch 4 
-- finished epoch in 992.23s 
-- train score: 0.62221855313961, cost 656.48s 
-- test score: 0.59312416555407, cost 324.49s 
-- epoch 5 
-- finished epoch in 1066.72s 
-- train score: 0.65240804714489, cost 656.63s 
-- test score: 0.6129454657492, cost 324.69s 
-- epoch 6 
-- finished epoch in 996.49s 
-- train score: 0.6728307254623, cost 656.80s 
-- test score: 0.61949265687583, cost 324.78s 
-- epoch 7 
-- finished epoch in 996.34s 
-- train score: 0.68969721601301, cost 656.81s 
-- test score: 0.6283762966006, cost 324.66s 
-- epoch 8 
-- finished epoch in 994.89s 
-- train score: 0.70183905710221, cost 656.66s 
-- test score: 0.62937763171408, cost 324.73s 
-- epoch 9 
-- finished epoch in 996.00s 
-- train score: 0.7176513919935, cost 656.87s 
-- test score: 0.64013556536921, cost 324.72s 
-- epoch 10 
-- finished epoch in 998.46s 
-- train score: 0.72845966267019, cost 658.56s 
-- test score: 0.64098284892677, cost 326.14s 
-- epoch 11 
-- finished epoch in 993.15s 
-- train score: 0.73928063401748, cost 659.70s 
-- test score: 0.64129095203862, cost 326.16s 
-- epoch 12 
-- finished epoch in 994.66s 
-- train score: 0.75081284291811, cost 659.63s 
-- test score: 0.64437198315703, cost 326.15s 
-- epoch 13 
-- finished epoch in 993.99s 
-- train score: 0.76004623044097, cost 659.88s 
-- test score: 0.64473143678751, cost 326.15s 
-- epoch 14 
-- finished epoch in 998.27s 
-- train score: 0.76748882340988, cost 659.26s 
-- test score: 0.64272876656054, cost 325.88s 
-- epoch 15 
-- finished epoch in 992.02s 
-- train score: 0.78039270473481, cost 659.31s 
-- test score: 0.64609222553148, cost 325.85s 
-- epoch 16 
-- finished epoch in 1037.32s 
-- train score: 0.78482523877261, cost 645.95s 
-- test score: 0.64457738523159, cost 319.20s 
-- epoch 17 
-- finished epoch in 987.80s 
-- train score: 0.79109937004674, cost 657.96s 
-- test score: 0.64516791619595, cost 325.05s 
-- epoch 18 
-- finished epoch in 993.31s 
-- train score: 0.80233946352367, cost 647.63s 
-- test score: 0.64378145219267, cost 320.28s 
-- epoch 19 
-- finished epoch in 988.06s 
-- train score: 0.80733082706767, cost 653.62s 
-- test score: 0.64606655027216, cost 326.01s 
-- epoch 20 
-- finished epoch in 996.30s 
-- train score: 0.81389707376549, cost 660.66s 
-- test score: 0.647016534867, cost 326.62s 
-- epoch 21 
-- finished epoch in 997.76s 
-- train score: 0.82033631375737, cost 660.87s 
-- test score: 0.64478278730615, cost 326.10s 
-- epoch 22 
-- finished epoch in 996.45s 
-- train score: 0.82423541963016, cost 659.55s 
-- test score: 0.64473143678751, cost 326.04s 
-- epoch 23 
-- finished epoch in 996.35s 
-- train score: 0.83316399105873, cost 659.65s 
-- test score: 0.64480846256547, cost 326.06s 
-- epoch 24 
-- finished epoch in 998.56s 
-- train score: 0.83857447673237, cost 658.84s 
-- test score: 0.64622060182808, cost 325.58s 
-- epoch 25 
-- finished epoch in 994.71s 
-- train score: 0.84341343222922, cost 658.53s 
-- test score: 0.6420355345589, cost 325.60s 
finished training in 49556.81s 
best dev score is: 0.647016534867 
writing model to ./done/vqalstm-COCOQA-lstm_textonly.l1.d150.e20.c1-2016-01-26T133703.t7 
