[program started on Wed Dec 30 01:56:17 2015] 
[command line arguments] 
[----------------------] 
-------------------------------------------------------------------------------- 
LSTM for VQA with text only 
-------------------------------------------------------------------------------- 
loading COCOQA datasets 
Append captions with question done. 
Remove determiner done. 
num train = 78736 
num test  = 38948 
-------------------------------------------------------------------------------- 
model configuration 
-------------------------------------------------------------------------------- 
max epochs                = 50 
num params                = 186130 
num compositional params  = 121200 
word vector dim           = 50 
LSTM memory dim           = 150 
LSTM structure            = lstm 
LSTM layers               = 1 
regularization strength   = 1.00e-04 
minibatch size            = 1 
learning rate             = 5.00e-02 
word vector learning rate = 1.00e-01 
dropout                   = true 
cuda                      = true 
image feature dim         = [text only] 
-------------------------------------------------------------------------------- 
Training model 
-------------------------------------------------------------------------------- 
-- epoch 1 
-- finished epoch in 3070.47s 
-- train score: 0.36405202194676, cost 1379.77s 
-- test score: 0.35642394988189, cost 681.65s 
