[program started on Tue Jan 12 18:29:45 2016] 
[command line arguments] 
[----------------------] 
-------------------------------------------------------------------------------- 
LSTM for VQA 
-------------------------------------------------------------------------------- 
loading COCOQA datasets 
Remove determiner done. 
loading features 
num train = 78736 
num test  = 38948 
-------------------------------------------------------------------------------- 
model configuration 
-------------------------------------------------------------------------------- 
max epochs                = 100 
num params                = 616130 
num compositional params  = 121200 
word vector dim           = 50 
LSTM memory dim           = 150 
LSTM structure            = lstm 
LSTM layers               = 1 
regularization strength   = 1.00e-04 
minibatch size            = 1 
learning rate             = 5.00e-02 
word vector learning rate = 1.00e-01 
dropout                   = true 
cuda                      = true 
image feature dim         = 1000 
-------------------------------------------------------------------------------- 
Training model 
-------------------------------------------------------------------------------- 
-- epoch 1 
-- finished epoch in 535.83s 
-- train score: 0.32346067872384, cost 490.14s 
-- test score: 0.30882201910239, cost 235.36s 
-- epoch 2 
-- finished epoch in 515.96s 
-- train score: 0.4084535663483, cost 478.22s 
-- test score: 0.37906952860224, cost 235.71s 
-- epoch 3 
-- finished epoch in 519.03s 
-- train score: 0.44280888030888, cost 475.80s 
-- test score: 0.40215158673103, cost 242.06s 
-- epoch 4 
-- finished epoch in 524.50s 
-- train score: 0.4723506401138, cost 483.44s 
-- test score: 0.42020129403307, cost 235.82s 
-- epoch 5 
-- finished epoch in 516.67s 
-- train score: 0.4933702499492, cost 475.96s 
-- test score: 0.43162678443052, cost 235.15s 
-- epoch 6 
-- finished epoch in 521.43s 
-- train score: 0.50712507620402, cost 476.37s 
-- test score: 0.43794289822327, cost 235.41s 
-- epoch 7 
-- finished epoch in 519.50s 
-- train score: 0.52423287949604, cost 475.46s 
-- test score: 0.44238471808565, cost 235.16s 
-- epoch 8 
-- finished epoch in 510.83s 
-- train score: 0.5353967689494, cost 491.39s 
-- test score: 0.44577385231591, cost 260.24s 
-- epoch 9 
-- finished epoch in 525.39s 
-- train score: 0.54713218857956, cost 488.51s 
-- test score: 0.44710896580055, cost 241.46s 
-- epoch 10 
-- finished epoch in 525.27s 
-- train score: 0.56036628733997, cost 476.69s 
-- test score: 0.44929136284276, cost 235.50s 
-- epoch 11 
-- finished epoch in 590.67s 
-- train score: 0.5702474090632, cost 485.19s 
-- test score: 0.44936838862073, cost 237.26s 
-- epoch 12 
-- finished epoch in 513.87s 
-- train score: 0.57902357244463, cost 477.03s 
-- test score: 0.44875218239704, cost 235.77s 
-- epoch 13 
-- finished epoch in 565.25s 
-- train score: 0.58917140825036, cost 475.16s 
-- test score: 0.45083187840197, cost 238.90s 
-- epoch 14 
-- finished epoch in 521.83s 
-- train score: 0.59536933550091, cost 479.26s 
-- test score: 0.45065215158673, cost 235.18s 
-- epoch 15 
-- finished epoch in 539.42s 
-- train score: 0.60173237146921, cost 527.01s 
-- test score: 0.44700626476327, cost 250.65s 
-- epoch 16 
-- finished epoch in 517.30s 
-- train score: 0.6125660434871, cost 477.21s 
-- test score: 0.44662113587347, cost 236.59s 
-- epoch 17 
-- finished epoch in 513.07s 
-- train score: 0.6183575492786, cost 511.31s 
-- test score: 0.44787922358016, cost 235.30s 
-- epoch 18 
-- finished epoch in 512.61s 
-- train score: 0.62406015037594, cost 476.87s 
-- test score: 0.448829208175, cost 235.57s 
-- epoch 19 
-- finished epoch in 512.76s 
-- train score: 0.63063909774436, cost 476.87s 
-- test score: 0.44872650713772, cost 235.61s 
-- epoch 20 
-- finished epoch in 537.11s 
-- train score: 0.63947876447876, cost 478.57s 
-- test score: 0.4489575844716, cost 235.54s 
-- epoch 21 
-- finished epoch in 517.60s 
-- train score: 0.64243802072749, cost 475.88s 
-- test score: 0.44526034712951, cost 235.48s 
-- epoch 22 
-- finished epoch in 556.56s 
-- train score: 0.64811522048364, cost 525.91s 
-- test score: 0.44379685734826, cost 259.86s 
-- epoch 23 
-- finished epoch in 604.03s 
-- train score: 0.65089666734404, cost 477.36s 
-- test score: 0.44574817705659, cost 235.66s 
-- epoch 24 
-- finished epoch in 511.94s 
-- train score: 0.66034596626702, cost 476.65s 
-- test score: 0.44336037793982, cost 243.31s 
-- epoch 25 
-- finished epoch in 511.46s 
-- train score: 0.66595966267019, cost 475.65s 
-- test score: 0.44538872342611, cost 235.12s 
-- epoch 26 
-- finished epoch in 517.14s 
-- train score: 0.67043029871977, cost 477.81s 
-- test score: 0.44418198623806, cost 235.00s 
-- epoch 27 
-- finished epoch in 517.14s 
-- train score: 0.67051920341394, cost 486.66s 
-- test score: 0.44271849645681, cost 244.47s 
-- epoch 28 
-- finished epoch in 566.09s 
-- train score: 0.67711085145296, cost 484.94s 
-- test score: 0.44156310978741, cost 235.66s 
-- epoch 29 
-- finished epoch in 525.19s 
-- train score: 0.68046382849014, cost 481.04s 
-- test score: 0.44033069734004, cost 235.65s 
-- epoch 30 
-- finished epoch in 517.57s 
-- train score: 0.68681416378785, cost 476.62s 
-- test score: 0.43766047037075, cost 235.61s 
