[program started on Mon Apr 25 07:00:57 2016] 
[command line arguments] 
rmdeter false 
model lstm 
im_fea VGG19-4096-relu.npy 
epochs 80 
dataset COCOQA 
cuda true 
capopt origin 
caponly false 
modelclass ImageVQA 
dim 150 
imageonly false 
textonly false 
layers 1 
im_fea_dim 4096 
caption false 
[----------------------] 
-------------------------------------------------------------------------------- 
LSTM for VQA 
-------------------------------------------------------------------------------- 
loading COCOQA datasets 
loading features 
num train = 78736 
num test  = 38948 
-------------------------------------------------------------------------------- 
model configuration 
-------------------------------------------------------------------------------- 
max epochs                = 80 
num params                = 7046840 
num compositional params  = 5285130 
regularization strength   = 1.00e-04 
minibatch size            = 1 
learning rate             = 5.00e-02 
dropout                   = true 
cuda                      = true 
image (only) feature dim  = 4096 
-------------------------------------------------------------------------------- 
Training model 
-------------------------------------------------------------------------------- 
-- epoch 1 
-- finished epoch in 528.24s 
-- train score: 0.49409418817314, cost 523.32s 
-- test score: 0.34374037177775, cost 233.13s 
-- epoch 2 
-- finished epoch in 479.73s 
-- train score: 0.58030634017476, cost 549.75s 
-- test score: 0.36189278011708, cost 232.73s 
-- epoch 3 
-- finished epoch in 488.26s 
-- train score: 0.62082147937411, cost 541.49s 
-- test score: 0.36774673924207, cost 232.62s 
-- epoch 4 
-- finished epoch in 484.26s 
-- train score: 0.65057915057915, cost 544.42s 
-- test score: 0.38094382253261, cost 232.93s 
-- epoch 5 
-- finished epoch in 492.37s 
-- train score: 0.6761583011583, cost 549.20s 
-- test score: 0.37421690459074, cost 239.08s 
-- epoch 6 
-- finished epoch in 472.76s 
-- train score: 0.69504419833367, cost 565.72s 
-- test score: 0.37524391496354, cost 239.05s 
-- epoch 7 
-- finished epoch in 454.49s 
-- train score: 0.71227900833164, cost 580.41s 
-- test score: 0.37873575023108, cost 239.47s 
-- epoch 8 
-- finished epoch in 435.26s 
-- train score: 0.72255385084332, cost 595.54s 
-- test score: 0.378889801787, cost 239.28s 
-- epoch 9 
-- finished epoch in 410.40s 
-- train score: 0.7284215606584, cost 614.74s 
-- test score: 0.38276676594434, cost 239.27s 
-- epoch 10 
-- finished epoch in 395.28s 
-- train score: 0.74149055070108, cost 626.20s 
-- test score: 0.38125192564445, cost 239.31s 
-- epoch 11 
-- finished epoch in 381.73s 
-- train score: 0.74366236537289, cost 636.67s 
-- test score: 0.37858169867516, cost 239.40s 
-- epoch 12 
-- finished epoch in 377.76s 
-- train score: 0.74984759195286, cost 642.03s 
-- test score: 0.38340864742734, cost 239.11s 
-- epoch 13 
-- finished epoch in 370.36s 
-- train score: 0.75984301971144, cost 647.58s 
-- test score: 0.3831005443155, cost 239.02s 
-- epoch 14 
-- finished epoch in 406.28s 
-- train score: 0.76214184108921, cost 621.99s 
-- test score: 0.38304919379686, cost 239.06s 
-- epoch 15 
-- finished epoch in 469.03s 
-- train score: 0.75627413127413, cost 572.83s 
-- test score: 0.38402485365102, cost 239.33s 
-- epoch 16 
-- finished epoch in 448.87s 
-- train score: 0.76499949197318, cost 581.16s 
-- test score: 0.38928828181165, cost 239.34s 
-- epoch 17 
-- finished epoch in 441.73s 
-- train score: 0.76756502743345, cost 590.57s 
-- test score: 0.39298551915374, cost 239.31s 
-- epoch 18 
-- finished epoch in 360.05s 
-- train score: 0.77250558829506, cost 653.45s 
-- test score: 0.38584779706275, cost 239.30s 
-- epoch 19 
-- finished epoch in 360.53s 
-- train score: 0.77306441780126, cost 629.99s 
-- test score: 0.38854369929136, cost 239.18s 
-- epoch 20 
-- finished epoch in 278.57s 
-- train score: 0.77328032920138, cost 717.92s 
-- test score: 0.38815857040156, cost 238.73s 
-- epoch 21 
-- finished epoch in 276.88s 
-- train score: 0.77909723633408, cost 721.08s 
-- test score: 0.39034096744377, cost 239.12s 
-- epoch 22 
-- finished epoch in 277.13s 
-- train score: 0.77503302174355, cost 717.89s 
-- test score: 0.38900585395913, cost 238.46s 
-- epoch 23 
-- finished epoch in 275.29s 
-- train score: 0.78431721194879, cost 720.98s 
-- test score: 0.38525726609839, cost 238.64s 
-- epoch 24 
-- finished epoch in 274.83s 
-- train score: 0.78369487908962, cost 721.41s 
-- test score: 0.38397350313238, cost 238.77s 
-- epoch 25 
-- finished epoch in 275.66s 
-- train score: 0.78753048160943, cost 720.40s 
-- test score: 0.38728561158468, cost 238.76s 
-- epoch 26 
-- finished epoch in 275.69s 
-- train score: 0.78821631782158, cost 720.81s 
-- test score: 0.39123960151998, cost 238.77s 
-- epoch 27 
-- finished epoch in 275.16s 
-- train score: 0.78778449502134, cost 721.56s 
-- test score: 0.39195850878094, cost 238.45s 
-- epoch 28 
-- finished epoch in 281.58s 
-- train score: 0.78855923592766, cost 720.49s 
-- test score: 0.38854369929136, cost 238.83s 
-- epoch 29 
-- finished epoch in 275.17s 
-- train score: 0.7892831741516, cost 721.38s 
-- test score: 0.39378145219267, cost 238.40s 
-- epoch 30 
-- finished epoch in 275.19s 
-- train score: 0.78826712050396, cost 721.23s 
-- test score: 0.39183013248434, cost 238.75s 
-- epoch 31 
-- finished epoch in 275.31s 
-- train score: 0.79540489737858, cost 721.26s 
-- test score: 0.38936530758961, cost 238.79s 
-- epoch 32 
-- finished epoch in 274.67s 
-- train score: 0.78890215403373, cost 721.20s 
-- test score: 0.38800451884564, cost 238.49s 
-- epoch 33 
-- finished epoch in 275.10s 
-- train score: 0.79555730542573, cost 721.99s 
-- test score: 0.38561671972887, cost 238.40s 
-- epoch 34 
-- finished epoch in 275.24s 
-- train score: 0.79487146921357, cost 720.29s 
-- test score: 0.38695183321352, cost 238.79s 
-- epoch 35 
-- finished epoch in 281.27s 
-- train score: 0.796459053038, cost 712.74s 
-- test score: 0.39162473040978, cost 240.35s 
-- epoch 36 
-- finished epoch in 278.43s 
-- train score: 0.79106126803495, cost 721.61s 
-- test score: 0.39496251412139, cost 240.30s 
-- epoch 37 
-- finished epoch in 283.81s 
-- train score: 0.79493497256655, cost 723.77s 
-- test score: 0.39008421485057, cost 240.20s 
-- epoch 38 
-- finished epoch in 276.99s 
-- train score: 0.79601452956716, cost 708.16s 
-- test score: 0.38949368388621, cost 239.32s 
-- epoch 39 
-- finished epoch in 277.95s 
-- train score: 0.78995630969315, cost 717.00s 
-- test score: 0.38697750847284, cost 239.12s 
-- epoch 40 
-- finished epoch in 285.82s 
-- train score: 0.79718299126194, cost 722.01s 
-- test score: 0.38946800862689, cost 239.47s 
-- epoch 41 
-- finished epoch in 284.39s 
-- train score: 0.80123450518187, cost 722.51s 
-- test score: 0.39100852418609, cost 239.41s 
-- epoch 42 
-- finished epoch in 281.74s 
-- train score: 0.79871977240398, cost 716.85s 
-- test score: 0.39334497278423, cost 239.26s 
-- epoch 43 
-- finished epoch in 279.71s 
-- train score: 0.78902916073969, cost 721.07s 
-- test score: 0.39460306049091, cost 239.26s 
-- epoch 44 
-- finished epoch in 312.25s 
-- train score: 0.79468095915464, cost 711.83s 
-- test score: 0.3869261579542, cost 239.56s 
-- epoch 45 
-- finished epoch in 341.74s 
-- train score: 0.799786628734, cost 720.35s 
-- test score: 0.39331929752491, cost 239.41s 
-- epoch 46 
-- finished epoch in 276.27s 
-- train score: 0.79602723023776, cost 719.55s 
-- test score: 0.39154770463182, cost 239.30s 
-- epoch 47 
-- finished epoch in 276.13s 
-- train score: 0.79814824222719, cost 720.07s 
-- test score: 0.39221526137414, cost 239.38s 
-- epoch 48 
-- finished epoch in 275.48s 
-- train score: 0.79545570006096, cost 716.21s 
-- test score: 0.38618157543391, cost 239.23s 
-- epoch 49 
-- finished epoch in 275.50s 
-- train score: 0.79428723836619, cost 722.95s 
-- test score: 0.38923693129301, cost 239.27s 
-- epoch 50 
-- finished epoch in 282.80s 
-- train score: 0.79797043283885, cost 720.01s 
-- test score: 0.38641265276779, cost 239.25s 
-- epoch 51 
-- finished epoch in 280.23s 
-- train score: 0.79915159520423, cost 722.22s 
-- test score: 0.38910855499641, cost 239.54s 
-- epoch 52 
-- finished epoch in 274.86s 
-- train score: 0.80134881121723, cost 721.88s 
-- test score: 0.39265174078258, cost 239.47s 
-- epoch 53 
-- finished epoch in 274.70s 
-- train score: 0.80106939646413, cost 711.28s 
-- test score: 0.3928057923385, cost 233.65s 
-- epoch 54 
-- finished epoch in 280.64s 
-- train score: 0.79808473887421, cost 715.39s 
-- test score: 0.39052069425901, cost 239.33s 
-- epoch 55 
-- finished epoch in 278.64s 
-- train score: 0.80110749847592, cost 718.78s 
-- test score: 0.39105987470473, cost 239.57s 
-- epoch 56 
-- finished epoch in 287.88s 
-- train score: 0.80228866084129, cost 721.45s 
-- test score: 0.3912652767793, cost 239.34s 
-- epoch 57 
-- finished epoch in 278.31s 
-- train score: 0.79822444625076, cost 722.79s 
-- test score: 0.39021259114717, cost 191.03s 
-- epoch 58 
