[program started on Sun Apr 24 05:10:09 2016] 
[command line arguments] 
rmdeter false 
model lstm 
im_fea VGG19-4096.npy 
epochs 80 
dataset COCOQA 
cuda true 
capopt origin 
caponly false 
modelclass ImageVQA 
dim 150 
imageonly false 
textonly false 
layers 1 
im_fea_dim 4096 
caption false 
[----------------------] 
-------------------------------------------------------------------------------- 
LSTM for VQA 
-------------------------------------------------------------------------------- 
loading COCOQA datasets 
loading features 
num train = 78736 
num test  = 38948 
-------------------------------------------------------------------------------- 
model configuration 
-------------------------------------------------------------------------------- 
max epochs                = 80 
num params                = 1761710 
num compositional params  = 0 
regularization strength   = 1.00e-04 
minibatch size            = 1 
learning rate             = 5.00e-02 
dropout                   = true 
cuda                      = true 
image (only) feature dim  = 4096 
-------------------------------------------------------------------------------- 
Training model 
-------------------------------------------------------------------------------- 
-- epoch 1 
-- finished epoch in 106.77s 
-- train score: 0.2793258484048, cost 332.60s 
-- test score: 0.2189842867413, cost 160.69s 
-- epoch 2 
-- finished epoch in 103.53s 
-- train score: 0.30122180451128, cost 324.74s 
-- test score: 0.23112868439971, cost 160.56s 
-- epoch 3 
-- finished epoch in 101.18s 
-- train score: 0.32048872180451, cost 325.30s 
-- test score: 0.23613535996714, cost 160.82s 
-- epoch 4 
-- finished epoch in 96.46s 
-- train score: 0.31488772607194, cost 326.79s 
-- test score: 0.2292030399507, cost 160.88s 
-- epoch 5 
-- finished epoch in 96.96s 
-- train score: 0.33569142450721, cost 325.04s 
-- test score: 0.24465954606142, cost 160.91s 
-- epoch 6 
-- finished epoch in 101.27s 
-- train score: 0.32977291200975, cost 515.31s 
-- test score: 0.23133408647427, cost 233.11s 
-- epoch 7 
-- finished epoch in 106.19s 
-- train score: 0.348442897785, cost 526.99s 
-- test score: 0.24093663346, cost 228.23s 
-- epoch 8 
-- finished epoch in 98.47s 
-- train score: 0.35130054866897, cost 528.86s 
-- test score: 0.24697031940023, cost 231.60s 
-- epoch 9 
-- finished epoch in 101.29s 
-- train score: 0.34472160130055, cost 530.97s 
-- test score: 0.24186094279552, cost 231.63s 
-- epoch 10 
-- finished epoch in 98.38s 
-- train score: 0.34148293029872, cost 529.70s 
-- test score: 0.23883126219575, cost 231.62s 
-- epoch 11 
-- finished epoch in 109.13s 
-- train score: 0.35367557407031, cost 531.01s 
-- test score: 0.23806100441614, cost 232.01s 
-- epoch 12 
-- finished epoch in 99.07s 
-- train score: 0.35880664499086, cost 530.14s 
-- test score: 0.2423487727226, cost 231.62s 
-- epoch 13 
-- finished epoch in 98.39s 
-- train score: 0.35409469619996, cost 516.12s 
-- test score: 0.23834343226867, cost 233.05s 
-- epoch 14 
-- finished epoch in 135.37s 
-- train score: 0.35403119284698, cost 521.74s 
-- test score: 0.23700831878402, cost 231.62s 
-- epoch 15 
-- finished epoch in 103.28s 
-- train score: 0.32802021946759, cost 494.95s 
-- test score: 0.2201396734107, cost 235.50s 
-- epoch 16 
-- finished epoch in 177.73s 
-- train score: 0.35290083316399, cost 522.43s 
-- test score: 0.2323867721064, cost 231.77s 
-- epoch 17 
-- finished epoch in 117.32s 
-- train score: 0.35546636862426, cost 528.38s 
-- test score: 0.23901098901099, cost 231.85s 
-- epoch 18 
-- finished epoch in 122.21s 
-- train score: 0.36161349319244, cost 520.11s 
-- test score: 0.23641778781966, cost 231.78s 
-- epoch 19 
-- finished epoch in 123.83s 
-- train score: 0.35194828286934, cost 528.40s 
-- test score: 0.23207866899456, cost 231.94s 
-- epoch 20 
-- finished epoch in 99.06s 
-- train score: 0.366147632595, cost 530.46s 
-- test score: 0.24034610249564, cost 231.76s 
-- epoch 21 
-- finished epoch in 100.84s 
-- train score: 0.35994970534444, cost 531.40s 
-- test score: 0.2363407620417, cost 231.56s 
-- epoch 22 
-- finished epoch in 127.80s 
-- train score: 0.36322647835806, cost 531.79s 
-- test score: 0.23700831878402, cost 228.37s 
-- epoch 23 
-- finished epoch in 110.51s 
-- train score: 0.36497917090022, cost 511.79s 
-- test score: 0.24150148916504, cost 231.82s 
-- epoch 24 
-- finished epoch in 102.88s 
-- train score: 0.36628733997155, cost 512.09s 
-- test score: 0.24442846872753, cost 246.23s 
-- epoch 25 
-- finished epoch in 130.20s 
-- train score: 0.3697419223735, cost 534.21s 
-- test score: 0.24329875731745, cost 232.08s 
-- epoch 26 
-- finished epoch in 99.87s 
-- train score: 0.36262954684007, cost 532.82s 
-- test score: 0.23849748382459, cost 231.91s 
-- epoch 27 
-- finished epoch in 105.22s 
-- train score: 0.34784596626702, cost 483.21s 
-- test score: 0.22178289000719, cost 235.22s 
-- epoch 28 
-- finished epoch in 100.69s 
-- train score: 0.36723989026621, cost 468.75s 
-- test score: 0.23944746841943, cost 294.54s 
-- epoch 29 
-- finished epoch in 99.94s 
-- train score: 0.36208341800447, cost 468.42s 
-- test score: 0.23456916914861, cost 292.13s 
-- epoch 30 
-- finished epoch in 103.67s 
-- train score: 0.37484759195286, cost 468.85s 
-- test score: 0.24029475197699, cost 291.44s 
-- epoch 31 
-- finished epoch in 117.35s 
-- train score: 0.33833316399106, cost 468.28s 
-- test score: 0.22106398274623, cost 235.82s 
-- epoch 32 
-- finished epoch in 167.49s 
-- train score: 0.37704480796586, cost 469.06s 
-- test score: 0.24774057717983, cost 295.58s 
-- epoch 33 
-- finished epoch in 109.27s 
-- train score: 0.36895448079659, cost 469.09s 
-- test score: 0.23474889596385, cost 231.25s 
-- epoch 34 
-- finished epoch in 193.24s 
-- train score: 0.37543182280024, cost 468.09s 
-- test score: 0.23952449419739, cost 237.43s 
-- epoch 35 
-- finished epoch in 185.57s 
-- train score: 0.37421255842308, cost 468.62s 
-- test score: 0.24335010783609, cost 244.34s 
-- epoch 36 
-- finished epoch in 183.02s 
-- train score: 0.37736232473075, cost 469.13s 
-- test score: 0.24026907671767, cost 247.37s 
-- epoch 37 
-- finished epoch in 177.45s 
-- train score: 0.37620656370656, cost 468.71s 
-- test score: 0.25195131970833, cost 245.44s 
-- epoch 38 
-- finished epoch in 174.22s 
-- train score: 0.36555070107702, cost 468.61s 
-- test score: 0.23523672589093, cost 235.31s 
-- epoch 39 
-- finished epoch in 193.62s 
-- train score: 0.38204887218045, cost 468.48s 
-- test score: 0.24953784533224, cost 235.03s 
-- epoch 40 
-- finished epoch in 188.91s 
-- train score: 0.39267933346881, cost 469.10s 
-- test score: 0.24940946903564, cost 232.66s 
-- epoch 41 
-- finished epoch in 191.62s 
-- train score: 0.38884373094899, cost 469.27s 
-- test score: 0.2494864948136, cost 231.86s 
-- epoch 42 
-- finished epoch in 195.52s 
-- train score: 0.38885643161959, cost 471.42s 
-- test score: 0.25207969600493, cost 231.91s 
-- epoch 43 
-- finished epoch in 194.69s 
-- train score: 0.39060912416176, cost 470.11s 
-- test score: 0.25492964978946, cost 231.74s 
-- epoch 44 
-- finished epoch in 184.37s 
-- train score: 0.39091394025605, cost 475.99s 
-- test score: 0.25364588682346, cost 231.85s 
-- epoch 45 
-- finished epoch in 186.20s 
-- train score: 0.3819218654745, cost 472.54s 
-- test score: 0.24966622162884, cost 231.59s 
-- epoch 46 
-- finished epoch in 180.27s 
-- train score: 0.36821784190205, cost 483.93s 
-- test score: 0.23644346307898, cost 231.66s 
-- epoch 47 
-- finished epoch in 194.29s 
-- train score: 0.38665921560658, cost 473.04s 
-- test score: 0.25487829927082, cost 231.74s 
-- epoch 48 
-- finished epoch in 176.64s 
-- train score: 0.37930552733184, cost 487.08s 
-- test score: 0.24499332443258, cost 231.70s 
-- epoch 49 
-- finished epoch in 162.81s 
-- train score: 0.38311572851047, cost 490.73s 
-- test score: 0.24820273184759, cost 231.90s 
-- epoch 50 
-- finished epoch in 215.08s 
-- train score: 0.38512243446454, cost 468.18s 
-- test score: 0.24938379377632, cost 228.65s 
-- epoch 51 
-- finished epoch in 98.67s 
-- train score: 0.39090123958545, cost 533.61s 
-- test score: 0.25852418609428, cost 232.38s 
-- epoch 52 
-- finished epoch in 110.10s 
-- train score: 0.375, cost 530.95s 
-- test score: 0.2413217623498, cost 232.25s 
-- epoch 53 
-- finished epoch in 103.18s 
-- train score: 0.38154084535663, cost 530.71s 
-- test score: 0.25002567525932, cost 232.37s 
-- epoch 54 
-- finished epoch in 100.13s 
-- train score: 0.387179943101, cost 525.60s 
-- test score: 0.25143781452193, cost 232.20s 
-- epoch 55 
-- finished epoch in 100.13s 
-- train score: 0.38264580369844, cost 529.34s 
-- test score: 0.24889596384923, cost 232.40s 
-- epoch 56 
-- finished epoch in 129.37s 
-- train score: 0.38503352977037, cost 521.90s 
-- test score: 0.24874191229331, cost 232.34s 
-- epoch 57 
-- finished epoch in 125.79s 
-- train score: 0.37746393009551, cost 518.02s 
-- test score: 0.24833110814419, cost 232.57s 
-- epoch 58 
-- finished epoch in 98.30s 
-- train score: 0.38568126397074, cost 532.18s 
-- test score: 0.25069323200164, cost 232.05s 
-- epoch 59 
-- finished epoch in 105.66s 
-- train score: 0.39500355618777, cost 523.86s 
-- test score: 0.25413371675054, cost 231.98s 
-- epoch 60 
-- finished epoch in 99.35s 
-- train score: 0.39133306238569, cost 534.07s 
-- test score: 0.25146348978125, cost 231.85s 
-- epoch 61 
-- finished epoch in 106.35s 
-- train score: 0.3766510871774, cost 528.31s 
-- test score: 0.24450549450549, cost 232.42s 
-- epoch 62 
-- finished epoch in 138.13s 
-- train score: 0.38089311115627, cost 508.07s 
-- test score: 0.24535277806306, cost 232.04s 
-- epoch 63 
-- finished epoch in 110.05s 
-- train score: 0.38927555374924, cost 526.45s 
-- test score: 0.24756085036459, cost 231.91s 
-- epoch 64 
-- finished epoch in 117.73s 
-- train score: 0.38159164803902, cost 529.56s 
-- test score: 0.24386361302249, cost 232.01s 
-- epoch 65 
-- finished epoch in 114.75s 
-- train score: 0.39041861410282, cost 500.97s 
-- test score: 0.25552018075383, cost 231.86s 
-- epoch 66 
-- finished epoch in 103.59s 
-- train score: 0.38682432432432, cost 526.12s 
-- test score: 0.24648248947314, cost 232.07s 
-- epoch 67 
-- finished epoch in 103.66s 
-- train score: 0.37259957325747, cost 501.55s 
-- test score: 0.23413268974017, cost 231.95s 
-- epoch 68 
-- finished epoch in 176.25s 
-- train score: 0.39361918309287, cost 530.95s 
-- test score: 0.2579079798706, cost 231.98s 
-- epoch 69 
-- finished epoch in 101.81s 
-- train score: 0.38839920747815, cost 533.04s 
-- test score: 0.25256752593201, cost 232.12s 
-- epoch 70 
-- finished epoch in 102.31s 
-- train score: 0.38921205039626, cost 530.34s 
-- test score: 0.24925541747972, cost 231.97s 
-- epoch 71 
-- finished epoch in 103.78s 
-- train score: 0.39509246088193, cost 530.06s 
-- test score: 0.25205402074561, cost 232.03s 
-- epoch 72 
-- finished epoch in 98.24s 
-- train score: 0.38232828693355, cost 530.10s 
-- test score: 0.24994864948136, cost 232.07s 
-- epoch 73 
-- finished epoch in 119.97s 
-- train score: 0.3849446250762, cost 525.79s 
-- test score: 0.24686761836295, cost 231.97s 
-- epoch 74 
-- finished epoch in 102.37s 
-- train score: 0.3949146514936, cost 525.04s 
-- test score: 0.25595666016227, cost 231.76s 
-- epoch 75 
-- finished epoch in 142.24s 
-- train score: 0.38013107092054, cost 523.18s 
-- test score: 0.24730409777139, cost 231.70s 
-- epoch 76 
-- finished epoch in 107.38s 
-- train score: 0.38194726681569, cost 531.60s 
-- test score: 0.24406901509705, cost 231.74s 
-- epoch 77 
-- finished epoch in 128.22s 
-- train score: 0.39621011989433, cost 504.68s 
-- test score: 0.25326075793366, cost 232.50s 
-- epoch 78 
-- finished epoch in 159.52s 
-- train score: 0.3843984962406, cost 517.23s 
-- test score: 0.24689329362227, cost 232.48s 
-- epoch 79 
-- finished epoch in 111.22s 
