[program started on Sat May  7 02:13:35 2016] 
[command line arguments] 
rmdeter true 
model gru 
im_fea GoogLeNet-1024.npy 
epochs 80 
dataset COCOQA 
cuda true 
capopt origin 
caponly false 
modelclass ConcatVQA 
dim 150 
imageonly false 
textonly false 
layers 1 
im_fea_dim 1024 
caption false 
[----------------------] 
-------------------------------------------------------------------------------- 
LSTM for VQA 
-------------------------------------------------------------------------------- 
loading COCOQA datasets 
Remove determiner done. 
loading features 
num train = 78736 
num test  = 38948 
-------------------------------------------------------------------------------- 
model configuration 
-------------------------------------------------------------------------------- 
max epochs                = 80 
num params                = 749530 
num compositional params  = 620100 
word vector dim           = 50 
LSTM memory dim           = 150 
LSTM structure            = gru 
LSTM layers               = 1 
regularization strength   = 1.00e-04 
minibatch size            = 1 
learning rate             = 5.00e-02 
word vector learning rate = 1.00e-01 
dropout                   = true 
cuda                      = true 
image feature dim         = 1024 
-------------------------------------------------------------------------------- 
Training model 
-------------------------------------------------------------------------------- 
-- epoch 1 
-- finished epoch in 534.26s 
-- train score: 0.47773572444625, cost 503.89s 
---- train score per type: 0.51592958975851, 0.36159728122345, 0.4008729611762, 0.39166666666667 
-- test score: 0.45586422922872, cost 248.67s 
---- test score per type: 0.49375137837242, 0.35898366606171, 0.36964203410662, 0.37409200968523 
-- epoch 2 
-- finished epoch in 505.46s 
-- train score: 0.54054054054054, cost 503.11s 
---- train score per type: 0.57737489089322, 0.43092608326253, 0.4655792939735, 0.456875 
-- test score: 0.50084728355756, cost 248.66s 
---- test score per type: 0.5378960523414, 0.42649727767695, 0.41112306037794, 0.41242937853107 
-- epoch 3 
-- finished epoch in 505.55s 
-- train score: 0.57456563706564, cost 502.89s 
---- train score per type: 0.61332557462904, 0.4553950722175, 0.49467799984685, 0.49395833333333 
-- test score: 0.52033480538153, cost 248.49s 
---- test score per type: 0.55730353598471, 0.43411978221416, 0.43355354125058, 0.43825665859564 
-- epoch 4 
-- finished epoch in 506.18s 
-- train score: 0.59883661857346, cost 503.58s 
---- train score per type: 0.63723814373, 0.46100254885302, 0.52607397197335, 0.52583333333333 
-- test score: 0.53122111533326, cost 248.91s 
---- test score per type: 0.56719106079541, 0.45226860254083, 0.44415424796436, 0.45278450363196 
-- epoch 5 
-- finished epoch in 508.77s 
-- train score: 0.62536831944727, cost 498.53s 
---- train score per type: 0.66753345941228, 0.47408666100255, 0.54429895091508, 0.54833333333333 
-- test score: 0.54547088425593, cost 246.75s 
---- test score per type: 0.58362126001617, 0.45480943738657, 0.45398678752497, 0.46771589991929 
-- epoch 6 
-- finished epoch in 510.70s 
-- train score: 0.6421459053038, cost 498.19s 
---- train score per type: 0.68188100087285, 0.49192863211555, 0.5682670954897, 0.57208333333333 
-- test score: 0.54888569374551, cost 249.02s 
---- test score per type: 0.58836286113357, 0.42794918330309, 0.46243662620986, 0.47699757869249 
-- epoch 7 
-- finished epoch in 510.57s 
-- train score: 0.66058727900833, cost 506.70s 
---- train score per type: 0.70348414314809, 0.48241291418862, 0.58534344130485, 0.59229166666667 
-- test score: 0.5558950395399, cost 248.06s 
---- test score per type: 0.59111960596927, 0.45916515426497, 0.47564910124443, 0.48748991121872 
-- epoch 8 
-- finished epoch in 512.47s 
-- train score: 0.67700924608819, cost 503.46s 
---- train score per type: 0.72121399476287, 0.49685641461342, 0.59705949919596, 0.60895833333333 
-- test score: 0.55874499332443, cost 248.78s 
---- test score per type: 0.59314121884878, 0.47005444646098, 0.47964357044093, 0.48748991121872 
-- epoch 9 
-- finished epoch in 512.94s 
-- train score: 0.68586161349319, cost 502.63s 
---- train score per type: 0.73212467267966, 0.48173322005098, 0.60464047783138, 0.62708333333333 
-- test score: 0.56388004518846, cost 248.73s 
---- test score per type: 0.59854443872675, 0.47078039927405, 0.48394530649869, 0.49677158999193 
-- epoch 10 
-- finished epoch in 505.73s 
-- train score: 0.70346474293843, cost 503.50s 
---- train score per type: 0.74798152458539, 0.52132540356839, 0.61620338463895, 0.65416666666667 
-- test score: 0.56752593201191, cost 248.07s 
---- test score per type: 0.60391090200691, 0.47949183303085, 0.48025810416347, 0.49515738498789 
-- epoch 11 
-- finished epoch in 514.41s 
-- train score: 0.72054714488925, cost 501.49s 
---- train score per type: 0.76703884201338, 0.53610875106202, 0.62493299640095, 0.67416666666667 
-- test score: 0.56595974119339, cost 247.84s 
---- test score per type: 0.59983091965008, 0.47477313974592, 0.48686434168075, 0.50322841000807 
-- epoch 12 
-- finished epoch in 513.92s 
-- train score: 0.7292471042471, cost 503.66s 
---- train score per type: 0.77591286005237, 0.54562446898896, 0.63289685274523, 0.681875 
-- test score: 0.56649892163911, cost 249.26s 
---- test score per type: 0.60041902521503, 0.47803992740472, 0.48824704255646, 0.49798224374496 
-- epoch 13 
-- finished epoch in 517.05s 
-- train score: 0.74382747409063, cost 513.01s 
---- train score per type: 0.78911478033168, 0.55344095157179, 0.65043265181101, 0.7125 
-- test score: 0.56744890623395, cost 246.57s 
---- test score per type: 0.60159523634492, 0.47223230490018, 0.48978337686281, 0.50242130750605 
-- epoch 14 
-- finished epoch in 513.51s 
-- train score: 0.75593121316806, cost 500.69s 
---- train score per type: 0.80248036077975, 0.57621070518267, 0.65479745769201, 0.718125 
-- test score: 0.56737188045599, cost 247.25s 
---- test score per type: 0.60214658531206, 0.46134301270417, 0.4928560454755, 0.49919289749798 
-- epoch 15 
-- finished epoch in 513.17s 
-- train score: 0.76473277789067, cost 503.04s 
---- train score per type: 0.81211812627291, 0.56346644010195, 0.66536488245654, 0.73895833333333 
-- test score: 0.56960562801684, cost 247.76s 
---- test score per type: 0.60097037418217, 0.48239564428312, 0.50099861729912, 0.50242130750605 
-- epoch 16 
-- finished epoch in 518.43s 
-- train score: 0.77228967689494, cost 502.26s 
---- train score per type: 0.82121035787024, 0.57604078164826, 0.6701125660464, 0.73041666666667 
-- test score: 0.56518948341378, cost 247.04s 
---- test score per type: 0.59740498419466, 0.46315789473684, 0.49562144722692, 0.50766747376917 
-- epoch 17 
-- finished epoch in 507.73s 
-- train score: 0.78449502133713, cost 502.61s 
---- train score per type: 0.83246654058772, 0.59320305862362, 0.67907190443372, 0.75625 
-- test score: 0.56773133408647, cost 246.70s 
---- test score per type: 0.59718444460781, 0.48166969147005, 0.50483945306499, 0.50524616626312 
-- epoch 18 
-- finished epoch in 513.51s 
-- train score: 0.79343629343629, cost 501.06s 
---- train score per type: 0.84110416060518, 0.61546304163127, 0.68006738647676, 0.77395833333333 
-- test score: 0.56500975659854, cost 247.55s 
---- test score per type: 0.59773579357495, 0.46170598911071, 0.49992318328468, 0.49152542372881 
-- epoch 19 
-- finished epoch in 511.80s 
-- train score: 0.80071377768746, cost 501.94s 
---- train score per type: 0.84997817864417, 0.58759558198811, 0.69323837966154, 0.79 
-- test score: 0.56601109171203, cost 247.85s 
---- test score per type: 0.59523634492391, 0.47477313974592, 0.50852665540022, 0.49757869249395 
-- epoch 20 
-- finished epoch in 512.15s 
-- train score: 0.80961694777484, cost 500.49s 
---- train score per type: 0.85852487634565, 0.61512319456245, 0.69890496975266, 0.78895833333333 
-- test score: 0.5641881483003, cost 247.14s 
---- test score per type: 0.59409689039183, 0.45843920145191, 0.51052388999846, 0.49435028248588 
-- epoch 21 
-- finished epoch in 516.24s 
-- train score: 0.81349065230644, cost 504.21s 
---- train score per type: 0.86161623508874, 0.61954120645709, 0.70104908492228, 0.80583333333333 
-- test score: 0.56416247304098, cost 249.29s 
---- test score per type: 0.59508931853268, 0.46460980036298, 0.50483945306499, 0.4911218724778 
-- epoch 22 
-- finished epoch in 511.14s 
-- train score: 0.82414651493599, cost 504.60s 
---- train score per type: 0.87409077684027, 0.62209005947324, 0.70763458151466, 0.81666666666667 
-- test score: 0.56719215364075, cost 249.25s 
---- test score per type: 0.59545688451077, 0.48602540834846, 0.51159932401291, 0.49313962873285 
-- epoch 23 
-- finished epoch in 510.91s 
-- train score: 0.82824883153831, cost 504.34s 
---- train score per type: 0.87547279604306, 0.65403568394223, 0.71138678306149, 0.81875 
-- test score: 0.56500975659854, cost 250.75s 
---- test score per type: 0.59391310740278, 0.46606170598911, 0.51006298970656, 0.50201775625504 
-- epoch 24 
-- finished epoch in 509.16s 
-- train score: 0.83553901646007, cost 508.29s 
---- train score per type: 0.88601978469596, 0.6499575191164, 0.71192281185389, 0.82104166666667 
-- test score: 0.56603676697135, cost 250.06s 
---- test score per type: 0.59442769977211, 0.47041742286751, 0.51267475802735, 0.50080710250202 
-- epoch 25 
-- finished epoch in 513.51s 
-- train score: 0.84294350741719, cost 499.45s 
---- train score per type: 0.89160241489671, 0.65913338997451, 0.72072899915767, 0.84333333333333 
-- test score: 0.56539488548834, cost 246.87s 
---- test score per type: 0.59328824524002, 0.47114337568058, 0.51421109233369, 0.49838579499596 
-- epoch 26 
-- finished epoch in 509.67s 
-- train score: 0.84792217029059, cost 500.81s 
---- train score per type: 0.89687590922316, 0.67017841971113, 0.72164790565893, 0.84854166666667 
-- test score: 0.56500975659854, cost 250.13s 
---- test score per type: 0.59266338307726, 0.47368421052632, 0.51728376094638, 0.48829701372074 
-- epoch 27 
-- finished epoch in 515.07s 
-- train score: 0.85131324933957, cost 501.64s 
---- train score per type: 0.89865798661624, 0.67816482582838, 0.72953518646144, 0.8525 
-- test score: 0.56198007599877, cost 247.64s 
---- test score per type: 0.58751745938396, 0.47259528130672, 0.51651559379321, 0.50040355125101 
-- epoch 28 
-- finished epoch in 514.47s 
-- train score: 0.8584129242024, cost 500.83s 
---- train score per type: 0.9055680826302, 0.69668649107901, 0.73305766138295, 0.8575 
-- test score: 0.56198007599877, cost 247.76s 
---- test score per type: 0.58979636844814, 0.44827586206897, 0.51789829466892, 0.49878934624697 
-- epoch 29 
-- finished epoch in 513.83s 
-- train score: 0.86397581792319, cost 503.13s 
---- train score per type: 0.91078702356706, 0.70909090909091, 0.73527835209434, 0.86770833333333 
-- test score: 0.5604909109582, cost 246.93s 
---- test score per type: 0.5876644857752, 0.46098003629764, 0.51159932401291, 0.50121065375303 
-- epoch 30 
-- finished epoch in 511.20s 
-- train score: 0.86349319244056, cost 499.47s 
---- train score per type: 0.91149621763166, 0.68581138487681, 0.74209357531205, 0.86166666666667 
-- test score: 0.56038820992092, cost 247.23s 
---- test score per type: 0.5872969197971, 0.45916515426497, 0.51697649408511, 0.49152542372881 
-- epoch 31 
-- finished epoch in 513.26s 
-- train score: 0.86743040032514, cost 502.73s 
---- train score per type: 0.91602414896712, 0.70195412064571, 0.73658013630446, 0.86958333333333 
-- test score: 0.55782068398891, cost 248.53s 
---- test score per type: 0.5841358523855, 0.46497277676951, 0.51344292518052, 0.48870056497175 
-- epoch 32 
-- finished epoch in 504.49s 
-- train score: 0.87360292623451, cost 522.00s 
---- train score per type: 0.92091576956648, 0.71129991503823, 0.7463052301095, 0.876875 
-- test score: 0.56095306562596, cost 247.88s 
---- test score per type: 0.5864882746453, 0.47041742286751, 0.51851282839146, 0.49273607748184 
-- epoch 33 
-- finished epoch in 512.67s 
-- train score: 0.87507620402357, cost 500.78s 
---- train score per type: 0.92217049752691, 0.71096006796941, 0.74753043877785, 0.88375 
-- test score: 0.56051658621752, cost 247.66s 
---- test score per type: 0.5849077409395, 0.48239564428312, 0.51789829466892, 0.49152542372881 
-- epoch 34 
-- finished epoch in 512.21s 
-- train score: 0.88121062792115, cost 499.82s 
---- train score per type: 0.92948065173116, 0.70637213254036, 0.75151236695, 0.89541666666667 
-- test score: 0.55920714799219, cost 247.07s 
---- test score per type: 0.58431963537455, 0.48094373865699, 0.51544015977877, 0.48547215496368 
-- epoch 35 
-- finished epoch in 513.50s 
-- train score: 0.88504623044097, cost 500.92s 
---- train score per type: 0.93080811754437, 0.73627867459643, 0.7564132016234, 0.893125 
-- test score: 0.55895039539899, cost 247.53s 
---- test score per type: 0.58398882599427, 0.48021778584392, 0.51344292518052, 0.4911218724778 
-- epoch 36 
-- finished epoch in 511.30s 
-- train score: 0.88502082909978, cost 500.55s 
---- train score per type: 0.92942609834158, 0.75072217502124, 0.75503484187151, 0.89458333333333 
-- test score: 0.55815446236007, cost 247.61s 
---- test score per type: 0.58487098434169, 0.44827586206897, 0.52127823014288, 0.48385794995964 
-- epoch 37 
-- finished epoch in 511.82s 
-- train score: 0.89176488518594, cost 500.06s 
---- train score per type: 0.93557244690137, 0.77213254035684, 0.75786813691707, 0.90083333333333 
-- test score: 0.55730717880251, cost 247.16s 
---- test score per type: 0.58204072631037, 0.46134301270417, 0.51851282839146, 0.49435028248588 
-- epoch 38 
-- finished epoch in 514.14s 
-- train score: 0.8935302783987, cost 500.18s 
---- train score per type: 0.93668169915624, 0.76499575191164, 0.76583199326135, 0.90416666666667 
-- test score: 0.55638286946698, cost 247.29s 
---- test score per type: 0.58248180548408, 0.45989110707804, 0.5151328929175, 0.48547215496368 
-- epoch 39 
-- finished epoch in 510.49s 
-- train score: 0.89477494411705, cost 499.94s 
---- train score per type: 0.93660896130346, 0.7802888700085, 0.76667432422084, 0.904375 
-- test score: 0.55841121495327, cost 247.10s 
---- test score per type: 0.58406233918988, 0.46388384754991, 0.52020279612844, 0.48224374495561 
-- epoch 40 
-- finished epoch in 513.39s 
-- train score: 0.89951229424914, cost 500.35s 
---- train score per type: 0.94313718359034, 0.77824978759558, 0.76782295734742, 0.90666666666667 
-- test score: 0.55884769436171, cost 247.31s 
---- test score per type: 0.5833272072337, 0.46823956442831, 0.52266093101859, 0.48587570621469 
-- epoch 41 
-- finished epoch in 515.05s 
-- train score: 0.90352570615729, cost 500.50s 
---- train score per type: 0.94475560081466, 0.78555649957519, 0.77884983536259, 0.915 
-- test score: 0.55671664783814, cost 247.41s 
---- test score per type: 0.58163640373447, 0.46243194192377, 0.51943462897527, 0.48587570621469 
-- epoch 42 
-- finished epoch in 513.66s 
-- train score: 0.90464336516968, cost 504.57s 
---- train score per type: 0.94517384346814, 0.78317757009346, 0.78466957653725, 0.915625 
-- test score: 0.55807743658211, cost 249.05s 
---- test score per type: 0.58288612805999, 0.46460980036298, 0.52143186357351, 0.48587570621469 
-- epoch 43 
-- finished epoch in 544.13s 
-- train score: 0.90324629140419, cost 552.90s 
---- train score per type: 0.94448283386674, 0.78657604078165, 0.77793092886132, 0.91479166666667 
-- test score: 0.5564085447263, cost 273.11s 
---- test score per type: 0.58130559435419, 0.46896551724138, 0.51805192809955, 0.48103309120258 
-- epoch 44 
-- finished epoch in 594.97s 
-- train score: 0.90943151798415, cost 552.94s 
---- train score per type: 0.94879255164388, 0.81053525913339, 0.78421012328662, 0.92041666666667 
-- test score: 0.55502208072302, cost 273.23s 
---- test score per type: 0.57990884363743, 0.4551724137931, 0.52097096328161, 0.48224374495561 
-- epoch 45 
-- finished epoch in 576.20s 
-- train score: 0.90700568990043, cost 499.11s 
---- train score per type: 0.94746508583067, 0.78521665250637, 0.78558848303852, 0.923125 
-- test score: 0.5560234158365, cost 246.61s 
---- test score per type: 0.5789899286922, 0.48021778584392, 0.52189276386542, 0.47780468119451 
-- epoch 46 
-- finished epoch in 509.79s 
-- train score: 0.91405456208088, cost 503.03s 
---- train score per type: 0.95270221123072, 0.82701784197111, 0.78612451183092, 0.92604166666667 
-- test score: 0.55176132278936, cost 248.30s 
---- test score per type: 0.57737263838859, 0.4464609800363, 0.52020279612844, 0.47054075867635 
-- epoch 47 
-- finished epoch in 564.66s 
-- train score: 0.91456258890469, cost 500.86s 
---- train score per type: 0.95275676462031, 0.81512319456245, 0.79347576384103, 0.92833333333333 
-- test score: 0.55396939509089, cost 247.33s 
---- test score per type: 0.57774020436668, 0.46315789473684, 0.52281456444922, 0.47578692493947 
-- epoch 48 
-- finished epoch in 513.21s 
-- train score: 0.91712812436497, cost 500.67s 
---- train score per type: 0.95510256037242, 0.83160577740017, 0.7916379508385, 0.92833333333333 
-- test score: 0.55604909109582, cost 247.32s 
---- test score per type: 0.58060721899581, 0.46243194192377, 0.52388999846367, 0.47497982243745 
-- epoch 49 
-- finished epoch in 514.59s 
-- train score: 0.91955395244869, cost 500.85s 
---- train score per type: 0.95673916205994, 0.84129141886151, 0.79240370625622, 0.93541666666667 
-- test score: 0.55440587449933, cost 247.56s 
---- test score per type: 0.57744615158421, 0.46860254083485, 0.52281456444922, 0.47982243744956 
-- epoch 50 
-- finished epoch in 514.85s 
-- train score: 0.92032869335501, cost 501.77s 
---- train score per type: 0.95828484143148, 0.82192013593883, 0.79975495826633, 0.93416666666667 
-- test score: 0.55425182294341, cost 247.74s 
---- test score per type: 0.57799750055135, 0.46134301270417, 0.52250729758796, 0.48022598870056 
-- epoch 51 
-- finished epoch in 514.02s 
-- train score: 0.92166226376753, cost 501.90s 
---- train score per type: 0.9582302880419, 0.83653355989805, 0.80128646910177, 0.93458333333333 
-- test score: 0.55348156516381, cost 247.83s 
---- test score per type: 0.57656399323679, 0.46787658802178, 0.51943462897527, 0.48466505246166 
-- epoch 52 
-- finished epoch in 514.17s 
-- train score: 0.92553596829913, cost 502.75s 
---- train score per type: 0.96023057899331, 0.85420560747664, 0.80764223906884, 0.93625 
-- test score: 0.55381534353497, cost 249.35s 
---- test score per type: 0.57788723075792, 0.45553539019964, 0.52327546474113, 0.47901533494754 
-- epoch 53 
-- finished epoch in 512.58s 
-- train score: 0.92493903678114, cost 500.47s 
---- train score per type: 0.96012147221414, 0.85335598980459, 0.80411976414733, 0.93833333333333 
-- test score: 0.55222347745712, cost 247.60s 
---- test score per type: 0.57704182900831, 0.4453720508167, 0.52158549700415, 0.47901533494754 
-- epoch 54 
-- finished epoch in 513.85s 
-- train score: 0.92902865271286, cost 500.60s 
---- train score per type: 0.96406750072738, 0.86372132540357, 0.80565127498277, 0.94333333333333 
-- test score: 0.55124781760296, cost 247.16s 
---- test score per type: 0.57388076159671, 0.46497277676951, 0.52204639729605, 0.47538337368846 
-- epoch 55 
-- finished epoch in 511.78s 
-- train score: 0.92924456411299, cost 499.96s 
---- train score per type: 0.96295824847251, 0.86728971962617, 0.81116471399035, 0.94020833333333 
-- test score: 0.55209510116052, cost 247.23s 
---- test score per type: 0.57498345953099, 0.45263157894737, 0.52634813335382, 0.47901533494754 
-- epoch 56 
-- finished epoch in 512.61s 
-- train score: 0.93037492379598, cost 500.46s 
---- train score per type: 0.96448574338086, 0.85607476635514, 0.81514664216249, 0.94416666666667 
-- test score: 0.55122214234364, cost 247.10s 
---- test score per type: 0.57461589355289, 0.46352087114338, 0.52035642955907, 0.47296206618241 
-- epoch 57 
-- finished epoch in 512.81s 
-- train score: 0.93161958951433, cost 500.35s 
---- train score per type: 0.96394020948502, 0.87884451996602, 0.81614212420553, 0.94020833333333 
-- test score: 0.55504775598234, cost 249.59s 
---- test score per type: 0.57792398735573, 0.46460980036298, 0.52680903364572, 0.47861178369653 
-- epoch 58 
-- finished epoch in 515.33s 
-- train score: 0.93488366185735, cost 500.24s 
---- train score per type: 0.96597686936282, 0.88954970263381, 0.82119610996248, 0.94354166666667 
-- test score: 0.55353291568245, cost 247.26s 
---- test score per type: 0.57674777622583, 0.45771324863884, 0.52419726532493, 0.48224374495561 
-- epoch 59 
-- finished epoch in 511.76s 
-- train score: 0.93551869538712, cost 500.34s 
---- train score per type: 0.96810445155659, 0.88988954970263, 0.81522321770427, 0.94541666666667 
-- test score: 0.55153024545548, cost 247.26s 
---- test score per type: 0.57472616334632, 0.44936479128857, 0.52542633277001, 0.47901533494754 
-- epoch 60 
-- finished epoch in 511.82s 
-- train score: 0.93607752489331, cost 502.28s 
---- train score per type: 0.96723159732325, 0.89515717926933, 0.82020062791944, 0.94458333333333 
-- test score: 0.55255725582828, cost 247.93s 
---- test score per type: 0.57421157097699, 0.46424682395644, 0.52619449992318, 0.48224374495561 
-- epoch 61 
-- finished epoch in 512.58s 
-- train score: 0.93847795163585, cost 500.48s 
---- train score per type: 0.96974105324411, 0.8803738317757, 0.82847078643081, 0.95083333333333 
-- test score: 0.55286535894013, cost 247.71s 
---- test score per type: 0.57615967066088, 0.45952813067151, 0.52296819787986, 0.47941888619855 
-- epoch 62 
-- finished epoch in 512.04s 
-- train score: 0.93964641333062, cost 501.79s 
---- train score per type: 0.9687409077684, 0.90263381478335, 0.83084462822574, 0.94770833333333 
-- test score: 0.55099106500976, cost 248.08s 
---- test score per type: 0.57310887304271, 0.45444646098004, 0.52650176678445, 0.47982243744956 
-- epoch 63 
-- finished epoch in 512.00s 
-- train score: 0.94021794350742, cost 503.70s 
---- train score per type: 0.96970468431772, 0.9000849617672, 0.83038517497511, 0.95041666666667 
-- test score: 0.55237752901304, cost 248.30s 
---- test score per type: 0.5754245387047, 0.45952813067151, 0.52266093101859, 0.48062953995157 
-- epoch 64 
-- finished epoch in 512.03s 
-- train score: 0.94124669782565, cost 501.41s 
---- train score per type: 0.97099578120454, 0.89294817332201, 0.83574546289915, 0.94666666666667 
