[program started on Thu Dec 24 03:55:03 2015] 
[command line arguments] 
[----------------------] 
-------------------------------------------------------------------------------- 
LSTM for VQA 
-------------------------------------------------------------------------------- 
loading COCOQA datasets 
Remove determiner done. 
num train = 78736 
num test  = 38948 
loading features 
-------------------------------------------------------------------------------- 
model configuration 
-------------------------------------------------------------------------------- 
max epochs                = 50 
num params                = 786130 
num compositional params  = 721200 
word vector dim           = 50 
LSTM memory dim           = 150 
LSTM structure            = lstm 
LSTM layers               = 1 
regularization strength   = 1.00e-04 
minibatch size            = 1 
learning rate             = 5.00e-02 
word vector learning rate = 1.00e-01 
dropout                   = true 
cuda                      = true 
image feature dim         = 1000 
-------------------------------------------------------------------------------- 
Training model 
-------------------------------------------------------------------------------- 
-- epoch 1 
-- finished epoch in 576.72s 
-- train score: 0.44500609632189, cost 509.73s 
-- test score: 0.4275187429393, cost 253.39s 
-- epoch 2 
-- finished epoch in 554.94s 
-- train score: 0.49451331030278, cost 514.22s 
-- test score: 0.46061415220294, cost 250.65s 
-- epoch 3 
-- finished epoch in 549.85s 
-- train score: 0.52442338955497, cost 511.46s 
-- test score: 0.48120571017767, cost 251.12s 
-- epoch 4 
-- finished epoch in 545.70s 
-- train score: 0.54897378581589, cost 527.20s 
-- test score: 0.49365821094793, cost 261.80s 
-- epoch 5 
-- finished epoch in 551.11s 
-- train score: 0.56764377159114, cost 508.64s 
-- test score: 0.50028242785252, cost 251.20s 
-- epoch 6 
-- finished epoch in 553.05s 
-- train score: 0.58237654948181, cost 527.24s 
-- test score: 0.5036972373421, cost 261.91s 
-- epoch 7 
-- finished epoch in 554.45s 
-- train score: 0.59628378378378, cost 532.67s 
-- test score: 0.51032145424669, cost 263.09s 
-- epoch 8 
-- finished epoch in 576.09s 
-- train score: 0.6067364356838, cost 509.89s 
-- test score: 0.50985929957893, cost 251.19s 
-- epoch 9 
-- finished epoch in 550.67s 
-- train score: 0.61914499085552, cost 526.99s 
-- test score: 0.5123754749923, cost 261.79s 
-- epoch 10 
-- finished epoch in 572.30s 
-- train score: 0.6291531192847, cost 529.99s 
-- test score: 0.51507137722091, cost 261.97s 
-- epoch 11 
-- finished epoch in 558.54s 
-- train score: 0.63833570412518, cost 514.03s 
-- test score: 0.51666324329876, cost 251.31s 
-- epoch 12 
-- finished epoch in 554.90s 
-- train score: 0.64665464336517, cost 511.86s 
-- test score: 0.51401869158878, cost 252.33s 
-- epoch 13 
-- finished epoch in 549.52s 
-- train score: 0.6581741515952, cost 512.59s 
-- test score: 0.51481462462771, cost 251.27s 
-- epoch 14 
-- finished epoch in 545.55s 
-- train score: 0.66310201178622, cost 516.92s 
-- test score: 0.51458354729383, cost 251.02s 
-- epoch 15 
-- finished epoch in 545.32s 
-- train score: 0.67279262345052, cost 510.53s 
-- test score: 0.51404436684811, cost 251.01s 
-- epoch 16 
-- finished epoch in 547.40s 
-- train score: 0.6778220890063, cost 531.23s 
-- test score: 0.51486597514635, cost 259.42s 
-- epoch 17 
-- finished epoch in 571.59s 
-- train score: 0.68155608616135, cost 504.52s 
-- test score: 0.51550785662935, cost 247.27s 
-- epoch 18 
-- finished epoch in 547.24s 
-- train score: 0.69024334484861, cost 500.33s 
-- test score: 0.51707404744788, cost 247.31s 
-- epoch 19 
-- finished epoch in 544.71s 
-- train score: 0.69992125584231, cost 501.53s 
-- test score: 0.51733080004108, cost 247.23s 
-- epoch 20 
-- finished epoch in 544.90s 
-- train score: 0.7057635643162, cost 500.42s 
-- test score: 0.51512272773955, cost 247.30s 
-- epoch 21 
-- finished epoch in 544.32s 
-- train score: 0.70684312131681, cost 500.38s 
-- test score: 0.51545650611071, cost 247.37s 
-- epoch 22 
-- finished epoch in 544.66s 
-- train score: 0.71774029668767, cost 500.38s 
-- test score: 0.51481462462771, cost 247.39s 
-- epoch 23 
-- finished epoch in 544.56s 
-- train score: 0.721245681772, cost 500.38s 
-- test score: 0.51663756803944, cost 247.34s 
-- epoch 24 
-- finished epoch in 544.62s 
-- train score: 0.72242684413737, cost 500.23s 
-- test score: 0.51432679470063, cost 247.17s 
-- epoch 25 
-- finished epoch in 545.43s 
-- train score: 0.72881528144686, cost 500.71s 
-- test score: 0.51597001129711, cost 247.49s 
-- epoch 26 
-- finished epoch in 544.67s 
-- train score: 0.73456868522658, cost 500.28s 
-- test score: 0.51317140803122, cost 247.54s 
-- epoch 27 
-- finished epoch in 544.88s 
-- train score: 0.73769305019305, cost 501.25s 
-- test score: 0.51630378966828, cost 247.14s 
-- epoch 28 
-- finished epoch in 544.71s 
-- train score: 0.74240499898395, cost 499.88s 
-- test score: 0.51476327410907, cost 248.10s 
-- epoch 29 
-- finished epoch in 544.88s 
-- train score: 0.75133357041252, cost 500.41s 
-- test score: 0.5137876142549, cost 247.23s 
-- epoch 30 
-- finished epoch in 544.74s 
-- train score: 0.75242582808372, cost 499.81s 
-- test score: 0.51286330491938, cost 247.22s 
-- epoch 31 
-- finished epoch in 544.55s 
-- train score: 0.74879343629344, cost 500.02s 
-- test score: 0.51227277395502, cost 247.20s 
-- epoch 32 
-- finished epoch in 546.82s 
-- train score: 0.75914448282869, cost 500.30s 
-- test score: 0.51258087706686, cost 247.44s 
-- epoch 33 
-- finished epoch in 552.18s 
-- train score: 0.76343730948994, cost 500.08s 
-- test score: 0.51183629454657, cost 247.29s 
-- epoch 34 
-- finished epoch in 544.99s 
-- train score: 0.76814925828084, cost 500.52s 
-- test score: 0.51304303173462, cost 247.42s 
-- epoch 35 
-- finished epoch in 548.04s 
-- train score: 0.77366134931924, cost 506.92s 
-- test score: 0.5121187223991, cost 249.61s 
-- epoch 36 
-- finished epoch in 543.37s 
-- train score: 0.77110851452957, cost 501.47s 
-- test score: 0.51484029988703, cost 247.74s 
-- epoch 37 
-- finished epoch in 543.81s 
-- train score: 0.76960983539931, cost 501.05s 
-- test score: 0.5094484954298, cost 247.58s 
-- epoch 38 
-- finished epoch in 543.73s 
-- train score: 0.78107854094696, cost 527.01s 
-- test score: 0.50934579439252, cost 248.22s 
-- epoch 39 
-- finished epoch in 544.10s 
-- train score: 0.77781446860394, cost 501.87s 
-- test score: 0.51342816062442, cost 248.18s 
-- epoch 40 
-- finished epoch in 544.39s 
-- train score: 0.77559185124975, cost 501.80s 
-- test score: 0.51294033069734, cost 248.11s 
-- epoch 41 
-- finished epoch in 544.63s 
-- train score: 0.78509195285511, cost 501.34s 
-- test score: 0.5122470986957, cost 249.19s 
-- epoch 42 
-- finished epoch in 556.75s 
-- train score: 0.79122637675269, cost 501.64s 
-- test score: 0.5126322275855, cost 248.12s 
-- epoch 43 
-- finished epoch in 546.40s 
-- train score: 0.79184870961187, cost 506.80s 
-- test score: 0.50949984594844, cost 247.17s 
